2021-07-14 13:18:49.005 [] INFO  - com.aceex.wscairu.WscairuApplication - Starting WscairuApplication on DESKTOP-QSSSMPN with PID 9204 (C:\Desenv\Spring\wscairu\target\classes started by Ivo Barbosa in C:\Desenv\Spring\wscairu)
2021-07-14 13:18:49.005 [] INFO  - com.aceex.wscairu.WscairuApplication - The following profiles are active: sql
2021-07-14 13:18:49.051 [] INFO  - org.springframework.boot.devtools.restart.ChangeableUrls - The Class-Path manifest attribute in C:\Users\Ivo Barbosa\.m2\repository\com\oracle\ojdbc\ojdbc8\19.3.0.0\ojdbc8-19.3.0.0.jar referenced one or more files that do not exist: file:/C:/Users/Ivo%20Barbosa/.m2/repository/com/oracle/ojdbc/ojdbc8/19.3.0.0/oraclepki.jar
2021-07-14 13:18:49.051 [] INFO  - org.springframework.boot.devtools.restart.ChangeableUrls - The Class-Path manifest attribute in C:\Users\Ivo Barbosa\.m2\repository\com\oracle\ojdbc\oraclepki\19.3.0.0\oraclepki-19.3.0.0.jar referenced one or more files that do not exist: file:/C:/Users/Ivo%20Barbosa/.m2/repository/com/oracle/ojdbc/oraclepki/19.3.0.0/osdt_core.jar,file:/C:/Users/Ivo%20Barbosa/.m2/repository/com/oracle/ojdbc/oraclepki/19.3.0.0/osdt_cert.jar,file:/C:/Users/Ivo%20Barbosa/.m2/repository/com/oracle/ojdbc/oraclepki/oracle.osdt/osdt_core.jar,file:/C:/Users/Ivo%20Barbosa/.m2/repository/com/oracle/ojdbc/oraclepki/oracle.osdt/osdt_cert.jar
2021-07-14 13:18:49.051 [] INFO  - org.springframework.boot.devtools.env.DevToolsPropertyDefaultsPostProcessor - Devtools property defaults active! Set 'spring.devtools.add-properties' to 'false' to disable
2021-07-14 13:18:49.051 [] INFO  - org.springframework.boot.devtools.env.DevToolsPropertyDefaultsPostProcessor - For additional web related logging consider setting the 'logging.level.web' property to 'DEBUG'
2021-07-14 13:18:49.845 [] INFO  - org.springframework.data.repository.config.RepositoryConfigurationDelegate - Bootstrapping Spring Data JPA repositories in DEFERRED mode.
2021-07-14 13:18:50.084 [] INFO  - org.springframework.data.repository.config.RepositoryConfigurationDelegate - Finished Spring Data repository scanning in 238ms. Found 51 JPA repository interfaces.
2021-07-14 13:18:50.716 [] INFO  - org.springframework.boot.web.embedded.tomcat.TomcatWebServer - Tomcat initialized with port(s): 8082 (http)
2021-07-14 13:18:50.716 [] INFO  - org.apache.catalina.core.StandardService - Starting service [Tomcat]
2021-07-14 13:18:50.716 [] INFO  - org.apache.catalina.core.StandardEngine - Starting Servlet engine: [Apache Tomcat/9.0.38]
2021-07-14 13:18:50.832 [] INFO  - org.apache.catalina.core.ContainerBase.[Tomcat].[localhost].[/] - Initializing Spring embedded WebApplicationContext
2021-07-14 13:18:50.832 [] INFO  - org.springframework.boot.web.servlet.context.ServletWebServerApplicationContext - Root WebApplicationContext: initialization completed in 1781 ms
2021-07-14 13:18:50.933 [] INFO  - com.zaxxer.hikari.HikariDataSource - HikariPool-1 - Starting...
2021-07-14 13:18:51.888 [] INFO  - com.zaxxer.hikari.HikariDataSource - HikariPool-1 - Start completed.
2021-07-14 13:18:51.900 [] INFO  - org.springframework.boot.autoconfigure.h2.H2ConsoleAutoConfiguration - H2 console available at '/h2-console'. Database available at 'jdbc:sqlserver://SRVBD:1433;useFmtOnly=false;useBulkCopyForBatchInsert=false;cancelQueryTimeout=-1;sslProtocol=TLS;jaasConfigurationName=SQLJDBCDriver;statementPoolingCacheSize=0;serverPreparedStatementDiscardThreshold=10;enablePrepareOnFirstPreparedStatementCall=false;fips=false;socketTimeout=0;authentication=NotSpecified;authenticationScheme=nativeAuthentication;xopenStates=false;sendTimeAsDatetime=true;trustStoreType=JKS;trustServerCertificate=false;TransparentNetworkIPResolution=true;serverNameAsACE=false;sendStringParametersAsUnicode=true;selectMethod=direct;responseBuffering=adaptive;queryTimeout=-1;packetSize=8000;multiSubnetFailover=false;loginTimeout=30;lockTimeout=-1;lastUpdateCount=true;encrypt=false;disableStatementPooling=true;databaseName=logixdsv;columnEncryptionSetting=Disabled;applicationName=Microsoft JDBC Driver for SQL Server;applicationIntent=readwrite;'
2021-07-14 13:18:52.051 [] INFO  - org.springframework.scheduling.concurrent.ThreadPoolTaskExecutor - Initializing ExecutorService 'applicationTaskExecutor'
2021-07-14 13:18:52.170 [] INFO  - org.hibernate.jpa.internal.util.LogHelper - HHH000204: Processing PersistenceUnitInfo [name: default]
2021-07-14 13:18:52.230 [] INFO  - org.hibernate.Version - HHH000412: Hibernate ORM core version 5.4.21.Final
2021-07-14 13:18:52.419 [] INFO  - org.hibernate.annotations.common.Version - HCANN000001: Hibernate Commons Annotations {5.1.0.Final}
2021-07-14 13:18:52.550 [] INFO  - org.springframework.security.web.DefaultSecurityFilterChain - Creating filter chain: any request, [org.springframework.security.web.context.request.async.WebAsyncManagerIntegrationFilter@57338099, org.springframework.security.web.context.SecurityContextPersistenceFilter@1b4f3e7f, org.springframework.security.web.header.HeaderWriterFilter@6bebcae6, org.springframework.web.filter.CorsFilter@4feba0f6, org.springframework.security.web.authentication.logout.LogoutFilter@69d740d6, com.aceex.wscairu.security.JWTAuthenticationFilter@2f2b00e1, com.aceex.wscairu.security.JWTAuthorizationFilter@5ad1dfdd, org.springframework.security.web.savedrequest.RequestCacheAwareFilter@5623bf69, org.springframework.security.web.servletapi.SecurityContextHolderAwareRequestFilter@56f18654, org.springframework.security.web.authentication.AnonymousAuthenticationFilter@112dab56, org.springframework.security.web.session.SessionManagementFilter@1afbd490, org.springframework.security.web.access.ExceptionTranslationFilter@1943e59e, org.springframework.security.web.access.intercept.FilterSecurityInterceptor@4f5650f9]
2021-07-14 13:18:52.607 [] INFO  - org.hibernate.dialect.Dialect - HHH000400: Using dialect: org.hibernate.dialect.SQLServer2012Dialect
2021-07-14 13:18:54.041 [] INFO  - org.hibernate.engine.transaction.jta.platform.internal.JtaPlatformInitiator - HHH000490: Using JtaPlatform implementation: [org.hibernate.engine.transaction.jta.platform.internal.NoJtaPlatform]
2021-07-14 13:18:54.041 [] INFO  - org.springframework.orm.jpa.LocalContainerEntityManagerFactoryBean - Initialized JPA EntityManagerFactory for persistence unit 'default'
2021-07-14 13:18:55.931 [] INFO  - org.springframework.boot.devtools.autoconfigure.OptionalLiveReloadServer - LiveReload server is running on port 35729
2021-07-14 13:18:55.985 [] INFO  - org.springframework.boot.web.embedded.tomcat.TomcatWebServer - Tomcat started on port(s): 8082 (http) with context path ''
2021-07-14 13:18:55.985 [] INFO  - o.s.data.repository.config.DeferredRepositoryInitializationListener - Triggering deferred initialization of Spring Data repositories…
2021-07-14 13:18:56.263 [] INFO  - org.springframework.orm.jpa.LocalContainerEntityManagerFactoryBean - Closing JPA EntityManagerFactory for persistence unit 'default'
2021-07-14 13:18:56.270 [] INFO  - org.springframework.scheduling.concurrent.ThreadPoolTaskExecutor - Shutting down ExecutorService 'applicationTaskExecutor'
2021-07-14 13:18:56.270 [] INFO  - com.zaxxer.hikari.HikariDataSource - HikariPool-1 - Shutdown initiated...
2021-07-14 13:18:56.270 [] INFO  - com.zaxxer.hikari.HikariDataSource - HikariPool-1 - Shutdown completed.
2021-07-14 13:18:56.541 [] INFO  - org.apache.catalina.core.StandardService - Stopping service [Tomcat]
2021-07-14 13:18:56.586 [] INFO  - o.s.boot.autoconfigure.logging.ConditionEvaluationReportLoggingListener - 

Error starting ApplicationContext. To display the conditions report re-run your application with 'debug' enabled.
2021-07-14 13:36:53.441 [] INFO  - com.aceex.wscairu.WscairuApplication - Starting WscairuApplication on DESKTOP-QSSSMPN with PID 5944 (C:\Desenv\Spring\wscairu\target\classes started by Ivo Barbosa in C:\Desenv\Spring\wscairu)
2021-07-14 13:36:53.441 [] INFO  - com.aceex.wscairu.WscairuApplication - The following profiles are active: sql
2021-07-14 13:36:53.469 [] INFO  - org.springframework.boot.devtools.restart.ChangeableUrls - The Class-Path manifest attribute in C:\Users\Ivo Barbosa\.m2\repository\com\oracle\ojdbc\ojdbc8\19.3.0.0\ojdbc8-19.3.0.0.jar referenced one or more files that do not exist: file:/C:/Users/Ivo%20Barbosa/.m2/repository/com/oracle/ojdbc/ojdbc8/19.3.0.0/oraclepki.jar
2021-07-14 13:36:53.484 [] INFO  - org.springframework.boot.devtools.restart.ChangeableUrls - The Class-Path manifest attribute in C:\Users\Ivo Barbosa\.m2\repository\com\oracle\ojdbc\oraclepki\19.3.0.0\oraclepki-19.3.0.0.jar referenced one or more files that do not exist: file:/C:/Users/Ivo%20Barbosa/.m2/repository/com/oracle/ojdbc/oraclepki/19.3.0.0/osdt_core.jar,file:/C:/Users/Ivo%20Barbosa/.m2/repository/com/oracle/ojdbc/oraclepki/19.3.0.0/osdt_cert.jar,file:/C:/Users/Ivo%20Barbosa/.m2/repository/com/oracle/ojdbc/oraclepki/oracle.osdt/osdt_core.jar,file:/C:/Users/Ivo%20Barbosa/.m2/repository/com/oracle/ojdbc/oraclepki/oracle.osdt/osdt_cert.jar
2021-07-14 13:36:53.484 [] INFO  - org.springframework.boot.devtools.env.DevToolsPropertyDefaultsPostProcessor - Devtools property defaults active! Set 'spring.devtools.add-properties' to 'false' to disable
2021-07-14 13:36:53.484 [] INFO  - org.springframework.boot.devtools.env.DevToolsPropertyDefaultsPostProcessor - For additional web related logging consider setting the 'logging.level.web' property to 'DEBUG'
2021-07-14 13:36:54.186 [] INFO  - org.springframework.data.repository.config.RepositoryConfigurationDelegate - Bootstrapping Spring Data JPA repositories in DEFERRED mode.
2021-07-14 13:36:54.418 [] INFO  - org.springframework.data.repository.config.RepositoryConfigurationDelegate - Finished Spring Data repository scanning in 223ms. Found 51 JPA repository interfaces.
2021-07-14 13:36:54.989 [] INFO  - org.springframework.boot.web.embedded.tomcat.TomcatWebServer - Tomcat initialized with port(s): 8082 (http)
2021-07-14 13:36:54.989 [] INFO  - org.apache.catalina.core.StandardService - Starting service [Tomcat]
2021-07-14 13:36:54.989 [] INFO  - org.apache.catalina.core.StandardEngine - Starting Servlet engine: [Apache Tomcat/9.0.38]
2021-07-14 13:36:55.104 [] INFO  - org.apache.catalina.core.ContainerBase.[Tomcat].[localhost].[/] - Initializing Spring embedded WebApplicationContext
2021-07-14 13:36:55.104 [] INFO  - org.springframework.boot.web.servlet.context.ServletWebServerApplicationContext - Root WebApplicationContext: initialization completed in 1620 ms
2021-07-14 13:36:55.205 [] INFO  - com.zaxxer.hikari.HikariDataSource - HikariPool-1 - Starting...
2021-07-14 13:37:25.897 [] INFO  - org.springframework.scheduling.concurrent.ThreadPoolTaskExecutor - Initializing ExecutorService 'applicationTaskExecutor'
2021-07-14 13:37:25.958 [] INFO  - org.hibernate.jpa.internal.util.LogHelper - HHH000204: Processing PersistenceUnitInfo [name: default]
2021-07-14 13:37:26.011 [] INFO  - org.hibernate.Version - HHH000412: Hibernate ORM core version 5.4.21.Final
2021-07-14 13:37:26.159 [] INFO  - org.hibernate.annotations.common.Version - HCANN000001: Hibernate Commons Annotations {5.1.0.Final}
2021-07-14 13:37:26.259 [] INFO  - com.zaxxer.hikari.HikariDataSource - HikariPool-1 - Starting...
2021-07-14 13:37:26.296 [] INFO  - org.springframework.security.web.DefaultSecurityFilterChain - Creating filter chain: any request, [org.springframework.security.web.context.request.async.WebAsyncManagerIntegrationFilter@31249962, org.springframework.security.web.context.SecurityContextPersistenceFilter@4e203c6b, org.springframework.security.web.header.HeaderWriterFilter@4d9333d, org.springframework.web.filter.CorsFilter@552f6074, org.springframework.security.web.authentication.logout.LogoutFilter@7c7dff9d, com.aceex.wscairu.security.JWTAuthenticationFilter@799c70d2, com.aceex.wscairu.security.JWTAuthorizationFilter@444853e8, org.springframework.security.web.savedrequest.RequestCacheAwareFilter@622001ae, org.springframework.security.web.servletapi.SecurityContextHolderAwareRequestFilter@542290e, org.springframework.security.web.authentication.AnonymousAuthenticationFilter@51b22d8a, org.springframework.security.web.session.SessionManagementFilter@60807a1a, org.springframework.security.web.access.ExceptionTranslationFilter@6750a365, org.springframework.security.web.access.intercept.FilterSecurityInterceptor@571a319c]
2021-07-14 13:37:42.880 [] INFO  - com.aceex.wscairu.WscairuApplication - Starting WscairuApplication on DESKTOP-QSSSMPN with PID 192 (C:\Desenv\Spring\wscairu\target\classes started by Ivo Barbosa in C:\Desenv\Spring\wscairu)
2021-07-14 13:37:42.880 [] INFO  - com.aceex.wscairu.WscairuApplication - The following profiles are active: sql
2021-07-14 13:37:42.908 [] INFO  - org.springframework.boot.devtools.restart.ChangeableUrls - The Class-Path manifest attribute in C:\Users\Ivo Barbosa\.m2\repository\com\oracle\ojdbc\ojdbc8\19.3.0.0\ojdbc8-19.3.0.0.jar referenced one or more files that do not exist: file:/C:/Users/Ivo%20Barbosa/.m2/repository/com/oracle/ojdbc/ojdbc8/19.3.0.0/oraclepki.jar
2021-07-14 13:37:42.908 [] INFO  - org.springframework.boot.devtools.restart.ChangeableUrls - The Class-Path manifest attribute in C:\Users\Ivo Barbosa\.m2\repository\com\oracle\ojdbc\oraclepki\19.3.0.0\oraclepki-19.3.0.0.jar referenced one or more files that do not exist: file:/C:/Users/Ivo%20Barbosa/.m2/repository/com/oracle/ojdbc/oraclepki/19.3.0.0/osdt_core.jar,file:/C:/Users/Ivo%20Barbosa/.m2/repository/com/oracle/ojdbc/oraclepki/19.3.0.0/osdt_cert.jar,file:/C:/Users/Ivo%20Barbosa/.m2/repository/com/oracle/ojdbc/oraclepki/oracle.osdt/osdt_core.jar,file:/C:/Users/Ivo%20Barbosa/.m2/repository/com/oracle/ojdbc/oraclepki/oracle.osdt/osdt_cert.jar
2021-07-14 13:37:42.908 [] INFO  - org.springframework.boot.devtools.env.DevToolsPropertyDefaultsPostProcessor - Devtools property defaults active! Set 'spring.devtools.add-properties' to 'false' to disable
2021-07-14 13:37:42.924 [] INFO  - org.springframework.boot.devtools.env.DevToolsPropertyDefaultsPostProcessor - For additional web related logging consider setting the 'logging.level.web' property to 'DEBUG'
2021-07-14 13:37:43.610 [] INFO  - org.springframework.data.repository.config.RepositoryConfigurationDelegate - Bootstrapping Spring Data JPA repositories in DEFERRED mode.
2021-07-14 13:37:43.842 [] INFO  - org.springframework.data.repository.config.RepositoryConfigurationDelegate - Finished Spring Data repository scanning in 223ms. Found 51 JPA repository interfaces.
2021-07-14 13:37:44.512 [] INFO  - org.springframework.boot.web.embedded.tomcat.TomcatWebServer - Tomcat initialized with port(s): 8082 (http)
2021-07-14 13:37:44.512 [] INFO  - org.apache.catalina.core.StandardService - Starting service [Tomcat]
2021-07-14 13:37:44.512 [] INFO  - org.apache.catalina.core.StandardEngine - Starting Servlet engine: [Apache Tomcat/9.0.38]
2021-07-14 13:37:44.613 [] INFO  - org.apache.catalina.core.ContainerBase.[Tomcat].[localhost].[/] - Initializing Spring embedded WebApplicationContext
2021-07-14 13:37:44.613 [] INFO  - org.springframework.boot.web.servlet.context.ServletWebServerApplicationContext - Root WebApplicationContext: initialization completed in 1689 ms
2021-07-14 13:37:44.713 [] INFO  - com.zaxxer.hikari.HikariDataSource - HikariPool-1 - Starting...
2021-07-14 13:37:45.646 [] INFO  - com.zaxxer.hikari.HikariDataSource - HikariPool-1 - Start completed.
2021-07-14 13:37:45.653 [] INFO  - org.springframework.boot.autoconfigure.h2.H2ConsoleAutoConfiguration - H2 console available at '/h2-console'. Database available at 'jdbc:sqlserver://SRVBD:1433;useFmtOnly=false;useBulkCopyForBatchInsert=false;cancelQueryTimeout=-1;sslProtocol=TLS;jaasConfigurationName=SQLJDBCDriver;statementPoolingCacheSize=0;serverPreparedStatementDiscardThreshold=10;enablePrepareOnFirstPreparedStatementCall=false;fips=false;socketTimeout=0;authentication=NotSpecified;authenticationScheme=nativeAuthentication;xopenStates=false;sendTimeAsDatetime=true;trustStoreType=JKS;trustServerCertificate=false;TransparentNetworkIPResolution=true;serverNameAsACE=false;sendStringParametersAsUnicode=true;selectMethod=direct;responseBuffering=adaptive;queryTimeout=-1;packetSize=8000;multiSubnetFailover=false;loginTimeout=30;lockTimeout=-1;lastUpdateCount=true;encrypt=false;disableStatementPooling=true;databaseName=logixdsv;columnEncryptionSetting=Disabled;applicationName=Microsoft JDBC Driver for SQL Server;applicationIntent=readwrite;'
2021-07-14 13:37:45.762 [] INFO  - org.springframework.scheduling.concurrent.ThreadPoolTaskExecutor - Initializing ExecutorService 'applicationTaskExecutor'
2021-07-14 13:37:45.816 [] INFO  - org.hibernate.jpa.internal.util.LogHelper - HHH000204: Processing PersistenceUnitInfo [name: default]
2021-07-14 13:37:45.862 [] INFO  - org.hibernate.Version - HHH000412: Hibernate ORM core version 5.4.21.Final
2021-07-14 13:37:45.994 [] INFO  - org.hibernate.annotations.common.Version - HCANN000001: Hibernate Commons Annotations {5.1.0.Final}
2021-07-14 13:37:46.110 [] INFO  - org.hibernate.dialect.Dialect - HHH000400: Using dialect: org.hibernate.dialect.SQLServer2012Dialect
2021-07-14 13:37:46.148 [] INFO  - org.springframework.security.web.DefaultSecurityFilterChain - Creating filter chain: any request, [org.springframework.security.web.context.request.async.WebAsyncManagerIntegrationFilter@5ac4ac88, org.springframework.security.web.context.SecurityContextPersistenceFilter@3733105c, org.springframework.security.web.header.HeaderWriterFilter@2921ca9e, org.springframework.web.filter.CorsFilter@93a7713, org.springframework.security.web.authentication.logout.LogoutFilter@2c2514ca, com.aceex.wscairu.security.JWTAuthenticationFilter@4ad01d47, com.aceex.wscairu.security.JWTAuthorizationFilter@51c77be, org.springframework.security.web.savedrequest.RequestCacheAwareFilter@66eb9552, org.springframework.security.web.servletapi.SecurityContextHolderAwareRequestFilter@792d05de, org.springframework.security.web.authentication.AnonymousAuthenticationFilter@7ac33b79, org.springframework.security.web.session.SessionManagementFilter@6df29f11, org.springframework.security.web.access.ExceptionTranslationFilter@7cc42b07, org.springframework.security.web.access.intercept.FilterSecurityInterceptor@3070be53]
2021-07-14 13:37:47.535 [] INFO  - org.hibernate.engine.transaction.jta.platform.internal.JtaPlatformInitiator - HHH000490: Using JtaPlatform implementation: [org.hibernate.engine.transaction.jta.platform.internal.NoJtaPlatform]
2021-07-14 13:37:47.535 [] INFO  - org.springframework.orm.jpa.LocalContainerEntityManagerFactoryBean - Initialized JPA EntityManagerFactory for persistence unit 'default'
2021-07-14 13:37:48.701 [] INFO  - org.springframework.boot.devtools.autoconfigure.OptionalLiveReloadServer - LiveReload server is running on port 35729
2021-07-14 13:37:48.738 [] INFO  - org.springframework.boot.web.embedded.tomcat.TomcatWebServer - Tomcat started on port(s): 8082 (http) with context path ''
2021-07-14 13:37:48.738 [] INFO  - o.s.data.repository.config.DeferredRepositoryInitializationListener - Triggering deferred initialization of Spring Data repositories…
2021-07-14 13:37:49.672 [] INFO  - o.s.data.repository.config.DeferredRepositoryInitializationListener - Spring Data repositories initialized!
2021-07-14 13:37:49.683 [] INFO  - com.aceex.wscairu.WscairuApplication - Started WscairuApplication in 7.183 seconds (JVM running for 8.104)
2021-07-14 13:37:49.683 [] INFO  - com.aceex.wscairu.WscairuApplication - API VERSÃO 1.02
2021-07-14 13:39:32.407 [] INFO  - org.apache.catalina.core.ContainerBase.[Tomcat].[localhost].[/] - Initializing Spring DispatcherServlet 'dispatcherServlet'
2021-07-14 13:39:32.407 [] INFO  - org.springframework.web.servlet.DispatcherServlet - Initializing Servlet 'dispatcherServlet'
2021-07-14 13:39:32.413 [] INFO  - org.springframework.web.servlet.DispatcherServlet - Completed initialization in 6 ms
2021-07-14 13:41:10.316 [] INFO  - o.s.boot.admin.SpringApplicationAdminMXBeanRegistrar$SpringApplicationAdmin - Application shutdown requested.
2021-07-14 13:41:10.632 [] INFO  - org.springframework.orm.jpa.LocalContainerEntityManagerFactoryBean - Closing JPA EntityManagerFactory for persistence unit 'default'
2021-07-14 13:41:10.632 [] INFO  - org.springframework.scheduling.concurrent.ThreadPoolTaskExecutor - Shutting down ExecutorService 'applicationTaskExecutor'
2021-07-14 13:41:10.632 [] INFO  - com.zaxxer.hikari.HikariDataSource - HikariPool-1 - Shutdown initiated...
2021-07-14 13:41:10.632 [] INFO  - com.zaxxer.hikari.HikariDataSource - HikariPool-1 - Shutdown completed.
2021-07-14 13:47:14.728 [] INFO  - com.aceex.wscairu.WscairuApplicationTests - Starting WscairuApplicationTests on DESKTOP-QSSSMPN with PID 6336 (started by Ivo Barbosa in C:\Desenv\Spring\wscairu)
2021-07-14 13:47:14.728 [] INFO  - com.aceex.wscairu.WscairuApplicationTests - The following profiles are active: tst
2021-07-14 13:47:16.055 [] INFO  - org.springframework.data.repository.config.RepositoryConfigurationDelegate - Bootstrapping Spring Data JPA repositories in DEFERRED mode.
2021-07-14 13:47:16.471 [] INFO  - org.springframework.data.repository.config.RepositoryConfigurationDelegate - Finished Spring Data repository scanning in 365ms. Found 51 JPA repository interfaces.
2021-07-14 13:47:17.670 [] INFO  - org.springframework.scheduling.concurrent.ThreadPoolTaskExecutor - Initializing ExecutorService 'applicationTaskExecutor'
2021-07-14 13:47:17.771 [] INFO  - org.hibernate.jpa.internal.util.LogHelper - HHH000204: Processing PersistenceUnitInfo [name: default]
2021-07-14 13:47:17.911 [] INFO  - org.hibernate.Version - HHH000412: Hibernate ORM core version 5.4.21.Final
2021-07-14 13:47:18.142 [] INFO  - org.hibernate.annotations.common.Version - HCANN000001: Hibernate Commons Annotations {5.1.0.Final}
2021-07-14 13:47:18.816 [] INFO  - org.springframework.security.web.DefaultSecurityFilterChain - Creating filter chain: any request, [org.springframework.security.web.context.request.async.WebAsyncManagerIntegrationFilter@22c75c01, org.springframework.security.web.context.SecurityContextPersistenceFilter@596a7f44, org.springframework.security.web.header.HeaderWriterFilter@1921994e, org.springframework.web.filter.CorsFilter@46e64760, org.springframework.security.web.authentication.logout.LogoutFilter@7e7fe6d, com.aceex.wscairu.security.JWTAuthenticationFilter@3e5fd2b1, com.aceex.wscairu.security.JWTAuthorizationFilter@43982337, org.springframework.security.web.savedrequest.RequestCacheAwareFilter@2e09c51, org.springframework.security.web.servletapi.SecurityContextHolderAwareRequestFilter@414f13fc, org.springframework.security.web.authentication.AnonymousAuthenticationFilter@5b275811, org.springframework.security.web.session.SessionManagementFilter@14f40030, org.springframework.security.web.access.ExceptionTranslationFilter@2ef0dd86, org.springframework.security.web.access.intercept.FilterSecurityInterceptor@17092fff]
2021-07-14 13:47:18.927 [] INFO  - com.zaxxer.hikari.HikariDataSource - HikariPool-1 - Starting...
2021-07-14 13:47:41.198 [] INFO  - org.hibernate.dialect.Dialect - HHH000400: Using dialect: org.hibernate.dialect.InformixDialect
2021-07-14 13:47:42.652 [] INFO  - org.hibernate.engine.transaction.jta.platform.internal.JtaPlatformInitiator - HHH000490: Using JtaPlatform implementation: [org.hibernate.engine.transaction.jta.platform.internal.NoJtaPlatform]
2021-07-14 13:47:42.658 [] INFO  - org.springframework.orm.jpa.LocalContainerEntityManagerFactoryBean - Initialized JPA EntityManagerFactory for persistence unit 'default'
2021-07-14 13:47:43.293 [] INFO  - com.zaxxer.hikari.HikariDataSource - HikariPool-1 - Starting...
2021-07-14 13:48:05.365 [] INFO  - org.springframework.orm.jpa.LocalContainerEntityManagerFactoryBean - Closing JPA EntityManagerFactory for persistence unit 'default'
2021-07-14 13:48:05.381 [] INFO  - org.springframework.scheduling.concurrent.ThreadPoolTaskExecutor - Shutting down ExecutorService 'applicationTaskExecutor'
2021-07-14 13:48:05.398 [] INFO  - o.s.boot.autoconfigure.logging.ConditionEvaluationReportLoggingListener - 

Error starting ApplicationContext. To display the conditions report re-run your application with 'debug' enabled.
