2021-05-19 09:49:04.856 [] INFO  - com.aceex.wscairu.WscairuApplication - Starting WscairuApplication on DESKTOP-QSSSMPN with PID 2092 (C:\Desenv\Spring\wscairu\target\classes started by Ivo Barbosa in C:\Desenv\Spring\wscairu)
2021-05-19 09:49:04.863 [] INFO  - com.aceex.wscairu.WscairuApplication - The following profiles are active: tst
2021-05-19 09:49:04.956 [] INFO  - org.springframework.boot.devtools.restart.ChangeableUrls - The Class-Path manifest attribute in C:\Users\Ivo Barbosa\.m2\repository\com\oracle\ojdbc\ojdbc8\19.3.0.0\ojdbc8-19.3.0.0.jar referenced one or more files that do not exist: file:/C:/Users/Ivo%20Barbosa/.m2/repository/com/oracle/ojdbc/ojdbc8/19.3.0.0/oraclepki.jar
2021-05-19 09:49:04.961 [] INFO  - org.springframework.boot.devtools.restart.ChangeableUrls - The Class-Path manifest attribute in C:\Users\Ivo Barbosa\.m2\repository\com\oracle\ojdbc\oraclepki\19.3.0.0\oraclepki-19.3.0.0.jar referenced one or more files that do not exist: file:/C:/Users/Ivo%20Barbosa/.m2/repository/com/oracle/ojdbc/oraclepki/19.3.0.0/osdt_core.jar,file:/C:/Users/Ivo%20Barbosa/.m2/repository/com/oracle/ojdbc/oraclepki/19.3.0.0/osdt_cert.jar,file:/C:/Users/Ivo%20Barbosa/.m2/repository/com/oracle/ojdbc/oraclepki/oracle.osdt/osdt_core.jar,file:/C:/Users/Ivo%20Barbosa/.m2/repository/com/oracle/ojdbc/oraclepki/oracle.osdt/osdt_cert.jar
2021-05-19 09:49:04.961 [] INFO  - org.springframework.boot.devtools.env.DevToolsPropertyDefaultsPostProcessor - Devtools property defaults active! Set 'spring.devtools.add-properties' to 'false' to disable
2021-05-19 09:49:04.962 [] INFO  - org.springframework.boot.devtools.env.DevToolsPropertyDefaultsPostProcessor - For additional web related logging consider setting the 'logging.level.web' property to 'DEBUG'
2021-05-19 09:49:06.217 [] INFO  - org.springframework.data.repository.config.RepositoryConfigurationDelegate - Bootstrapping Spring Data JPA repositories in DEFERRED mode.
2021-05-19 09:49:06.507 [] INFO  - org.springframework.data.repository.config.RepositoryConfigurationDelegate - Finished Spring Data repository scanning in 274ms. Found 50 JPA repository interfaces.
2021-05-19 09:49:07.356 [] INFO  - org.springframework.boot.web.embedded.tomcat.TomcatWebServer - Tomcat initialized with port(s): 8081 (http)
2021-05-19 09:49:07.368 [] INFO  - org.apache.catalina.core.StandardService - Starting service [Tomcat]
2021-05-19 09:49:07.368 [] INFO  - org.apache.catalina.core.StandardEngine - Starting Servlet engine: [Apache Tomcat/9.0.38]
2021-05-19 09:49:07.493 [] INFO  - org.apache.catalina.core.ContainerBase.[Tomcat].[localhost].[/] - Initializing Spring embedded WebApplicationContext
2021-05-19 09:49:07.494 [] INFO  - org.springframework.boot.web.servlet.context.ServletWebServerApplicationContext - Root WebApplicationContext: initialization completed in 2532 ms
2021-05-19 09:49:07.760 [] INFO  - com.zaxxer.hikari.HikariDataSource - HikariPool-1 - Starting...
2021-05-19 09:50:13.903 [] INFO  - com.aceex.wscairu.WscairuApplication - Starting WscairuApplication on DESKTOP-QSSSMPN with PID 14044 (C:\Desenv\Spring\wscairu\target\classes started by Ivo Barbosa in C:\Desenv\Spring\wscairu)
2021-05-19 09:50:13.905 [] INFO  - com.aceex.wscairu.WscairuApplication - The following profiles are active: tst
2021-05-19 09:50:13.947 [] INFO  - org.springframework.boot.devtools.restart.ChangeableUrls - The Class-Path manifest attribute in C:\Users\Ivo Barbosa\.m2\repository\com\oracle\ojdbc\ojdbc8\19.3.0.0\ojdbc8-19.3.0.0.jar referenced one or more files that do not exist: file:/C:/Users/Ivo%20Barbosa/.m2/repository/com/oracle/ojdbc/ojdbc8/19.3.0.0/oraclepki.jar
2021-05-19 09:50:13.947 [] INFO  - org.springframework.boot.devtools.restart.ChangeableUrls - The Class-Path manifest attribute in C:\Users\Ivo Barbosa\.m2\repository\com\oracle\ojdbc\oraclepki\19.3.0.0\oraclepki-19.3.0.0.jar referenced one or more files that do not exist: file:/C:/Users/Ivo%20Barbosa/.m2/repository/com/oracle/ojdbc/oraclepki/19.3.0.0/osdt_core.jar,file:/C:/Users/Ivo%20Barbosa/.m2/repository/com/oracle/ojdbc/oraclepki/19.3.0.0/osdt_cert.jar,file:/C:/Users/Ivo%20Barbosa/.m2/repository/com/oracle/ojdbc/oraclepki/oracle.osdt/osdt_core.jar,file:/C:/Users/Ivo%20Barbosa/.m2/repository/com/oracle/ojdbc/oraclepki/oracle.osdt/osdt_cert.jar
2021-05-19 09:50:13.948 [] INFO  - org.springframework.boot.devtools.env.DevToolsPropertyDefaultsPostProcessor - Devtools property defaults active! Set 'spring.devtools.add-properties' to 'false' to disable
2021-05-19 09:50:13.948 [] INFO  - org.springframework.boot.devtools.env.DevToolsPropertyDefaultsPostProcessor - For additional web related logging consider setting the 'logging.level.web' property to 'DEBUG'
2021-05-19 09:50:14.680 [] INFO  - org.springframework.data.repository.config.RepositoryConfigurationDelegate - Bootstrapping Spring Data JPA repositories in DEFERRED mode.
2021-05-19 09:50:14.916 [] INFO  - org.springframework.data.repository.config.RepositoryConfigurationDelegate - Finished Spring Data repository scanning in 228ms. Found 50 JPA repository interfaces.
2021-05-19 09:50:15.555 [] INFO  - org.springframework.boot.web.embedded.tomcat.TomcatWebServer - Tomcat initialized with port(s): 8081 (http)
2021-05-19 09:50:15.562 [] INFO  - org.apache.catalina.core.StandardService - Starting service [Tomcat]
2021-05-19 09:50:15.562 [] INFO  - org.apache.catalina.core.StandardEngine - Starting Servlet engine: [Apache Tomcat/9.0.38]
2021-05-19 09:50:15.660 [] INFO  - org.apache.catalina.core.ContainerBase.[Tomcat].[localhost].[/] - Initializing Spring embedded WebApplicationContext
2021-05-19 09:50:15.661 [] INFO  - org.springframework.boot.web.servlet.context.ServletWebServerApplicationContext - Root WebApplicationContext: initialization completed in 1713 ms
2021-05-19 09:50:15.767 [] INFO  - com.zaxxer.hikari.HikariDataSource - HikariPool-1 - Starting...
2021-05-19 09:50:38.049 [] INFO  - org.springframework.scheduling.concurrent.ThreadPoolTaskExecutor - Initializing ExecutorService 'applicationTaskExecutor'
2021-05-19 09:50:38.132 [] INFO  - org.hibernate.jpa.internal.util.LogHelper - HHH000204: Processing PersistenceUnitInfo [name: default]
2021-05-19 09:50:38.246 [] INFO  - org.hibernate.Version - HHH000412: Hibernate ORM core version 5.4.21.Final
2021-05-19 09:50:38.485 [] INFO  - org.hibernate.annotations.common.Version - HCANN000001: Hibernate Commons Annotations {5.1.0.Final}
2021-05-19 09:50:38.599 [] INFO  - org.springframework.security.web.DefaultSecurityFilterChain - Creating filter chain: any request, [org.springframework.security.web.context.request.async.WebAsyncManagerIntegrationFilter@53d2d79, org.springframework.security.web.context.SecurityContextPersistenceFilter@7612daea, org.springframework.security.web.header.HeaderWriterFilter@e4eebb7, org.springframework.web.filter.CorsFilter@2017c96, org.springframework.security.web.authentication.logout.LogoutFilter@42e1c29d, com.aceex.wscairu.security.JWTAuthenticationFilter@8fe7d2e, com.aceex.wscairu.security.JWTAuthorizationFilter@155fc761, org.springframework.security.web.savedrequest.RequestCacheAwareFilter@3ef1d3d1, org.springframework.security.web.servletapi.SecurityContextHolderAwareRequestFilter@401791bb, org.springframework.security.web.authentication.AnonymousAuthenticationFilter@79656656, org.springframework.security.web.session.SessionManagementFilter@58db5b32, org.springframework.security.web.access.ExceptionTranslationFilter@2de96f46, org.springframework.security.web.access.intercept.FilterSecurityInterceptor@3ef50737]
2021-05-19 09:50:38.637 [] INFO  - com.zaxxer.hikari.HikariDataSource - HikariPool-1 - Starting...
2021-05-19 09:51:00.718 [] INFO  - org.hibernate.dialect.Dialect - HHH000400: Using dialect: org.hibernate.dialect.InformixDialect
2021-05-19 09:51:02.011 [] INFO  - org.hibernate.engine.transaction.jta.platform.internal.JtaPlatformInitiator - HHH000490: Using JtaPlatform implementation: [org.hibernate.engine.transaction.jta.platform.internal.NoJtaPlatform]
2021-05-19 09:51:02.020 [] INFO  - org.springframework.orm.jpa.LocalContainerEntityManagerFactoryBean - Initialized JPA EntityManagerFactory for persistence unit 'default'
2021-05-19 09:51:02.457 [] INFO  - com.zaxxer.hikari.HikariDataSource - HikariPool-1 - Starting...
2021-05-19 09:51:24.513 [] INFO  - org.springframework.orm.jpa.LocalContainerEntityManagerFactoryBean - Closing JPA EntityManagerFactory for persistence unit 'default'
2021-05-19 09:51:24.515 [] INFO  - org.springframework.scheduling.concurrent.ThreadPoolTaskExecutor - Shutting down ExecutorService 'applicationTaskExecutor'
2021-05-19 09:51:24.519 [] INFO  - org.apache.catalina.core.StandardService - Stopping service [Tomcat]
2021-05-19 09:51:24.532 [] INFO  - o.s.boot.autoconfigure.logging.ConditionEvaluationReportLoggingListener - 

Error starting ApplicationContext. To display the conditions report re-run your application with 'debug' enabled.
2021-05-19 09:52:21.247 [] INFO  - com.aceex.wscairu.WscairuApplication - Starting WscairuApplication on DESKTOP-QSSSMPN with PID 13936 (C:\Desenv\Spring\wscairu\target\classes started by Ivo Barbosa in C:\Desenv\Spring\wscairu)
2021-05-19 09:52:21.247 [] INFO  - com.aceex.wscairu.WscairuApplication - The following profiles are active: sql
2021-05-19 09:52:21.284 [] INFO  - org.springframework.boot.devtools.restart.ChangeableUrls - The Class-Path manifest attribute in C:\Users\Ivo Barbosa\.m2\repository\com\oracle\ojdbc\ojdbc8\19.3.0.0\ojdbc8-19.3.0.0.jar referenced one or more files that do not exist: file:/C:/Users/Ivo%20Barbosa/.m2/repository/com/oracle/ojdbc/ojdbc8/19.3.0.0/oraclepki.jar
2021-05-19 09:52:21.284 [] INFO  - org.springframework.boot.devtools.restart.ChangeableUrls - The Class-Path manifest attribute in C:\Users\Ivo Barbosa\.m2\repository\com\oracle\ojdbc\oraclepki\19.3.0.0\oraclepki-19.3.0.0.jar referenced one or more files that do not exist: file:/C:/Users/Ivo%20Barbosa/.m2/repository/com/oracle/ojdbc/oraclepki/19.3.0.0/osdt_core.jar,file:/C:/Users/Ivo%20Barbosa/.m2/repository/com/oracle/ojdbc/oraclepki/19.3.0.0/osdt_cert.jar,file:/C:/Users/Ivo%20Barbosa/.m2/repository/com/oracle/ojdbc/oraclepki/oracle.osdt/osdt_core.jar,file:/C:/Users/Ivo%20Barbosa/.m2/repository/com/oracle/ojdbc/oraclepki/oracle.osdt/osdt_cert.jar
2021-05-19 09:52:21.284 [] INFO  - org.springframework.boot.devtools.env.DevToolsPropertyDefaultsPostProcessor - Devtools property defaults active! Set 'spring.devtools.add-properties' to 'false' to disable
2021-05-19 09:52:21.284 [] INFO  - org.springframework.boot.devtools.env.DevToolsPropertyDefaultsPostProcessor - For additional web related logging consider setting the 'logging.level.web' property to 'DEBUG'
2021-05-19 09:52:21.986 [] INFO  - org.springframework.data.repository.config.RepositoryConfigurationDelegate - Bootstrapping Spring Data JPA repositories in DEFERRED mode.
2021-05-19 09:52:22.287 [] INFO  - org.springframework.data.repository.config.RepositoryConfigurationDelegate - Finished Spring Data repository scanning in 291ms. Found 50 JPA repository interfaces.
2021-05-19 09:52:22.852 [] INFO  - org.springframework.boot.web.embedded.tomcat.TomcatWebServer - Tomcat initialized with port(s): 8081 (http)
2021-05-19 09:52:22.852 [] INFO  - org.apache.catalina.core.StandardService - Starting service [Tomcat]
2021-05-19 09:52:22.852 [] INFO  - org.apache.catalina.core.StandardEngine - Starting Servlet engine: [Apache Tomcat/9.0.38]
2021-05-19 09:52:22.951 [] INFO  - org.apache.catalina.core.ContainerBase.[Tomcat].[localhost].[/] - Initializing Spring embedded WebApplicationContext
2021-05-19 09:52:22.951 [] INFO  - org.springframework.boot.web.servlet.context.ServletWebServerApplicationContext - Root WebApplicationContext: initialization completed in 1667 ms
2021-05-19 09:52:23.067 [] INFO  - com.zaxxer.hikari.HikariDataSource - HikariPool-1 - Starting...
2021-05-19 09:52:25.527 [] INFO  - com.zaxxer.hikari.HikariDataSource - HikariPool-1 - Start completed.
2021-05-19 09:52:25.542 [] INFO  - org.springframework.boot.autoconfigure.h2.H2ConsoleAutoConfiguration - H2 console available at '/h2-console'. Database available at 'jdbc:sqlserver://SRVBD:1433;useFmtOnly=false;useBulkCopyForBatchInsert=false;cancelQueryTimeout=-1;sslProtocol=TLS;jaasConfigurationName=SQLJDBCDriver;statementPoolingCacheSize=0;serverPreparedStatementDiscardThreshold=10;enablePrepareOnFirstPreparedStatementCall=false;fips=false;socketTimeout=0;authentication=NotSpecified;authenticationScheme=nativeAuthentication;xopenStates=false;sendTimeAsDatetime=true;trustStoreType=JKS;trustServerCertificate=false;TransparentNetworkIPResolution=true;serverNameAsACE=false;sendStringParametersAsUnicode=true;selectMethod=direct;responseBuffering=adaptive;queryTimeout=-1;packetSize=8000;multiSubnetFailover=false;loginTimeout=30;lockTimeout=-1;lastUpdateCount=true;encrypt=false;disableStatementPooling=true;databaseName=logixdsv;columnEncryptionSetting=Disabled;applicationName=Microsoft JDBC Driver for SQL Server;applicationIntent=readwrite;'
2021-05-19 09:52:25.643 [] INFO  - org.springframework.scheduling.concurrent.ThreadPoolTaskExecutor - Initializing ExecutorService 'applicationTaskExecutor'
2021-05-19 09:52:25.696 [] INFO  - org.hibernate.jpa.internal.util.LogHelper - HHH000204: Processing PersistenceUnitInfo [name: default]
2021-05-19 09:52:25.790 [] INFO  - org.hibernate.Version - HHH000412: Hibernate ORM core version 5.4.21.Final
2021-05-19 09:52:25.928 [] INFO  - org.hibernate.annotations.common.Version - HCANN000001: Hibernate Commons Annotations {5.1.0.Final}
2021-05-19 09:52:26.044 [] INFO  - org.hibernate.dialect.Dialect - HHH000400: Using dialect: org.hibernate.dialect.SQLServer2012Dialect
2021-05-19 09:52:26.075 [] INFO  - org.springframework.security.web.DefaultSecurityFilterChain - Creating filter chain: any request, [org.springframework.security.web.context.request.async.WebAsyncManagerIntegrationFilter@168670b9, org.springframework.security.web.context.SecurityContextPersistenceFilter@6424915e, org.springframework.security.web.header.HeaderWriterFilter@613a5d85, org.springframework.web.filter.CorsFilter@754245df, org.springframework.security.web.authentication.logout.LogoutFilter@4b98ed38, com.aceex.wscairu.security.JWTAuthenticationFilter@4c8e6f1b, com.aceex.wscairu.security.JWTAuthorizationFilter@3a9132c3, org.springframework.security.web.savedrequest.RequestCacheAwareFilter@5d0bc24, org.springframework.security.web.servletapi.SecurityContextHolderAwareRequestFilter@73856604, org.springframework.security.web.authentication.AnonymousAuthenticationFilter@1fb79e90, org.springframework.security.web.session.SessionManagementFilter@63a64ab9, org.springframework.security.web.access.ExceptionTranslationFilter@7850e987, org.springframework.security.web.access.intercept.FilterSecurityInterceptor@551abc72]
2021-05-19 09:52:28.967 [] INFO  - org.hibernate.engine.transaction.jta.platform.internal.JtaPlatformInitiator - HHH000490: Using JtaPlatform implementation: [org.hibernate.engine.transaction.jta.platform.internal.NoJtaPlatform]
2021-05-19 09:52:28.983 [] INFO  - org.springframework.orm.jpa.LocalContainerEntityManagerFactoryBean - Initialized JPA EntityManagerFactory for persistence unit 'default'
2021-05-19 09:52:34.181 [] INFO  - org.springframework.boot.devtools.autoconfigure.OptionalLiveReloadServer - LiveReload server is running on port 35729
2021-05-19 09:52:34.250 [] INFO  - org.springframework.boot.web.embedded.tomcat.TomcatWebServer - Tomcat started on port(s): 8081 (http) with context path ''
2021-05-19 09:52:34.250 [] INFO  - o.s.data.repository.config.DeferredRepositoryInitializationListener - Triggering deferred initialization of Spring Data repositories…
2021-05-19 09:52:35.136 [] INFO  - o.s.data.repository.config.DeferredRepositoryInitializationListener - Spring Data repositories initialized!
2021-05-19 09:52:35.142 [] INFO  - com.aceex.wscairu.WscairuApplication - Started WscairuApplication in 14.267 seconds (JVM running for 15.848)
2021-05-19 09:52:35.142 [] INFO  - com.aceex.wscairu.WscairuApplication - API VERSÃO 1.01
2021-05-19 09:54:14.362 [] INFO  - org.apache.catalina.core.ContainerBase.[Tomcat].[localhost].[/] - Initializing Spring DispatcherServlet 'dispatcherServlet'
2021-05-19 09:54:14.363 [] INFO  - org.springframework.web.servlet.DispatcherServlet - Initializing Servlet 'dispatcherServlet'
2021-05-19 09:54:14.370 [] INFO  - org.springframework.web.servlet.DispatcherServlet - Completed initialization in 7 ms
2021-05-19 09:55:26.054 [] INFO  - com.aceex.wscairu.service.EmpresaService - Consulta de empresas
2021-05-19 10:01:49.546 [] INFO  - org.springframework.orm.jpa.LocalContainerEntityManagerFactoryBean - Closing JPA EntityManagerFactory for persistence unit 'default'
2021-05-19 10:01:49.550 [] INFO  - org.springframework.scheduling.concurrent.ThreadPoolTaskExecutor - Shutting down ExecutorService 'applicationTaskExecutor'
2021-05-19 10:01:49.552 [] INFO  - com.zaxxer.hikari.HikariDataSource - HikariPool-1 - Shutdown initiated...
2021-05-19 10:01:49.556 [] INFO  - com.zaxxer.hikari.HikariDataSource - HikariPool-1 - Shutdown completed.
2021-05-19 10:01:49.877 [] INFO  - com.aceex.wscairu.WscairuApplication - Starting WscairuApplication on DESKTOP-QSSSMPN with PID 13936 (C:\Desenv\Spring\wscairu\target\classes started by Ivo Barbosa in C:\Desenv\Spring\wscairu)
2021-05-19 10:01:49.877 [] INFO  - com.aceex.wscairu.WscairuApplication - The following profiles are active: sql
2021-05-19 10:01:50.210 [] INFO  - org.springframework.data.repository.config.RepositoryConfigurationDelegate - Bootstrapping Spring Data JPA repositories in DEFERRED mode.
2021-05-19 10:01:50.373 [] INFO  - org.springframework.data.repository.config.RepositoryConfigurationDelegate - Finished Spring Data repository scanning in 162ms. Found 50 JPA repository interfaces.
2021-05-19 10:01:50.547 [] INFO  - org.springframework.boot.web.embedded.tomcat.TomcatWebServer - Tomcat initialized with port(s): 8081 (http)
2021-05-19 10:01:50.548 [] INFO  - org.apache.catalina.core.StandardService - Starting service [Tomcat]
2021-05-19 10:01:50.548 [] INFO  - org.apache.catalina.core.StandardEngine - Starting Servlet engine: [Apache Tomcat/9.0.38]
2021-05-19 10:01:50.572 [] INFO  - org.apache.catalina.core.ContainerBase.[Tomcat].[localhost].[/] - Initializing Spring embedded WebApplicationContext
2021-05-19 10:01:50.572 [] INFO  - org.springframework.boot.web.servlet.context.ServletWebServerApplicationContext - Root WebApplicationContext: initialization completed in 692 ms
2021-05-19 10:01:50.576 [] INFO  - com.zaxxer.hikari.HikariDataSource - HikariPool-2 - Starting...
2021-05-19 10:01:52.996 [] INFO  - com.zaxxer.hikari.HikariDataSource - HikariPool-2 - Start completed.
2021-05-19 10:01:53.011 [] INFO  - org.springframework.boot.autoconfigure.h2.H2ConsoleAutoConfiguration - H2 console available at '/h2-console'. Database available at 'jdbc:sqlserver://SRVBD:1433;useFmtOnly=false;useBulkCopyForBatchInsert=false;cancelQueryTimeout=-1;sslProtocol=TLS;jaasConfigurationName=SQLJDBCDriver;statementPoolingCacheSize=0;serverPreparedStatementDiscardThreshold=10;enablePrepareOnFirstPreparedStatementCall=false;fips=false;socketTimeout=0;authentication=NotSpecified;authenticationScheme=nativeAuthentication;xopenStates=false;sendTimeAsDatetime=true;trustStoreType=JKS;trustServerCertificate=false;TransparentNetworkIPResolution=true;serverNameAsACE=false;sendStringParametersAsUnicode=true;selectMethod=direct;responseBuffering=adaptive;queryTimeout=-1;packetSize=8000;multiSubnetFailover=false;loginTimeout=30;lockTimeout=-1;lastUpdateCount=true;encrypt=false;disableStatementPooling=true;databaseName=logixdsv;columnEncryptionSetting=Disabled;applicationName=Microsoft JDBC Driver for SQL Server;applicationIntent=readwrite;'
2021-05-19 10:01:53.065 [] INFO  - org.springframework.scheduling.concurrent.ThreadPoolTaskExecutor - Initializing ExecutorService 'applicationTaskExecutor'
2021-05-19 10:01:53.112 [] INFO  - org.hibernate.jpa.internal.util.LogHelper - HHH000204: Processing PersistenceUnitInfo [name: default]
2021-05-19 10:01:53.128 [] INFO  - org.hibernate.dialect.Dialect - HHH000400: Using dialect: org.hibernate.dialect.SQLServer2012Dialect
2021-05-19 10:01:53.244 [] INFO  - org.springframework.security.web.DefaultSecurityFilterChain - Creating filter chain: any request, [org.springframework.security.web.context.request.async.WebAsyncManagerIntegrationFilter@4227e80e, org.springframework.security.web.context.SecurityContextPersistenceFilter@534efe82, org.springframework.security.web.header.HeaderWriterFilter@5c066fcf, org.springframework.web.filter.CorsFilter@7146cae4, org.springframework.security.web.authentication.logout.LogoutFilter@4936a343, com.aceex.wscairu.security.JWTAuthenticationFilter@5c5f02b9, com.aceex.wscairu.security.JWTAuthorizationFilter@3bd4919f, org.springframework.security.web.savedrequest.RequestCacheAwareFilter@77fc4b93, org.springframework.security.web.servletapi.SecurityContextHolderAwareRequestFilter@18eb3ab4, org.springframework.security.web.authentication.AnonymousAuthenticationFilter@46ce6973, org.springframework.security.web.session.SessionManagementFilter@139cc556, org.springframework.security.web.access.ExceptionTranslationFilter@451c3141, org.springframework.security.web.access.intercept.FilterSecurityInterceptor@120eac49]
2021-05-19 10:01:56.337 [] INFO  - org.hibernate.engine.transaction.jta.platform.internal.JtaPlatformInitiator - HHH000490: Using JtaPlatform implementation: [org.hibernate.engine.transaction.jta.platform.internal.NoJtaPlatform]
2021-05-19 10:01:56.337 [] INFO  - org.springframework.orm.jpa.LocalContainerEntityManagerFactoryBean - Initialized JPA EntityManagerFactory for persistence unit 'default'
2021-05-19 10:02:00.689 [] INFO  - org.springframework.orm.jpa.LocalContainerEntityManagerFactoryBean - Closing JPA EntityManagerFactory for persistence unit 'default'
2021-05-19 10:02:00.689 [] INFO  - org.springframework.scheduling.concurrent.ThreadPoolTaskExecutor - Shutting down ExecutorService 'applicationTaskExecutor'
2021-05-19 10:02:00.690 [] INFO  - com.zaxxer.hikari.HikariDataSource - HikariPool-2 - Shutdown initiated...
2021-05-19 10:02:00.769 [] INFO  - com.zaxxer.hikari.HikariDataSource - HikariPool-2 - Shutdown completed.
2021-05-19 10:02:00.769 [] INFO  - org.apache.catalina.core.StandardService - Stopping service [Tomcat]
2021-05-19 10:02:00.769 [] INFO  - o.s.boot.autoconfigure.logging.ConditionEvaluationReportLoggingListener - 

Error starting ApplicationContext. To display the conditions report re-run your application with 'debug' enabled.
2021-05-19 10:02:44.021 [] INFO  - com.aceex.wscairu.WscairuApplication - Starting WscairuApplication on DESKTOP-QSSSMPN with PID 13936 (C:\Desenv\Spring\wscairu\target\classes started by Ivo Barbosa in C:\Desenv\Spring\wscairu)
2021-05-19 10:02:44.021 [] INFO  - com.aceex.wscairu.WscairuApplication - The following profiles are active: sql
2021-05-19 10:02:44.275 [] INFO  - org.springframework.data.repository.config.RepositoryConfigurationDelegate - Bootstrapping Spring Data JPA repositories in DEFERRED mode.
2021-05-19 10:02:44.444 [] INFO  - org.springframework.data.repository.config.RepositoryConfigurationDelegate - Finished Spring Data repository scanning in 173ms. Found 50 JPA repository interfaces.
2021-05-19 10:02:44.613 [] INFO  - org.springframework.boot.web.embedded.tomcat.TomcatWebServer - Tomcat initialized with port(s): 8081 (http)
2021-05-19 10:02:44.613 [] INFO  - org.apache.catalina.core.StandardService - Starting service [Tomcat]
2021-05-19 10:02:44.613 [] INFO  - org.apache.catalina.core.StandardEngine - Starting Servlet engine: [Apache Tomcat/9.0.38]
2021-05-19 10:02:44.714 [] INFO  - org.apache.catalina.core.ContainerBase.[Tomcat-1].[localhost].[/] - Initializing Spring embedded WebApplicationContext
2021-05-19 10:02:44.714 [] INFO  - org.springframework.boot.web.servlet.context.ServletWebServerApplicationContext - Root WebApplicationContext: initialization completed in 693 ms
2021-05-19 10:02:44.729 [] INFO  - com.zaxxer.hikari.HikariDataSource - HikariPool-3 - Starting...
2021-05-19 10:02:45.964 [] INFO  - com.zaxxer.hikari.HikariDataSource - HikariPool-3 - Start completed.
2021-05-19 10:02:45.965 [] INFO  - org.springframework.boot.autoconfigure.h2.H2ConsoleAutoConfiguration - H2 console available at '/h2-console'. Database available at 'jdbc:sqlserver://SRVBD:1433;useFmtOnly=false;useBulkCopyForBatchInsert=false;cancelQueryTimeout=-1;sslProtocol=TLS;jaasConfigurationName=SQLJDBCDriver;statementPoolingCacheSize=0;serverPreparedStatementDiscardThreshold=10;enablePrepareOnFirstPreparedStatementCall=false;fips=false;socketTimeout=0;authentication=NotSpecified;authenticationScheme=nativeAuthentication;xopenStates=false;sendTimeAsDatetime=true;trustStoreType=JKS;trustServerCertificate=false;TransparentNetworkIPResolution=true;serverNameAsACE=false;sendStringParametersAsUnicode=true;selectMethod=direct;responseBuffering=adaptive;queryTimeout=-1;packetSize=8000;multiSubnetFailover=false;loginTimeout=30;lockTimeout=-1;lastUpdateCount=true;encrypt=false;disableStatementPooling=true;databaseName=logixdsv;columnEncryptionSetting=Disabled;applicationName=Microsoft JDBC Driver for SQL Server;applicationIntent=readwrite;'
2021-05-19 10:02:46.033 [] INFO  - org.springframework.scheduling.concurrent.ThreadPoolTaskExecutor - Initializing ExecutorService 'applicationTaskExecutor'
2021-05-19 10:02:46.064 [] INFO  - org.hibernate.jpa.internal.util.LogHelper - HHH000204: Processing PersistenceUnitInfo [name: default]
2021-05-19 10:02:46.079 [] INFO  - org.hibernate.dialect.Dialect - HHH000400: Using dialect: org.hibernate.dialect.SQLServer2012Dialect
2021-05-19 10:02:46.202 [] INFO  - org.springframework.security.web.DefaultSecurityFilterChain - Creating filter chain: any request, [org.springframework.security.web.context.request.async.WebAsyncManagerIntegrationFilter@390a2be2, org.springframework.security.web.context.SecurityContextPersistenceFilter@5f5b874c, org.springframework.security.web.header.HeaderWriterFilter@65dcfe85, org.springframework.web.filter.CorsFilter@5fd90001, org.springframework.security.web.authentication.logout.LogoutFilter@4c807e2, com.aceex.wscairu.security.JWTAuthenticationFilter@5402bd30, com.aceex.wscairu.security.JWTAuthorizationFilter@c4a26d8, org.springframework.security.web.savedrequest.RequestCacheAwareFilter@2d99d1eb, org.springframework.security.web.servletapi.SecurityContextHolderAwareRequestFilter@2fb32a0b, org.springframework.security.web.authentication.AnonymousAuthenticationFilter@64f74988, org.springframework.security.web.session.SessionManagementFilter@734b7f4e, org.springframework.security.web.access.ExceptionTranslationFilter@3d99f531, org.springframework.security.web.access.intercept.FilterSecurityInterceptor@65bd979]
2021-05-19 10:02:48.239 [] INFO  - org.hibernate.engine.transaction.jta.platform.internal.JtaPlatformInitiator - HHH000490: Using JtaPlatform implementation: [org.hibernate.engine.transaction.jta.platform.internal.NoJtaPlatform]
2021-05-19 10:02:48.239 [] INFO  - org.springframework.orm.jpa.LocalContainerEntityManagerFactoryBean - Initialized JPA EntityManagerFactory for persistence unit 'default'
2021-05-19 10:02:51.869 [] INFO  - org.springframework.orm.jpa.LocalContainerEntityManagerFactoryBean - Closing JPA EntityManagerFactory for persistence unit 'default'
2021-05-19 10:02:51.870 [] INFO  - org.springframework.scheduling.concurrent.ThreadPoolTaskExecutor - Shutting down ExecutorService 'applicationTaskExecutor'
2021-05-19 10:02:51.870 [] INFO  - com.zaxxer.hikari.HikariDataSource - HikariPool-3 - Shutdown initiated...
2021-05-19 10:02:52.382 [] INFO  - com.zaxxer.hikari.HikariDataSource - HikariPool-3 - Shutdown completed.
2021-05-19 10:02:52.382 [] INFO  - org.apache.catalina.core.StandardService - Stopping service [Tomcat]
2021-05-19 10:02:52.382 [] INFO  - o.s.boot.autoconfigure.logging.ConditionEvaluationReportLoggingListener - 

Error starting ApplicationContext. To display the conditions report re-run your application with 'debug' enabled.
2021-05-19 10:03:03.710 [] INFO  - com.aceex.wscairu.WscairuApplication - Starting WscairuApplication on DESKTOP-QSSSMPN with PID 13936 (C:\Desenv\Spring\wscairu\target\classes started by Ivo Barbosa in C:\Desenv\Spring\wscairu)
2021-05-19 10:03:03.710 [] INFO  - com.aceex.wscairu.WscairuApplication - The following profiles are active: sql
2021-05-19 10:03:03.986 [] INFO  - org.springframework.data.repository.config.RepositoryConfigurationDelegate - Bootstrapping Spring Data JPA repositories in DEFERRED mode.
2021-05-19 10:03:04.133 [] INFO  - org.springframework.data.repository.config.RepositoryConfigurationDelegate - Finished Spring Data repository scanning in 146ms. Found 50 JPA repository interfaces.
2021-05-19 10:03:04.286 [] INFO  - org.springframework.boot.web.embedded.tomcat.TomcatWebServer - Tomcat initialized with port(s): 8081 (http)
2021-05-19 10:03:04.286 [] INFO  - org.apache.catalina.core.StandardService - Starting service [Tomcat]
2021-05-19 10:03:04.286 [] INFO  - org.apache.catalina.core.StandardEngine - Starting Servlet engine: [Apache Tomcat/9.0.38]
2021-05-19 10:03:04.302 [] INFO  - org.apache.catalina.core.ContainerBase.[Tomcat-2].[localhost].[/] - Initializing Spring embedded WebApplicationContext
2021-05-19 10:03:04.302 [] INFO  - org.springframework.boot.web.servlet.context.ServletWebServerApplicationContext - Root WebApplicationContext: initialization completed in 592 ms
2021-05-19 10:03:04.318 [] INFO  - com.zaxxer.hikari.HikariDataSource - HikariPool-4 - Starting...
2021-05-19 10:03:05.490 [] INFO  - com.zaxxer.hikari.HikariDataSource - HikariPool-4 - Start completed.
2021-05-19 10:03:05.545 [] INFO  - org.springframework.boot.autoconfigure.h2.H2ConsoleAutoConfiguration - H2 console available at '/h2-console'. Database available at 'jdbc:sqlserver://SRVBD:1433;useFmtOnly=false;useBulkCopyForBatchInsert=false;cancelQueryTimeout=-1;sslProtocol=TLS;jaasConfigurationName=SQLJDBCDriver;statementPoolingCacheSize=0;serverPreparedStatementDiscardThreshold=10;enablePrepareOnFirstPreparedStatementCall=false;fips=false;socketTimeout=0;authentication=NotSpecified;authenticationScheme=nativeAuthentication;xopenStates=false;sendTimeAsDatetime=true;trustStoreType=JKS;trustServerCertificate=false;TransparentNetworkIPResolution=true;serverNameAsACE=false;sendStringParametersAsUnicode=true;selectMethod=direct;responseBuffering=adaptive;queryTimeout=-1;packetSize=8000;multiSubnetFailover=false;loginTimeout=30;lockTimeout=-1;lastUpdateCount=true;encrypt=false;disableStatementPooling=true;databaseName=logixdsv;columnEncryptionSetting=Disabled;applicationName=Microsoft JDBC Driver for SQL Server;applicationIntent=readwrite;'
2021-05-19 10:03:05.574 [] INFO  - org.springframework.scheduling.concurrent.ThreadPoolTaskExecutor - Initializing ExecutorService 'applicationTaskExecutor'
2021-05-19 10:03:05.605 [] INFO  - org.hibernate.jpa.internal.util.LogHelper - HHH000204: Processing PersistenceUnitInfo [name: default]
2021-05-19 10:03:05.621 [] INFO  - org.hibernate.dialect.Dialect - HHH000400: Using dialect: org.hibernate.dialect.SQLServer2012Dialect
2021-05-19 10:03:05.721 [] INFO  - org.springframework.security.web.DefaultSecurityFilterChain - Creating filter chain: any request, [org.springframework.security.web.context.request.async.WebAsyncManagerIntegrationFilter@724f4239, org.springframework.security.web.context.SecurityContextPersistenceFilter@68415d2a, org.springframework.security.web.header.HeaderWriterFilter@21d8a4e7, org.springframework.web.filter.CorsFilter@672caa4a, org.springframework.security.web.authentication.logout.LogoutFilter@e0dd1a5, com.aceex.wscairu.security.JWTAuthenticationFilter@5be5516b, com.aceex.wscairu.security.JWTAuthorizationFilter@235a863, org.springframework.security.web.savedrequest.RequestCacheAwareFilter@3b199fed, org.springframework.security.web.servletapi.SecurityContextHolderAwareRequestFilter@5f02ebf5, org.springframework.security.web.authentication.AnonymousAuthenticationFilter@ae37c96, org.springframework.security.web.session.SessionManagementFilter@78897ff0, org.springframework.security.web.access.ExceptionTranslationFilter@2b6f1c8b, org.springframework.security.web.access.intercept.FilterSecurityInterceptor@5191030f]
2021-05-19 10:03:07.696 [] INFO  - org.hibernate.engine.transaction.jta.platform.internal.JtaPlatformInitiator - HHH000490: Using JtaPlatform implementation: [org.hibernate.engine.transaction.jta.platform.internal.NoJtaPlatform]
2021-05-19 10:03:07.696 [] INFO  - org.springframework.orm.jpa.LocalContainerEntityManagerFactoryBean - Initialized JPA EntityManagerFactory for persistence unit 'default'
2021-05-19 10:03:11.639 [] INFO  - org.springframework.orm.jpa.LocalContainerEntityManagerFactoryBean - Closing JPA EntityManagerFactory for persistence unit 'default'
2021-05-19 10:03:11.640 [] INFO  - org.springframework.scheduling.concurrent.ThreadPoolTaskExecutor - Shutting down ExecutorService 'applicationTaskExecutor'
2021-05-19 10:03:11.640 [] INFO  - com.zaxxer.hikari.HikariDataSource - HikariPool-4 - Shutdown initiated...
2021-05-19 10:03:12.155 [] INFO  - com.zaxxer.hikari.HikariDataSource - HikariPool-4 - Shutdown completed.
2021-05-19 10:03:12.155 [] INFO  - org.apache.catalina.core.StandardService - Stopping service [Tomcat]
2021-05-19 10:03:12.155 [] INFO  - o.s.boot.autoconfigure.logging.ConditionEvaluationReportLoggingListener - 

Error starting ApplicationContext. To display the conditions report re-run your application with 'debug' enabled.
2021-05-19 10:15:40.929 [] INFO  - com.aceex.wscairu.WscairuApplication - Starting WscairuApplication on DESKTOP-QSSSMPN with PID 13936 (C:\Desenv\Spring\wscairu\target\classes started by Ivo Barbosa in C:\Desenv\Spring\wscairu)
2021-05-19 10:15:40.929 [] INFO  - com.aceex.wscairu.WscairuApplication - The following profiles are active: sql
2021-05-19 10:15:41.147 [] INFO  - org.springframework.data.repository.config.RepositoryConfigurationDelegate - Bootstrapping Spring Data JPA repositories in DEFERRED mode.
2021-05-19 10:15:41.300 [] INFO  - org.springframework.data.repository.config.RepositoryConfigurationDelegate - Finished Spring Data repository scanning in 148ms. Found 50 JPA repository interfaces.
2021-05-19 10:15:41.482 [] INFO  - org.springframework.boot.web.embedded.tomcat.TomcatWebServer - Tomcat initialized with port(s): 8081 (http)
2021-05-19 10:15:41.485 [] INFO  - org.apache.catalina.core.StandardService - Starting service [Tomcat]
2021-05-19 10:15:41.485 [] INFO  - org.apache.catalina.core.StandardEngine - Starting Servlet engine: [Apache Tomcat/9.0.38]
2021-05-19 10:15:41.500 [] INFO  - org.apache.catalina.core.ContainerBase.[Tomcat-3].[localhost].[/] - Initializing Spring embedded WebApplicationContext
2021-05-19 10:15:41.500 [] INFO  - org.springframework.boot.web.servlet.context.ServletWebServerApplicationContext - Root WebApplicationContext: initialization completed in 571 ms
2021-05-19 10:15:41.516 [] INFO  - com.zaxxer.hikari.HikariDataSource - HikariPool-5 - Starting...
2021-05-19 10:15:42.989 [] INFO  - com.zaxxer.hikari.HikariDataSource - HikariPool-5 - Start completed.
2021-05-19 10:15:42.999 [] INFO  - org.springframework.boot.autoconfigure.h2.H2ConsoleAutoConfiguration - H2 console available at '/h2-console'. Database available at 'jdbc:sqlserver://SRVBD:1433;useFmtOnly=false;useBulkCopyForBatchInsert=false;cancelQueryTimeout=-1;sslProtocol=TLS;jaasConfigurationName=SQLJDBCDriver;statementPoolingCacheSize=0;serverPreparedStatementDiscardThreshold=10;enablePrepareOnFirstPreparedStatementCall=false;fips=false;socketTimeout=0;authentication=NotSpecified;authenticationScheme=nativeAuthentication;xopenStates=false;sendTimeAsDatetime=true;trustStoreType=JKS;trustServerCertificate=false;TransparentNetworkIPResolution=true;serverNameAsACE=false;sendStringParametersAsUnicode=true;selectMethod=direct;responseBuffering=adaptive;queryTimeout=-1;packetSize=8000;multiSubnetFailover=false;loginTimeout=30;lockTimeout=-1;lastUpdateCount=true;encrypt=false;disableStatementPooling=true;databaseName=logixdsv;columnEncryptionSetting=Disabled;applicationName=Microsoft JDBC Driver for SQL Server;applicationIntent=readwrite;'
2021-05-19 10:15:43.048 [] INFO  - org.springframework.scheduling.concurrent.ThreadPoolTaskExecutor - Initializing ExecutorService 'applicationTaskExecutor'
2021-05-19 10:15:43.089 [] INFO  - org.hibernate.jpa.internal.util.LogHelper - HHH000204: Processing PersistenceUnitInfo [name: default]
2021-05-19 10:15:43.105 [] INFO  - org.hibernate.dialect.Dialect - HHH000400: Using dialect: org.hibernate.dialect.SQLServer2012Dialect
2021-05-19 10:15:43.236 [] INFO  - org.springframework.security.web.DefaultSecurityFilterChain - Creating filter chain: any request, [org.springframework.security.web.context.request.async.WebAsyncManagerIntegrationFilter@5d44e77, org.springframework.security.web.context.SecurityContextPersistenceFilter@24ff026, org.springframework.security.web.header.HeaderWriterFilter@225668ef, org.springframework.web.filter.CorsFilter@4698d611, org.springframework.security.web.authentication.logout.LogoutFilter@49bc1447, com.aceex.wscairu.security.JWTAuthenticationFilter@68852d4d, com.aceex.wscairu.security.JWTAuthorizationFilter@795434be, org.springframework.security.web.savedrequest.RequestCacheAwareFilter@79b22a70, org.springframework.security.web.servletapi.SecurityContextHolderAwareRequestFilter@68b224b9, org.springframework.security.web.authentication.AnonymousAuthenticationFilter@5ed46a15, org.springframework.security.web.session.SessionManagementFilter@44031c5b, org.springframework.security.web.access.ExceptionTranslationFilter@79a054d3, org.springframework.security.web.access.intercept.FilterSecurityInterceptor@3aa57ca7]
2021-05-19 10:15:45.057 [] INFO  - org.hibernate.engine.transaction.jta.platform.internal.JtaPlatformInitiator - HHH000490: Using JtaPlatform implementation: [org.hibernate.engine.transaction.jta.platform.internal.NoJtaPlatform]
2021-05-19 10:15:45.057 [] INFO  - org.springframework.orm.jpa.LocalContainerEntityManagerFactoryBean - Initialized JPA EntityManagerFactory for persistence unit 'default'
2021-05-19 10:15:48.427 [] INFO  - org.springframework.orm.jpa.LocalContainerEntityManagerFactoryBean - Closing JPA EntityManagerFactory for persistence unit 'default'
2021-05-19 10:15:48.428 [] INFO  - org.springframework.scheduling.concurrent.ThreadPoolTaskExecutor - Shutting down ExecutorService 'applicationTaskExecutor'
2021-05-19 10:15:48.428 [] INFO  - com.zaxxer.hikari.HikariDataSource - HikariPool-5 - Shutdown initiated...
2021-05-19 10:15:49.207 [] INFO  - com.zaxxer.hikari.HikariDataSource - HikariPool-5 - Shutdown completed.
2021-05-19 10:15:49.207 [] INFO  - org.apache.catalina.core.StandardService - Stopping service [Tomcat]
2021-05-19 10:15:49.222 [] INFO  - o.s.boot.autoconfigure.logging.ConditionEvaluationReportLoggingListener - 

Error starting ApplicationContext. To display the conditions report re-run your application with 'debug' enabled.
2021-05-19 10:15:57.389 [] INFO  - com.aceex.wscairu.WscairuApplication - Starting WscairuApplication on DESKTOP-QSSSMPN with PID 13936 (C:\Desenv\Spring\wscairu\target\classes started by Ivo Barbosa in C:\Desenv\Spring\wscairu)
2021-05-19 10:15:57.389 [] INFO  - com.aceex.wscairu.WscairuApplication - The following profiles are active: sql
2021-05-19 10:15:57.606 [] INFO  - org.springframework.data.repository.config.RepositoryConfigurationDelegate - Bootstrapping Spring Data JPA repositories in DEFERRED mode.
2021-05-19 10:15:57.760 [] INFO  - org.springframework.data.repository.config.RepositoryConfigurationDelegate - Finished Spring Data repository scanning in 151ms. Found 50 JPA repository interfaces.
2021-05-19 10:15:57.907 [] INFO  - org.springframework.boot.web.embedded.tomcat.TomcatWebServer - Tomcat initialized with port(s): 8081 (http)
2021-05-19 10:15:57.907 [] INFO  - org.apache.catalina.core.StandardService - Starting service [Tomcat]
2021-05-19 10:15:57.907 [] INFO  - org.apache.catalina.core.StandardEngine - Starting Servlet engine: [Apache Tomcat/9.0.38]
2021-05-19 10:15:57.929 [] INFO  - org.apache.catalina.core.ContainerBase.[Tomcat-4].[localhost].[/] - Initializing Spring embedded WebApplicationContext
2021-05-19 10:15:57.929 [] INFO  - org.springframework.boot.web.servlet.context.ServletWebServerApplicationContext - Root WebApplicationContext: initialization completed in 540 ms
2021-05-19 10:15:57.945 [] INFO  - com.zaxxer.hikari.HikariDataSource - HikariPool-6 - Starting...
2021-05-19 10:15:58.994 [] INFO  - com.zaxxer.hikari.HikariDataSource - HikariPool-6 - Start completed.
2021-05-19 10:15:59.007 [] INFO  - org.springframework.boot.autoconfigure.h2.H2ConsoleAutoConfiguration - H2 console available at '/h2-console'. Database available at 'jdbc:sqlserver://SRVBD:1433;useFmtOnly=false;useBulkCopyForBatchInsert=false;cancelQueryTimeout=-1;sslProtocol=TLS;jaasConfigurationName=SQLJDBCDriver;statementPoolingCacheSize=0;serverPreparedStatementDiscardThreshold=10;enablePrepareOnFirstPreparedStatementCall=false;fips=false;socketTimeout=0;authentication=NotSpecified;authenticationScheme=nativeAuthentication;xopenStates=false;sendTimeAsDatetime=true;trustStoreType=JKS;trustServerCertificate=false;TransparentNetworkIPResolution=true;serverNameAsACE=false;sendStringParametersAsUnicode=true;selectMethod=direct;responseBuffering=adaptive;queryTimeout=-1;packetSize=8000;multiSubnetFailover=false;loginTimeout=30;lockTimeout=-1;lastUpdateCount=true;encrypt=false;disableStatementPooling=true;databaseName=logixdsv;columnEncryptionSetting=Disabled;applicationName=Microsoft JDBC Driver for SQL Server;applicationIntent=readwrite;'
2021-05-19 10:15:59.048 [] INFO  - org.springframework.scheduling.concurrent.ThreadPoolTaskExecutor - Initializing ExecutorService 'applicationTaskExecutor'
2021-05-19 10:15:59.079 [] INFO  - org.hibernate.jpa.internal.util.LogHelper - HHH000204: Processing PersistenceUnitInfo [name: default]
2021-05-19 10:15:59.094 [] INFO  - org.hibernate.dialect.Dialect - HHH000400: Using dialect: org.hibernate.dialect.SQLServer2012Dialect
2021-05-19 10:15:59.210 [] INFO  - org.springframework.security.web.DefaultSecurityFilterChain - Creating filter chain: any request, [org.springframework.security.web.context.request.async.WebAsyncManagerIntegrationFilter@7865d5d0, org.springframework.security.web.context.SecurityContextPersistenceFilter@eeffebd, org.springframework.security.web.header.HeaderWriterFilter@548dcda, org.springframework.web.filter.CorsFilter@669609dc, org.springframework.security.web.authentication.logout.LogoutFilter@7f44f787, com.aceex.wscairu.security.JWTAuthenticationFilter@41914fa1, com.aceex.wscairu.security.JWTAuthorizationFilter@25b227b9, org.springframework.security.web.savedrequest.RequestCacheAwareFilter@5a934ee8, org.springframework.security.web.servletapi.SecurityContextHolderAwareRequestFilter@19fee76c, org.springframework.security.web.authentication.AnonymousAuthenticationFilter@732fbd8a, org.springframework.security.web.session.SessionManagementFilter@3985c862, org.springframework.security.web.access.ExceptionTranslationFilter@54a01111, org.springframework.security.web.access.intercept.FilterSecurityInterceptor@1e3f4f0d]
2021-05-19 10:16:01.216 [] INFO  - org.hibernate.engine.transaction.jta.platform.internal.JtaPlatformInitiator - HHH000490: Using JtaPlatform implementation: [org.hibernate.engine.transaction.jta.platform.internal.NoJtaPlatform]
2021-05-19 10:16:01.216 [] INFO  - org.springframework.orm.jpa.LocalContainerEntityManagerFactoryBean - Initialized JPA EntityManagerFactory for persistence unit 'default'
2021-05-19 10:16:04.628 [] INFO  - org.springframework.orm.jpa.LocalContainerEntityManagerFactoryBean - Closing JPA EntityManagerFactory for persistence unit 'default'
2021-05-19 10:16:04.629 [] INFO  - org.springframework.scheduling.concurrent.ThreadPoolTaskExecutor - Shutting down ExecutorService 'applicationTaskExecutor'
2021-05-19 10:16:04.629 [] INFO  - com.zaxxer.hikari.HikariDataSource - HikariPool-6 - Shutdown initiated...
2021-05-19 10:16:05.065 [] INFO  - com.zaxxer.hikari.HikariDataSource - HikariPool-6 - Shutdown completed.
2021-05-19 10:16:05.065 [] INFO  - org.apache.catalina.core.StandardService - Stopping service [Tomcat]
2021-05-19 10:16:05.081 [] INFO  - o.s.boot.autoconfigure.logging.ConditionEvaluationReportLoggingListener - 

Error starting ApplicationContext. To display the conditions report re-run your application with 'debug' enabled.
2021-05-19 10:17:33.685 [] INFO  - com.aceex.wscairu.WscairuApplication - Starting WscairuApplication on DESKTOP-QSSSMPN with PID 13936 (C:\Desenv\Spring\wscairu\target\classes started by Ivo Barbosa in C:\Desenv\Spring\wscairu)
2021-05-19 10:17:33.685 [] INFO  - com.aceex.wscairu.WscairuApplication - The following profiles are active: sql
2021-05-19 10:17:33.922 [] INFO  - org.springframework.data.repository.config.RepositoryConfigurationDelegate - Bootstrapping Spring Data JPA repositories in DEFERRED mode.
2021-05-19 10:17:34.076 [] INFO  - org.springframework.data.repository.config.RepositoryConfigurationDelegate - Finished Spring Data repository scanning in 151ms. Found 50 JPA repository interfaces.
2021-05-19 10:17:34.207 [] INFO  - org.springframework.boot.web.embedded.tomcat.TomcatWebServer - Tomcat initialized with port(s): 8081 (http)
2021-05-19 10:17:34.207 [] INFO  - org.apache.catalina.core.StandardService - Starting service [Tomcat]
2021-05-19 10:17:34.207 [] INFO  - org.apache.catalina.core.StandardEngine - Starting Servlet engine: [Apache Tomcat/9.0.38]
2021-05-19 10:17:34.223 [] INFO  - org.apache.catalina.core.ContainerBase.[Tomcat-5].[localhost].[/] - Initializing Spring embedded WebApplicationContext
2021-05-19 10:17:34.238 [] INFO  - org.springframework.boot.web.servlet.context.ServletWebServerApplicationContext - Root WebApplicationContext: initialization completed in 553 ms
2021-05-19 10:17:34.254 [] INFO  - com.zaxxer.hikari.HikariDataSource - HikariPool-7 - Starting...
2021-05-19 10:17:35.356 [] INFO  - com.zaxxer.hikari.HikariDataSource - HikariPool-7 - Start completed.
2021-05-19 10:17:35.367 [] INFO  - org.springframework.boot.autoconfigure.h2.H2ConsoleAutoConfiguration - H2 console available at '/h2-console'. Database available at 'jdbc:sqlserver://SRVBD:1433;useFmtOnly=false;useBulkCopyForBatchInsert=false;cancelQueryTimeout=-1;sslProtocol=TLS;jaasConfigurationName=SQLJDBCDriver;statementPoolingCacheSize=0;serverPreparedStatementDiscardThreshold=10;enablePrepareOnFirstPreparedStatementCall=false;fips=false;socketTimeout=0;authentication=NotSpecified;authenticationScheme=nativeAuthentication;xopenStates=false;sendTimeAsDatetime=true;trustStoreType=JKS;trustServerCertificate=false;TransparentNetworkIPResolution=true;serverNameAsACE=false;sendStringParametersAsUnicode=true;selectMethod=direct;responseBuffering=adaptive;queryTimeout=-1;packetSize=8000;multiSubnetFailover=false;loginTimeout=30;lockTimeout=-1;lastUpdateCount=true;encrypt=false;disableStatementPooling=true;databaseName=logixdsv;columnEncryptionSetting=Disabled;applicationName=Microsoft JDBC Driver for SQL Server;applicationIntent=readwrite;'
2021-05-19 10:17:35.390 [] INFO  - org.springframework.scheduling.concurrent.ThreadPoolTaskExecutor - Initializing ExecutorService 'applicationTaskExecutor'
2021-05-19 10:17:35.421 [] INFO  - org.hibernate.jpa.internal.util.LogHelper - HHH000204: Processing PersistenceUnitInfo [name: default]
2021-05-19 10:17:35.429 [] INFO  - org.hibernate.dialect.Dialect - HHH000400: Using dialect: org.hibernate.dialect.SQLServer2012Dialect
2021-05-19 10:17:35.539 [] INFO  - org.springframework.security.web.DefaultSecurityFilterChain - Creating filter chain: any request, [org.springframework.security.web.context.request.async.WebAsyncManagerIntegrationFilter@175719fd, org.springframework.security.web.context.SecurityContextPersistenceFilter@12460c15, org.springframework.security.web.header.HeaderWriterFilter@35b9eec1, org.springframework.web.filter.CorsFilter@7a0bf88, org.springframework.security.web.authentication.logout.LogoutFilter@519168c3, com.aceex.wscairu.security.JWTAuthenticationFilter@3a219313, com.aceex.wscairu.security.JWTAuthorizationFilter@2c415dab, org.springframework.security.web.savedrequest.RequestCacheAwareFilter@49c02ae1, org.springframework.security.web.servletapi.SecurityContextHolderAwareRequestFilter@33751afe, org.springframework.security.web.authentication.AnonymousAuthenticationFilter@376312f, org.springframework.security.web.session.SessionManagementFilter@706618c8, org.springframework.security.web.access.ExceptionTranslationFilter@41d351c5, org.springframework.security.web.access.intercept.FilterSecurityInterceptor@5348b7d3]
2021-05-19 10:17:37.639 [] INFO  - org.hibernate.engine.transaction.jta.platform.internal.JtaPlatformInitiator - HHH000490: Using JtaPlatform implementation: [org.hibernate.engine.transaction.jta.platform.internal.NoJtaPlatform]
2021-05-19 10:17:37.639 [] INFO  - org.springframework.orm.jpa.LocalContainerEntityManagerFactoryBean - Initialized JPA EntityManagerFactory for persistence unit 'default'
2021-05-19 10:17:41.556 [] INFO  - org.springframework.orm.jpa.LocalContainerEntityManagerFactoryBean - Closing JPA EntityManagerFactory for persistence unit 'default'
2021-05-19 10:17:41.556 [] INFO  - org.springframework.scheduling.concurrent.ThreadPoolTaskExecutor - Shutting down ExecutorService 'applicationTaskExecutor'
2021-05-19 10:17:41.557 [] INFO  - com.zaxxer.hikari.HikariDataSource - HikariPool-7 - Shutdown initiated...
2021-05-19 10:17:42.357 [] INFO  - com.zaxxer.hikari.HikariDataSource - HikariPool-7 - Shutdown completed.
2021-05-19 10:17:42.357 [] INFO  - org.apache.catalina.core.StandardService - Stopping service [Tomcat]
2021-05-19 10:17:42.373 [] INFO  - o.s.boot.autoconfigure.logging.ConditionEvaluationReportLoggingListener - 

Error starting ApplicationContext. To display the conditions report re-run your application with 'debug' enabled.
2021-05-19 10:18:59.239 [] INFO  - com.aceex.wscairu.WscairuApplication - Starting WscairuApplication on DESKTOP-QSSSMPN with PID 13936 (C:\Desenv\Spring\wscairu\target\classes started by Ivo Barbosa in C:\Desenv\Spring\wscairu)
2021-05-19 10:18:59.239 [] INFO  - com.aceex.wscairu.WscairuApplication - The following profiles are active: sql
2021-05-19 10:18:59.483 [] INFO  - org.springframework.data.repository.config.RepositoryConfigurationDelegate - Bootstrapping Spring Data JPA repositories in DEFERRED mode.
2021-05-19 10:18:59.636 [] INFO  - org.springframework.data.repository.config.RepositoryConfigurationDelegate - Finished Spring Data repository scanning in 146ms. Found 50 JPA repository interfaces.
2021-05-19 10:18:59.821 [] INFO  - org.springframework.boot.web.embedded.tomcat.TomcatWebServer - Tomcat initialized with port(s): 8081 (http)
2021-05-19 10:18:59.821 [] INFO  - org.apache.catalina.core.StandardService - Starting service [Tomcat]
2021-05-19 10:18:59.821 [] INFO  - org.apache.catalina.core.StandardEngine - Starting Servlet engine: [Apache Tomcat/9.0.38]
2021-05-19 10:18:59.837 [] INFO  - org.apache.catalina.core.ContainerBase.[Tomcat-6].[localhost].[/] - Initializing Spring embedded WebApplicationContext
2021-05-19 10:18:59.837 [] INFO  - org.springframework.boot.web.servlet.context.ServletWebServerApplicationContext - Root WebApplicationContext: initialization completed in 598 ms
2021-05-19 10:18:59.852 [] INFO  - com.zaxxer.hikari.HikariDataSource - HikariPool-8 - Starting...
2021-05-19 10:19:01.071 [] INFO  - com.zaxxer.hikari.HikariDataSource - HikariPool-8 - Start completed.
2021-05-19 10:19:01.077 [] INFO  - org.springframework.boot.autoconfigure.h2.H2ConsoleAutoConfiguration - H2 console available at '/h2-console'. Database available at 'jdbc:sqlserver://SRVBD:1433;useFmtOnly=false;useBulkCopyForBatchInsert=false;cancelQueryTimeout=-1;sslProtocol=TLS;jaasConfigurationName=SQLJDBCDriver;statementPoolingCacheSize=0;serverPreparedStatementDiscardThreshold=10;enablePrepareOnFirstPreparedStatementCall=false;fips=false;socketTimeout=0;authentication=NotSpecified;authenticationScheme=nativeAuthentication;xopenStates=false;sendTimeAsDatetime=true;trustStoreType=JKS;trustServerCertificate=false;TransparentNetworkIPResolution=true;serverNameAsACE=false;sendStringParametersAsUnicode=true;selectMethod=direct;responseBuffering=adaptive;queryTimeout=-1;packetSize=8000;multiSubnetFailover=false;loginTimeout=30;lockTimeout=-1;lastUpdateCount=true;encrypt=false;disableStatementPooling=true;databaseName=logixdsv;columnEncryptionSetting=Disabled;applicationName=Microsoft JDBC Driver for SQL Server;applicationIntent=readwrite;'
2021-05-19 10:19:01.125 [] INFO  - org.springframework.scheduling.concurrent.ThreadPoolTaskExecutor - Initializing ExecutorService 'applicationTaskExecutor'
2021-05-19 10:19:01.156 [] INFO  - org.hibernate.jpa.internal.util.LogHelper - HHH000204: Processing PersistenceUnitInfo [name: default]
2021-05-19 10:19:01.171 [] INFO  - org.hibernate.dialect.Dialect - HHH000400: Using dialect: org.hibernate.dialect.SQLServer2012Dialect
2021-05-19 10:19:01.303 [] INFO  - org.springframework.security.web.DefaultSecurityFilterChain - Creating filter chain: any request, [org.springframework.security.web.context.request.async.WebAsyncManagerIntegrationFilter@578849c9, org.springframework.security.web.context.SecurityContextPersistenceFilter@a7983ad, org.springframework.security.web.header.HeaderWriterFilter@64cefda7, org.springframework.web.filter.CorsFilter@41726f98, org.springframework.security.web.authentication.logout.LogoutFilter@476efd74, com.aceex.wscairu.security.JWTAuthenticationFilter@58499c47, com.aceex.wscairu.security.JWTAuthorizationFilter@48f92f35, org.springframework.security.web.savedrequest.RequestCacheAwareFilter@13ac038a, org.springframework.security.web.servletapi.SecurityContextHolderAwareRequestFilter@9cf79d, org.springframework.security.web.authentication.AnonymousAuthenticationFilter@5d2af1e2, org.springframework.security.web.session.SessionManagementFilter@1b334c51, org.springframework.security.web.access.ExceptionTranslationFilter@3665f535, org.springframework.security.web.access.intercept.FilterSecurityInterceptor@c239073]
2021-05-19 10:19:03.130 [] INFO  - org.hibernate.engine.transaction.jta.platform.internal.JtaPlatformInitiator - HHH000490: Using JtaPlatform implementation: [org.hibernate.engine.transaction.jta.platform.internal.NoJtaPlatform]
2021-05-19 10:19:03.130 [] INFO  - org.springframework.orm.jpa.LocalContainerEntityManagerFactoryBean - Initialized JPA EntityManagerFactory for persistence unit 'default'
2021-05-19 10:19:06.971 [] INFO  - org.springframework.boot.devtools.autoconfigure.OptionalLiveReloadServer - LiveReload server is running on port 35729
2021-05-19 10:19:06.987 [] INFO  - org.springframework.boot.web.embedded.tomcat.TomcatWebServer - Tomcat started on port(s): 8081 (http) with context path ''
2021-05-19 10:19:07.003 [] INFO  - o.s.data.repository.config.DeferredRepositoryInitializationListener - Triggering deferred initialization of Spring Data repositories…
2021-05-19 10:19:07.727 [] INFO  - o.s.data.repository.config.DeferredRepositoryInitializationListener - Spring Data repositories initialized!
2021-05-19 10:19:07.727 [] INFO  - com.aceex.wscairu.WscairuApplication - Started WscairuApplication in 8.539 seconds (JVM running for 1608.429)
2021-05-19 10:19:07.727 [] INFO  - o.s.boot.devtools.autoconfigure.ConditionEvaluationDeltaLoggingListener - Condition evaluation unchanged
2021-05-19 10:19:07.727 [] INFO  - com.aceex.wscairu.WscairuApplication - API VERSÃO 1.01
2021-05-19 10:19:30.477 [] INFO  - org.apache.catalina.core.ContainerBase.[Tomcat-6].[localhost].[/] - Initializing Spring DispatcherServlet 'dispatcherServlet'
2021-05-19 10:19:30.477 [] INFO  - org.springframework.web.servlet.DispatcherServlet - Initializing Servlet 'dispatcherServlet'
2021-05-19 10:19:30.479 [] INFO  - org.springframework.web.servlet.DispatcherServlet - Completed initialization in 2 ms
2021-05-19 10:28:16.077 [] INFO  - o.s.boot.admin.SpringApplicationAdminMXBeanRegistrar$SpringApplicationAdmin - Application shutdown requested.
2021-05-19 10:28:16.377 [] INFO  - org.springframework.orm.jpa.LocalContainerEntityManagerFactoryBean - Closing JPA EntityManagerFactory for persistence unit 'default'
2021-05-19 10:28:16.377 [] INFO  - org.springframework.scheduling.concurrent.ThreadPoolTaskExecutor - Shutting down ExecutorService 'applicationTaskExecutor'
2021-05-19 10:28:16.377 [] INFO  - com.zaxxer.hikari.HikariDataSource - HikariPool-8 - Shutdown initiated...
2021-05-19 10:28:16.377 [] INFO  - com.zaxxer.hikari.HikariDataSource - HikariPool-8 - Shutdown completed.
