2021-05-12 15:52:50.461 [] INFO  - com.aceex.wscairu.WscairuApplication - Starting WscairuApplication on DESKTOP-QSSSMPN with PID 3900 (C:\Desenv\Spring\wscairu\target\classes started by Ivo Barbosa in C:\Desenv\Spring\wscairu)
2021-05-12 15:52:50.476 [] INFO  - com.aceex.wscairu.WscairuApplication - The following profiles are active: sql
2021-05-12 15:52:50.561 [] INFO  - org.springframework.boot.devtools.restart.ChangeableUrls - The Class-Path manifest attribute in C:\Users\Ivo Barbosa\.m2\repository\com\oracle\ojdbc\ojdbc8\19.3.0.0\ojdbc8-19.3.0.0.jar referenced one or more files that do not exist: file:/C:/Users/Ivo%20Barbosa/.m2/repository/com/oracle/ojdbc/ojdbc8/19.3.0.0/oraclepki.jar
2021-05-12 15:52:50.561 [] INFO  - org.springframework.boot.devtools.restart.ChangeableUrls - The Class-Path manifest attribute in C:\Users\Ivo Barbosa\.m2\repository\com\oracle\ojdbc\oraclepki\19.3.0.0\oraclepki-19.3.0.0.jar referenced one or more files that do not exist: file:/C:/Users/Ivo%20Barbosa/.m2/repository/com/oracle/ojdbc/oraclepki/19.3.0.0/osdt_core.jar,file:/C:/Users/Ivo%20Barbosa/.m2/repository/com/oracle/ojdbc/oraclepki/19.3.0.0/osdt_cert.jar,file:/C:/Users/Ivo%20Barbosa/.m2/repository/com/oracle/ojdbc/oraclepki/oracle.osdt/osdt_core.jar,file:/C:/Users/Ivo%20Barbosa/.m2/repository/com/oracle/ojdbc/oraclepki/oracle.osdt/osdt_cert.jar
2021-05-12 15:52:50.561 [] INFO  - org.springframework.boot.devtools.env.DevToolsPropertyDefaultsPostProcessor - Devtools property defaults active! Set 'spring.devtools.add-properties' to 'false' to disable
2021-05-12 15:52:50.561 [] INFO  - org.springframework.boot.devtools.env.DevToolsPropertyDefaultsPostProcessor - For additional web related logging consider setting the 'logging.level.web' property to 'DEBUG'
2021-05-12 15:52:51.895 [] INFO  - org.springframework.data.repository.config.RepositoryConfigurationDelegate - Bootstrapping Spring Data JPA repositories in DEFERRED mode.
2021-05-12 15:52:52.164 [] INFO  - org.springframework.data.repository.config.RepositoryConfigurationDelegate - Finished Spring Data repository scanning in 256ms. Found 50 JPA repository interfaces.
2021-05-12 15:52:52.897 [] INFO  - org.springframework.boot.web.embedded.tomcat.TomcatWebServer - Tomcat initialized with port(s): 8081 (http)
2021-05-12 15:52:52.916 [] INFO  - org.apache.catalina.core.StandardService - Starting service [Tomcat]
2021-05-12 15:52:52.916 [] INFO  - org.apache.catalina.core.StandardEngine - Starting Servlet engine: [Apache Tomcat/9.0.38]
2021-05-12 15:52:53.044 [] INFO  - org.apache.catalina.core.ContainerBase.[Tomcat].[localhost].[/] - Initializing Spring embedded WebApplicationContext
2021-05-12 15:52:53.044 [] INFO  - org.springframework.boot.web.servlet.context.ServletWebServerApplicationContext - Root WebApplicationContext: initialization completed in 2483 ms
2021-05-12 15:52:53.382 [] INFO  - com.zaxxer.hikari.HikariDataSource - HikariPool-1 - Starting...
2021-05-12 15:52:55.835 [] INFO  - com.zaxxer.hikari.HikariDataSource - HikariPool-1 - Start completed.
2021-05-12 15:52:55.850 [] INFO  - org.springframework.boot.autoconfigure.h2.H2ConsoleAutoConfiguration - H2 console available at '/h2-console'. Database available at 'jdbc:sqlserver://SRVBD:1433;useFmtOnly=false;useBulkCopyForBatchInsert=false;cancelQueryTimeout=-1;sslProtocol=TLS;jaasConfigurationName=SQLJDBCDriver;statementPoolingCacheSize=0;serverPreparedStatementDiscardThreshold=10;enablePrepareOnFirstPreparedStatementCall=false;fips=false;socketTimeout=0;authentication=NotSpecified;authenticationScheme=nativeAuthentication;xopenStates=false;sendTimeAsDatetime=true;trustStoreType=JKS;trustServerCertificate=false;TransparentNetworkIPResolution=true;serverNameAsACE=false;sendStringParametersAsUnicode=true;selectMethod=direct;responseBuffering=adaptive;queryTimeout=-1;packetSize=8000;multiSubnetFailover=false;loginTimeout=30;lockTimeout=-1;lastUpdateCount=true;encrypt=false;disableStatementPooling=true;databaseName=logixdsv;columnEncryptionSetting=Disabled;applicationName=Microsoft JDBC Driver for SQL Server;applicationIntent=readwrite;'
2021-05-12 15:52:55.989 [] INFO  - org.springframework.scheduling.concurrent.ThreadPoolTaskExecutor - Initializing ExecutorService 'applicationTaskExecutor'
2021-05-12 15:52:56.074 [] INFO  - org.hibernate.jpa.internal.util.LogHelper - HHH000204: Processing PersistenceUnitInfo [name: default]
2021-05-12 15:52:56.205 [] INFO  - org.hibernate.Version - HHH000412: Hibernate ORM core version 5.4.21.Final
2021-05-12 15:52:56.437 [] INFO  - org.hibernate.annotations.common.Version - HCANN000001: Hibernate Commons Annotations {5.1.0.Final}
2021-05-12 15:52:56.552 [] INFO  - org.springframework.security.web.DefaultSecurityFilterChain - Creating filter chain: any request, [org.springframework.security.web.context.request.async.WebAsyncManagerIntegrationFilter@34a1122c, org.springframework.security.web.context.SecurityContextPersistenceFilter@6289ba4f, org.springframework.security.web.header.HeaderWriterFilter@10b30a70, org.springframework.web.filter.CorsFilter@46490680, org.springframework.security.web.authentication.logout.LogoutFilter@62203a6d, com.aceex.wscairu.security.JWTAuthenticationFilter@2579ade, com.aceex.wscairu.security.JWTAuthorizationFilter@6e517ebf, org.springframework.security.web.savedrequest.RequestCacheAwareFilter@47d0da26, org.springframework.security.web.servletapi.SecurityContextHolderAwareRequestFilter@7304ba3a, org.springframework.security.web.authentication.AnonymousAuthenticationFilter@525d312b, org.springframework.security.web.session.SessionManagementFilter@4263a4da, org.springframework.security.web.access.ExceptionTranslationFilter@63dd4624, org.springframework.security.web.access.intercept.FilterSecurityInterceptor@6332b9c0]
2021-05-12 15:52:56.953 [] INFO  - org.hibernate.dialect.Dialect - HHH000400: Using dialect: org.hibernate.dialect.SQLServer2012Dialect
2021-05-12 15:53:00.214 [] INFO  - org.hibernate.engine.transaction.jta.platform.internal.JtaPlatformInitiator - HHH000490: Using JtaPlatform implementation: [org.hibernate.engine.transaction.jta.platform.internal.NoJtaPlatform]
2021-05-12 15:53:00.231 [] INFO  - org.springframework.orm.jpa.LocalContainerEntityManagerFactoryBean - Initialized JPA EntityManagerFactory for persistence unit 'default'
2021-05-12 15:53:05.106 [] INFO  - org.springframework.boot.devtools.autoconfigure.OptionalLiveReloadServer - LiveReload server is running on port 35729
2021-05-12 15:53:05.175 [] INFO  - org.springframework.boot.web.embedded.tomcat.TomcatWebServer - Tomcat started on port(s): 8081 (http) with context path ''
2021-05-12 15:53:05.175 [] INFO  - o.s.data.repository.config.DeferredRepositoryInitializationListener - Triggering deferred initialization of Spring Data repositories‚Ä¶
2021-05-12 15:53:06.077 [] INFO  - o.s.data.repository.config.DeferredRepositoryInitializationListener - Spring Data repositories initialized!
2021-05-12 15:53:06.085 [] INFO  - com.aceex.wscairu.WscairuApplication - Started WscairuApplication in 16.198 seconds (JVM running for 17.28)
2021-05-12 15:53:06.085 [] INFO  - com.aceex.wscairu.WscairuApplication - API VERS√ÉO 1.00
2021-05-12 15:54:11.756 [] INFO  - org.apache.catalina.core.ContainerBase.[Tomcat].[localhost].[/] - Initializing Spring DispatcherServlet 'dispatcherServlet'
2021-05-12 15:54:11.756 [] INFO  - org.springframework.web.servlet.DispatcherServlet - Initializing Servlet 'dispatcherServlet'
2021-05-12 15:54:11.763 [] INFO  - org.springframework.web.servlet.DispatcherServlet - Completed initialization in 7 ms
2021-05-12 15:54:13.572 [] INFO  - com.aceex.wscairu.service.EmpresaService - Consulta de empresas
2021-05-12 16:08:12.590 [] INFO  - o.s.boot.admin.SpringApplicationAdminMXBeanRegistrar$SpringApplicationAdmin - Application shutdown requested.
2021-05-12 16:08:12.879 [] INFO  - org.springframework.orm.jpa.LocalContainerEntityManagerFactoryBean - Closing JPA EntityManagerFactory for persistence unit 'default'
2021-05-12 16:08:12.879 [] INFO  - org.springframework.scheduling.concurrent.ThreadPoolTaskExecutor - Shutting down ExecutorService 'applicationTaskExecutor'
2021-05-12 16:08:12.879 [] INFO  - com.zaxxer.hikari.HikariDataSource - HikariPool-1 - Shutdown initiated...
2021-05-12 16:08:12.879 [] INFO  - com.zaxxer.hikari.HikariDataSource - HikariPool-1 - Shutdown completed.
2021-05-12 16:08:31.235 [] INFO  - com.aceex.wscairu.WscairuApplication - Starting WscairuApplication on DESKTOP-QSSSMPN with PID 5312 (C:\Desenv\Spring\wscairu\target\classes started by Ivo Barbosa in C:\Desenv\Spring\wscairu)
2021-05-12 16:08:31.235 [] INFO  - com.aceex.wscairu.WscairuApplication - The following profiles are active: sql
2021-05-12 16:08:31.277 [] INFO  - org.springframework.boot.devtools.restart.ChangeableUrls - The Class-Path manifest attribute in C:\Users\Ivo Barbosa\.m2\repository\com\oracle\ojdbc\ojdbc8\19.3.0.0\ojdbc8-19.3.0.0.jar referenced one or more files that do not exist: file:/C:/Users/Ivo%20Barbosa/.m2/repository/com/oracle/ojdbc/ojdbc8/19.3.0.0/oraclepki.jar
2021-05-12 16:08:31.277 [] INFO  - org.springframework.boot.devtools.restart.ChangeableUrls - The Class-Path manifest attribute in C:\Users\Ivo Barbosa\.m2\repository\com\oracle\ojdbc\oraclepki\19.3.0.0\oraclepki-19.3.0.0.jar referenced one or more files that do not exist: file:/C:/Users/Ivo%20Barbosa/.m2/repository/com/oracle/ojdbc/oraclepki/19.3.0.0/osdt_core.jar,file:/C:/Users/Ivo%20Barbosa/.m2/repository/com/oracle/ojdbc/oraclepki/19.3.0.0/osdt_cert.jar,file:/C:/Users/Ivo%20Barbosa/.m2/repository/com/oracle/ojdbc/oraclepki/oracle.osdt/osdt_core.jar,file:/C:/Users/Ivo%20Barbosa/.m2/repository/com/oracle/ojdbc/oraclepki/oracle.osdt/osdt_cert.jar
2021-05-12 16:08:31.277 [] INFO  - org.springframework.boot.devtools.env.DevToolsPropertyDefaultsPostProcessor - Devtools property defaults active! Set 'spring.devtools.add-properties' to 'false' to disable
2021-05-12 16:08:31.277 [] INFO  - org.springframework.boot.devtools.env.DevToolsPropertyDefaultsPostProcessor - For additional web related logging consider setting the 'logging.level.web' property to 'DEBUG'
2021-05-12 16:08:32.141 [] INFO  - org.springframework.data.repository.config.RepositoryConfigurationDelegate - Bootstrapping Spring Data JPA repositories in DEFERRED mode.
2021-05-12 16:08:32.427 [] INFO  - org.springframework.data.repository.config.RepositoryConfigurationDelegate - Finished Spring Data repository scanning in 277ms. Found 50 JPA repository interfaces.
2021-05-12 16:08:33.082 [] INFO  - org.springframework.boot.web.embedded.tomcat.TomcatWebServer - Tomcat initialized with port(s): 8081 (http)
2021-05-12 16:08:33.097 [] INFO  - org.apache.catalina.core.StandardService - Starting service [Tomcat]
2021-05-12 16:08:33.097 [] INFO  - org.apache.catalina.core.StandardEngine - Starting Servlet engine: [Apache Tomcat/9.0.38]
2021-05-12 16:08:33.198 [] INFO  - org.apache.catalina.core.ContainerBase.[Tomcat].[localhost].[/] - Initializing Spring embedded WebApplicationContext
2021-05-12 16:08:33.198 [] INFO  - org.springframework.boot.web.servlet.context.ServletWebServerApplicationContext - Root WebApplicationContext: initialization completed in 1921 ms
2021-05-12 16:08:33.313 [] INFO  - com.zaxxer.hikari.HikariDataSource - HikariPool-1 - Starting...
2021-05-12 16:08:35.403 [] INFO  - com.zaxxer.hikari.HikariDataSource - HikariPool-1 - Start completed.
2021-05-12 16:08:35.411 [] INFO  - org.springframework.boot.autoconfigure.h2.H2ConsoleAutoConfiguration - H2 console available at '/h2-console'. Database available at 'jdbc:sqlserver://SRVBD:1433;useFmtOnly=false;useBulkCopyForBatchInsert=false;cancelQueryTimeout=-1;sslProtocol=TLS;jaasConfigurationName=SQLJDBCDriver;statementPoolingCacheSize=0;serverPreparedStatementDiscardThreshold=10;enablePrepareOnFirstPreparedStatementCall=false;fips=false;socketTimeout=0;authentication=NotSpecified;authenticationScheme=nativeAuthentication;xopenStates=false;sendTimeAsDatetime=true;trustStoreType=JKS;trustServerCertificate=false;TransparentNetworkIPResolution=true;serverNameAsACE=false;sendStringParametersAsUnicode=true;selectMethod=direct;responseBuffering=adaptive;queryTimeout=-1;packetSize=8000;multiSubnetFailover=false;loginTimeout=30;lockTimeout=-1;lastUpdateCount=true;encrypt=false;disableStatementPooling=true;databaseName=logixdsv;columnEncryptionSetting=Disabled;applicationName=Microsoft JDBC Driver for SQL Server;applicationIntent=readwrite;'
2021-05-12 16:08:35.519 [] INFO  - org.springframework.scheduling.concurrent.ThreadPoolTaskExecutor - Initializing ExecutorService 'applicationTaskExecutor'
2021-05-12 16:08:35.588 [] INFO  - org.hibernate.jpa.internal.util.LogHelper - HHH000204: Processing PersistenceUnitInfo [name: default]
2021-05-12 16:08:35.657 [] INFO  - org.hibernate.Version - HHH000412: Hibernate ORM core version 5.4.21.Final
2021-05-12 16:08:35.805 [] INFO  - org.hibernate.annotations.common.Version - HCANN000001: Hibernate Commons Annotations {5.1.0.Final}
2021-05-12 16:08:35.952 [] INFO  - org.springframework.security.web.DefaultSecurityFilterChain - Creating filter chain: any request, [org.springframework.security.web.context.request.async.WebAsyncManagerIntegrationFilter@5e5f9a81, org.springframework.security.web.context.SecurityContextPersistenceFilter@34c612d6, org.springframework.security.web.header.HeaderWriterFilter@5a064019, org.springframework.web.filter.CorsFilter@501af480, org.springframework.security.web.authentication.logout.LogoutFilter@7527948, com.aceex.wscairu.security.JWTAuthenticationFilter@2ba834bd, com.aceex.wscairu.security.JWTAuthorizationFilter@5da5b57a, org.springframework.security.web.savedrequest.RequestCacheAwareFilter@c109939, org.springframework.security.web.servletapi.SecurityContextHolderAwareRequestFilter@3d4dabf2, org.springframework.security.web.authentication.AnonymousAuthenticationFilter@7f0ca7dd, org.springframework.security.web.session.SessionManagementFilter@7a8cdf67, org.springframework.security.web.access.ExceptionTranslationFilter@40edac50, org.springframework.security.web.access.intercept.FilterSecurityInterceptor@3bb38389]
2021-05-12 16:08:36.152 [] INFO  - org.hibernate.dialect.Dialect - HHH000400: Using dialect: org.hibernate.dialect.SQLServer2012Dialect
2021-05-12 16:08:39.515 [] INFO  - org.hibernate.engine.transaction.jta.platform.internal.JtaPlatformInitiator - HHH000490: Using JtaPlatform implementation: [org.hibernate.engine.transaction.jta.platform.internal.NoJtaPlatform]
2021-05-12 16:08:39.531 [] INFO  - org.springframework.orm.jpa.LocalContainerEntityManagerFactoryBean - Initialized JPA EntityManagerFactory for persistence unit 'default'
2021-05-12 16:08:44.915 [] INFO  - org.springframework.boot.devtools.autoconfigure.OptionalLiveReloadServer - LiveReload server is running on port 35729
2021-05-12 16:08:44.978 [] INFO  - org.springframework.boot.web.embedded.tomcat.TomcatWebServer - Tomcat started on port(s): 8081 (http) with context path ''
2021-05-12 16:08:44.984 [] INFO  - o.s.data.repository.config.DeferredRepositoryInitializationListener - Triggering deferred initialization of Spring Data repositories‚Ä¶
2021-05-12 16:08:46.031 [] INFO  - o.s.data.repository.config.DeferredRepositoryInitializationListener - Spring Data repositories initialized!
2021-05-12 16:08:46.037 [] INFO  - com.aceex.wscairu.WscairuApplication - Started WscairuApplication in 15.286 seconds (JVM running for 16.685)
2021-05-12 16:08:46.037 [] INFO  - com.aceex.wscairu.WscairuApplication - API VERS√ÉO 1.00
2021-05-12 16:09:05.785 [] INFO  - org.apache.catalina.core.ContainerBase.[Tomcat].[localhost].[/] - Initializing Spring DispatcherServlet 'dispatcherServlet'
2021-05-12 16:09:05.786 [] INFO  - org.springframework.web.servlet.DispatcherServlet - Initializing Servlet 'dispatcherServlet'
2021-05-12 16:09:05.793 [] INFO  - org.springframework.web.servlet.DispatcherServlet - Completed initialization in 7 ms
2021-05-12 16:21:53.971 [] INFO  - com.aceex.wscairu.WscairuApplication - Starting WscairuApplication on DESKTOP-QSSSMPN with PID 13892 (C:\Desenv\Spring\wscairu\target\classes started by Ivo Barbosa in C:\Desenv\Spring\wscairu)
2021-05-12 16:21:53.971 [] INFO  - com.aceex.wscairu.WscairuApplication - The following profiles are active: sql
2021-05-12 16:21:54.018 [] INFO  - org.springframework.boot.devtools.restart.ChangeableUrls - The Class-Path manifest attribute in C:\Users\Ivo Barbosa\.m2\repository\com\oracle\ojdbc\ojdbc8\19.3.0.0\ojdbc8-19.3.0.0.jar referenced one or more files that do not exist: file:/C:/Users/Ivo%20Barbosa/.m2/repository/com/oracle/ojdbc/ojdbc8/19.3.0.0/oraclepki.jar
2021-05-12 16:21:54.018 [] INFO  - org.springframework.boot.devtools.restart.ChangeableUrls - The Class-Path manifest attribute in C:\Users\Ivo Barbosa\.m2\repository\com\oracle\ojdbc\oraclepki\19.3.0.0\oraclepki-19.3.0.0.jar referenced one or more files that do not exist: file:/C:/Users/Ivo%20Barbosa/.m2/repository/com/oracle/ojdbc/oraclepki/19.3.0.0/osdt_core.jar,file:/C:/Users/Ivo%20Barbosa/.m2/repository/com/oracle/ojdbc/oraclepki/19.3.0.0/osdt_cert.jar,file:/C:/Users/Ivo%20Barbosa/.m2/repository/com/oracle/ojdbc/oraclepki/oracle.osdt/osdt_core.jar,file:/C:/Users/Ivo%20Barbosa/.m2/repository/com/oracle/ojdbc/oraclepki/oracle.osdt/osdt_cert.jar
2021-05-12 16:21:54.018 [] INFO  - org.springframework.boot.devtools.env.DevToolsPropertyDefaultsPostProcessor - Devtools property defaults active! Set 'spring.devtools.add-properties' to 'false' to disable
2021-05-12 16:21:54.018 [] INFO  - org.springframework.boot.devtools.env.DevToolsPropertyDefaultsPostProcessor - For additional web related logging consider setting the 'logging.level.web' property to 'DEBUG'
2021-05-12 16:21:54.742 [] INFO  - org.springframework.data.repository.config.RepositoryConfigurationDelegate - Bootstrapping Spring Data JPA repositories in DEFERRED mode.
2021-05-12 16:21:54.973 [] INFO  - org.springframework.data.repository.config.RepositoryConfigurationDelegate - Finished Spring Data repository scanning in 221ms. Found 50 JPA repository interfaces.
2021-05-12 16:21:55.528 [] INFO  - org.springframework.boot.web.embedded.tomcat.TomcatWebServer - Tomcat initialized with port(s): 8081 (http)
2021-05-12 16:21:55.543 [] INFO  - org.apache.catalina.core.StandardService - Starting service [Tomcat]
2021-05-12 16:21:55.543 [] INFO  - org.apache.catalina.core.StandardEngine - Starting Servlet engine: [Apache Tomcat/9.0.38]
2021-05-12 16:21:55.644 [] INFO  - org.apache.catalina.core.ContainerBase.[Tomcat].[localhost].[/] - Initializing Spring embedded WebApplicationContext
2021-05-12 16:21:55.644 [] INFO  - org.springframework.boot.web.servlet.context.ServletWebServerApplicationContext - Root WebApplicationContext: initialization completed in 1626 ms
2021-05-12 16:21:55.744 [] INFO  - com.zaxxer.hikari.HikariDataSource - HikariPool-1 - Starting...
2021-05-12 16:21:57.849 [] INFO  - com.zaxxer.hikari.HikariDataSource - HikariPool-1 - Start completed.
2021-05-12 16:21:57.865 [] INFO  - org.springframework.boot.autoconfigure.h2.H2ConsoleAutoConfiguration - H2 console available at '/h2-console'. Database available at 'jdbc:sqlserver://SRVBD:1433;useFmtOnly=false;useBulkCopyForBatchInsert=false;cancelQueryTimeout=-1;sslProtocol=TLS;jaasConfigurationName=SQLJDBCDriver;statementPoolingCacheSize=0;serverPreparedStatementDiscardThreshold=10;enablePrepareOnFirstPreparedStatementCall=false;fips=false;socketTimeout=0;authentication=NotSpecified;authenticationScheme=nativeAuthentication;xopenStates=false;sendTimeAsDatetime=true;trustStoreType=JKS;trustServerCertificate=false;TransparentNetworkIPResolution=true;serverNameAsACE=false;sendStringParametersAsUnicode=true;selectMethod=direct;responseBuffering=adaptive;queryTimeout=-1;packetSize=8000;multiSubnetFailover=false;loginTimeout=30;lockTimeout=-1;lastUpdateCount=true;encrypt=false;disableStatementPooling=true;databaseName=logixdsv;columnEncryptionSetting=Disabled;applicationName=Microsoft JDBC Driver for SQL Server;applicationIntent=readwrite;'
2021-05-12 16:21:57.949 [] INFO  - org.springframework.scheduling.concurrent.ThreadPoolTaskExecutor - Initializing ExecutorService 'applicationTaskExecutor'
2021-05-12 16:21:58.012 [] INFO  - org.hibernate.jpa.internal.util.LogHelper - HHH000204: Processing PersistenceUnitInfo [name: default]
2021-05-12 16:21:58.065 [] INFO  - org.hibernate.Version - HHH000412: Hibernate ORM core version 5.4.21.Final
2021-05-12 16:21:58.197 [] INFO  - org.hibernate.annotations.common.Version - HCANN000001: Hibernate Commons Annotations {5.1.0.Final}
2021-05-12 16:21:58.297 [] INFO  - org.hibernate.dialect.Dialect - HHH000400: Using dialect: org.hibernate.dialect.SQLServer2012Dialect
2021-05-12 16:21:58.335 [] INFO  - org.springframework.security.web.DefaultSecurityFilterChain - Creating filter chain: any request, [org.springframework.security.web.context.request.async.WebAsyncManagerIntegrationFilter@572a1b33, org.springframework.security.web.context.SecurityContextPersistenceFilter@657f8c5b, org.springframework.security.web.header.HeaderWriterFilter@660699e3, org.springframework.web.filter.CorsFilter@5169ad94, org.springframework.security.web.authentication.logout.LogoutFilter@378c715d, com.aceex.wscairu.security.JWTAuthenticationFilter@1b6dc665, com.aceex.wscairu.security.JWTAuthorizationFilter@132a52e, org.springframework.security.web.savedrequest.RequestCacheAwareFilter@29a8ae39, org.springframework.security.web.servletapi.SecurityContextHolderAwareRequestFilter@1fdbf8ed, org.springframework.security.web.authentication.AnonymousAuthenticationFilter@646d5b8, org.springframework.security.web.session.SessionManagementFilter@41c51dcc, org.springframework.security.web.access.ExceptionTranslationFilter@30cf56bd, org.springframework.security.web.access.intercept.FilterSecurityInterceptor@44e6ff50]
2021-05-12 16:22:01.442 [] INFO  - org.hibernate.engine.transaction.jta.platform.internal.JtaPlatformInitiator - HHH000490: Using JtaPlatform implementation: [org.hibernate.engine.transaction.jta.platform.internal.NoJtaPlatform]
2021-05-12 16:22:01.442 [] INFO  - org.springframework.orm.jpa.LocalContainerEntityManagerFactoryBean - Initialized JPA EntityManagerFactory for persistence unit 'default'
2021-05-12 16:22:06.002 [] INFO  - org.springframework.boot.devtools.autoconfigure.OptionalLiveReloadServer - LiveReload server is running on port 35729
2021-05-12 16:22:06.055 [] INFO  - org.springframework.boot.web.embedded.tomcat.TomcatWebServer - Tomcat started on port(s): 8081 (http) with context path ''
2021-05-12 16:22:06.055 [] INFO  - o.s.data.repository.config.DeferredRepositoryInitializationListener - Triggering deferred initialization of Spring Data repositories‚Ä¶
2021-05-12 16:22:06.920 [] INFO  - o.s.data.repository.config.DeferredRepositoryInitializationListener - Spring Data repositories initialized!
2021-05-12 16:22:06.925 [] INFO  - com.aceex.wscairu.WscairuApplication - Started WscairuApplication in 13.335 seconds (JVM running for 14.24)
2021-05-12 16:22:06.925 [] INFO  - com.aceex.wscairu.WscairuApplication - API VERS√ÉO 1.00
2021-05-12 16:22:16.840 [] INFO  - org.apache.catalina.core.ContainerBase.[Tomcat].[localhost].[/] - Initializing Spring DispatcherServlet 'dispatcherServlet'
2021-05-12 16:22:16.841 [] INFO  - org.springframework.web.servlet.DispatcherServlet - Initializing Servlet 'dispatcherServlet'
2021-05-12 16:22:16.846 [] INFO  - org.springframework.web.servlet.DispatcherServlet - Completed initialization in 5 ms
2021-05-12 16:23:49.586 [] INFO  - o.s.boot.admin.SpringApplicationAdminMXBeanRegistrar$SpringApplicationAdmin - Application shutdown requested.
2021-05-12 16:23:49.871 [] INFO  - org.springframework.orm.jpa.LocalContainerEntityManagerFactoryBean - Closing JPA EntityManagerFactory for persistence unit 'default'
2021-05-12 16:23:49.887 [] INFO  - org.springframework.scheduling.concurrent.ThreadPoolTaskExecutor - Shutting down ExecutorService 'applicationTaskExecutor'
2021-05-12 16:23:49.887 [] INFO  - com.zaxxer.hikari.HikariDataSource - HikariPool-1 - Shutdown initiated...
2021-05-12 16:23:49.887 [] INFO  - com.zaxxer.hikari.HikariDataSource - HikariPool-1 - Shutdown completed.
2021-05-12 16:33:19.240 [] INFO  - com.aceex.wscairu.WscairuApplicationTests - Starting WscairuApplicationTests on DESKTOP-QSSSMPN with PID 11012 (started by Ivo Barbosa in C:\Desenv\Spring\wscairu)
2021-05-12 16:33:19.240 [] INFO  - com.aceex.wscairu.WscairuApplicationTests - The following profiles are active: sql
2021-05-12 16:33:20.489 [] INFO  - org.springframework.data.repository.config.RepositoryConfigurationDelegate - Bootstrapping Spring Data JPA repositories in DEFERRED mode.
2021-05-12 16:33:20.821 [] INFO  - org.springframework.data.repository.config.RepositoryConfigurationDelegate - Finished Spring Data repository scanning in 320ms. Found 50 JPA repository interfaces.
2021-05-12 16:33:21.660 [] INFO  - org.springframework.scheduling.concurrent.ThreadPoolTaskExecutor - Initializing ExecutorService 'applicationTaskExecutor'
2021-05-12 16:33:21.760 [] INFO  - org.hibernate.jpa.internal.util.LogHelper - HHH000204: Processing PersistenceUnitInfo [name: default]
2021-05-12 16:33:21.860 [] INFO  - org.hibernate.Version - HHH000412: Hibernate ORM core version 5.4.21.Final
2021-05-12 16:33:22.134 [] INFO  - org.hibernate.annotations.common.Version - HCANN000001: Hibernate Commons Annotations {5.1.0.Final}
2021-05-12 16:33:22.687 [] INFO  - org.springframework.security.web.DefaultSecurityFilterChain - Creating filter chain: any request, [org.springframework.security.web.context.request.async.WebAsyncManagerIntegrationFilter@15efda6c, org.springframework.security.web.context.SecurityContextPersistenceFilter@6015a4a5, org.springframework.security.web.header.HeaderWriterFilter@672a1c62, org.springframework.web.filter.CorsFilter@6056232d, org.springframework.security.web.authentication.logout.LogoutFilter@37637a24, com.aceex.wscairu.security.JWTAuthenticationFilter@33f2df51, com.aceex.wscairu.security.JWTAuthorizationFilter@107bfcb2, org.springframework.security.web.savedrequest.RequestCacheAwareFilter@4779aae6, org.springframework.security.web.servletapi.SecurityContextHolderAwareRequestFilter@6cd64b3f, org.springframework.security.web.authentication.AnonymousAuthenticationFilter@7bac686b, org.springframework.security.web.session.SessionManagementFilter@39e69ea7, org.springframework.security.web.access.ExceptionTranslationFilter@7d57dbb5, org.springframework.security.web.access.intercept.FilterSecurityInterceptor@6468a7b6]
2021-05-12 16:33:22.771 [] INFO  - com.zaxxer.hikari.HikariDataSource - HikariPool-1 - Starting...
2021-05-12 16:33:25.698 [] INFO  - com.zaxxer.hikari.HikariDataSource - HikariPool-1 - Start completed.
2021-05-12 16:33:25.730 [] INFO  - org.hibernate.dialect.Dialect - HHH000400: Using dialect: org.hibernate.dialect.SQLServer2012Dialect
2021-05-12 16:33:29.755 [] INFO  - org.hibernate.engine.transaction.jta.platform.internal.JtaPlatformInitiator - HHH000490: Using JtaPlatform implementation: [org.hibernate.engine.transaction.jta.platform.internal.NoJtaPlatform]
2021-05-12 16:33:29.762 [] INFO  - org.springframework.orm.jpa.LocalContainerEntityManagerFactoryBean - Initialized JPA EntityManagerFactory for persistence unit 'default'
2021-05-12 16:33:35.662 [] INFO  - o.s.data.repository.config.DeferredRepositoryInitializationListener - Triggering deferred initialization of Spring Data repositoriesÖ
2021-05-12 16:33:36.707 [] INFO  - o.s.data.repository.config.DeferredRepositoryInitializationListener - Spring Data repositories initialized!
2021-05-12 16:33:36.719 [] INFO  - com.aceex.wscairu.WscairuApplicationTests - Started WscairuApplicationTests in 17.872 seconds (JVM running for 19.165)
2021-05-12 16:33:36.900 [] INFO  - org.springframework.orm.jpa.LocalContainerEntityManagerFactoryBean - Closing JPA EntityManagerFactory for persistence unit 'default'
2021-05-12 16:33:36.900 [] INFO  - org.springframework.scheduling.concurrent.ThreadPoolTaskExecutor - Shutting down ExecutorService 'applicationTaskExecutor'
2021-05-12 16:33:36.900 [] INFO  - com.zaxxer.hikari.HikariDataSource - HikariPool-1 - Shutdown initiated...
2021-05-12 16:33:37.947 [] INFO  - com.zaxxer.hikari.HikariDataSource - HikariPool-1 - Shutdown completed.
2021-05-12 16:45:16.971 [] INFO  - com.aceex.wscairu.WscairuApplicationTests - Starting WscairuApplicationTests on DESKTOP-QSSSMPN with PID 8844 (started by Ivo Barbosa in C:\Desenv\Spring\wscairu)
2021-05-12 16:45:16.971 [] INFO  - com.aceex.wscairu.WscairuApplicationTests - The following profiles are active: tst
2021-05-12 16:45:18.186 [] INFO  - org.springframework.data.repository.config.RepositoryConfigurationDelegate - Bootstrapping Spring Data JPA repositories in DEFERRED mode.
2021-05-12 16:45:18.477 [] INFO  - org.springframework.data.repository.config.RepositoryConfigurationDelegate - Finished Spring Data repository scanning in 283ms. Found 50 JPA repository interfaces.
2021-05-12 16:45:19.329 [] INFO  - org.springframework.scheduling.concurrent.ThreadPoolTaskExecutor - Initializing ExecutorService 'applicationTaskExecutor'
2021-05-12 16:45:19.449 [] INFO  - org.hibernate.jpa.internal.util.LogHelper - HHH000204: Processing PersistenceUnitInfo [name: default]
2021-05-12 16:45:19.560 [] INFO  - org.hibernate.Version - HHH000412: Hibernate ORM core version 5.4.21.Final
2021-05-12 16:45:19.812 [] INFO  - org.hibernate.annotations.common.Version - HCANN000001: Hibernate Commons Annotations {5.1.0.Final}
2021-05-12 16:45:20.272 [] INFO  - org.springframework.security.web.DefaultSecurityFilterChain - Creating filter chain: any request, [org.springframework.security.web.context.request.async.WebAsyncManagerIntegrationFilter@17092fff, org.springframework.security.web.context.SecurityContextPersistenceFilter@51b01550, org.springframework.security.web.header.HeaderWriterFilter@5478ce1e, org.springframework.web.filter.CorsFilter@2121d1f9, org.springframework.security.web.authentication.logout.LogoutFilter@310aee0b, com.aceex.wscairu.security.JWTAuthenticationFilter@31e2232f, com.aceex.wscairu.security.JWTAuthorizationFilter@1806bc4c, org.springframework.security.web.savedrequest.RequestCacheAwareFilter@3337d04c, org.springframework.security.web.servletapi.SecurityContextHolderAwareRequestFilter@4c447c09, org.springframework.security.web.authentication.AnonymousAuthenticationFilter@462e1e64, org.springframework.security.web.session.SessionManagementFilter@4317850d, org.springframework.security.web.access.ExceptionTranslationFilter@6015a4a5, org.springframework.security.web.access.intercept.FilterSecurityInterceptor@37d28f02]
2021-05-12 16:45:20.375 [] INFO  - com.zaxxer.hikari.HikariDataSource - HikariPool-1 - Starting...
2021-05-12 16:45:42.574 [] INFO  - org.hibernate.dialect.Dialect - HHH000400: Using dialect: org.hibernate.dialect.InformixDialect
2021-05-12 16:45:44.005 [] INFO  - org.hibernate.engine.transaction.jta.platform.internal.JtaPlatformInitiator - HHH000490: Using JtaPlatform implementation: [org.hibernate.engine.transaction.jta.platform.internal.NoJtaPlatform]
2021-05-12 16:45:44.023 [] INFO  - org.springframework.orm.jpa.LocalContainerEntityManagerFactoryBean - Initialized JPA EntityManagerFactory for persistence unit 'default'
2021-05-12 16:45:44.721 [] INFO  - com.zaxxer.hikari.HikariDataSource - HikariPool-1 - Starting...
2021-05-12 16:46:06.825 [] INFO  - org.springframework.orm.jpa.LocalContainerEntityManagerFactoryBean - Closing JPA EntityManagerFactory for persistence unit 'default'
2021-05-12 16:46:06.841 [] INFO  - org.springframework.scheduling.concurrent.ThreadPoolTaskExecutor - Shutting down ExecutorService 'applicationTaskExecutor'
2021-05-12 16:46:06.857 [] INFO  - o.s.boot.autoconfigure.logging.ConditionEvaluationReportLoggingListener - 

Error starting ApplicationContext. To display the conditions report re-run your application with 'debug' enabled.
