2021-03-20 13:28:11.514 [] INFO  - com.aceex.wscairu.WscairuApplication - Starting WscairuApplication on DESKTOP-QSSSMPN with PID 5876 (C:\Desenv\Spring\wscairu\target\classes started by Ivo Barbosa in C:\Desenv\Spring\wscairu)
2021-03-20 13:28:11.514 [] INFO  - com.aceex.wscairu.WscairuApplication - The following profiles are active: sql
2021-03-20 13:28:11.576 [] INFO  - org.springframework.boot.devtools.restart.ChangeableUrls - The Class-Path manifest attribute in C:\Users\Ivo Barbosa\.m2\repository\com\oracle\ojdbc\ojdbc8\19.3.0.0\ojdbc8-19.3.0.0.jar referenced one or more files that do not exist: file:/C:/Users/Ivo%20Barbosa/.m2/repository/com/oracle/ojdbc/ojdbc8/19.3.0.0/oraclepki.jar
2021-03-20 13:28:11.576 [] INFO  - org.springframework.boot.devtools.restart.ChangeableUrls - The Class-Path manifest attribute in C:\Users\Ivo Barbosa\.m2\repository\com\oracle\ojdbc\oraclepki\19.3.0.0\oraclepki-19.3.0.0.jar referenced one or more files that do not exist: file:/C:/Users/Ivo%20Barbosa/.m2/repository/com/oracle/ojdbc/oraclepki/19.3.0.0/osdt_core.jar,file:/C:/Users/Ivo%20Barbosa/.m2/repository/com/oracle/ojdbc/oraclepki/19.3.0.0/osdt_cert.jar,file:/C:/Users/Ivo%20Barbosa/.m2/repository/com/oracle/ojdbc/oraclepki/oracle.osdt/osdt_core.jar,file:/C:/Users/Ivo%20Barbosa/.m2/repository/com/oracle/ojdbc/oraclepki/oracle.osdt/osdt_cert.jar
2021-03-20 13:28:11.576 [] INFO  - org.springframework.boot.devtools.env.DevToolsPropertyDefaultsPostProcessor - Devtools property defaults active! Set 'spring.devtools.add-properties' to 'false' to disable
2021-03-20 13:28:11.576 [] INFO  - org.springframework.boot.devtools.env.DevToolsPropertyDefaultsPostProcessor - For additional web related logging consider setting the 'logging.level.web' property to 'DEBUG'
2021-03-20 13:28:12.717 [] INFO  - org.springframework.data.repository.config.RepositoryConfigurationDelegate - Bootstrapping Spring Data JPA repositories in DEFERRED mode.
2021-03-20 13:28:13.017 [] INFO  - org.springframework.data.repository.config.RepositoryConfigurationDelegate - Finished Spring Data repository scanning in 289ms. Found 50 JPA repository interfaces.
2021-03-20 13:28:13.735 [] INFO  - org.springframework.boot.web.embedded.tomcat.TomcatWebServer - Tomcat initialized with port(s): 8081 (http)
2021-03-20 13:28:13.736 [] INFO  - org.apache.catalina.core.StandardService - Starting service [Tomcat]
2021-03-20 13:28:13.736 [] INFO  - org.apache.catalina.core.StandardEngine - Starting Servlet engine: [Apache Tomcat/9.0.38]
2021-03-20 13:28:13.835 [] INFO  - org.apache.catalina.core.ContainerBase.[Tomcat].[localhost].[/] - Initializing Spring embedded WebApplicationContext
2021-03-20 13:28:13.835 [] INFO  - org.springframework.boot.web.servlet.context.ServletWebServerApplicationContext - Root WebApplicationContext: initialization completed in 2259 ms
2021-03-20 13:28:14.151 [] INFO  - com.zaxxer.hikari.HikariDataSource - HikariPool-1 - Starting...
2021-03-20 13:28:15.223 [] INFO  - com.zaxxer.hikari.HikariDataSource - HikariPool-1 - Start completed.
2021-03-20 13:28:15.228 [] INFO  - org.springframework.boot.autoconfigure.h2.H2ConsoleAutoConfiguration - H2 console available at '/h2-console'. Database available at 'jdbc:sqlserver://SRVBD:1433;useFmtOnly=false;useBulkCopyForBatchInsert=false;cancelQueryTimeout=-1;sslProtocol=TLS;jaasConfigurationName=SQLJDBCDriver;statementPoolingCacheSize=0;serverPreparedStatementDiscardThreshold=10;enablePrepareOnFirstPreparedStatementCall=false;fips=false;socketTimeout=0;authentication=NotSpecified;authenticationScheme=nativeAuthentication;xopenStates=false;sendTimeAsDatetime=true;trustStoreType=JKS;trustServerCertificate=false;TransparentNetworkIPResolution=true;serverNameAsACE=false;sendStringParametersAsUnicode=true;selectMethod=direct;responseBuffering=adaptive;queryTimeout=-1;packetSize=8000;multiSubnetFailover=false;loginTimeout=30;lockTimeout=-1;lastUpdateCount=true;encrypt=false;disableStatementPooling=true;databaseName=logixdsv;columnEncryptionSetting=Disabled;applicationName=Microsoft JDBC Driver for SQL Server;applicationIntent=readwrite;'
2021-03-20 13:28:15.339 [] INFO  - org.springframework.scheduling.concurrent.ThreadPoolTaskExecutor - Initializing ExecutorService 'applicationTaskExecutor'
2021-03-20 13:28:15.408 [] INFO  - org.hibernate.jpa.internal.util.LogHelper - HHH000204: Processing PersistenceUnitInfo [name: default]
2021-03-20 13:28:15.508 [] INFO  - org.hibernate.Version - HHH000412: Hibernate ORM core version 5.4.21.Final
2021-03-20 13:28:15.736 [] INFO  - org.hibernate.annotations.common.Version - HCANN000001: Hibernate Commons Annotations {5.1.0.Final}
2021-03-20 13:28:15.854 [] INFO  - org.springframework.security.web.DefaultSecurityFilterChain - Creating filter chain: any request, [org.springframework.security.web.context.request.async.WebAsyncManagerIntegrationFilter@43b4fc8d, org.springframework.security.web.context.SecurityContextPersistenceFilter@2e5b938e, org.springframework.security.web.header.HeaderWriterFilter@7a5e9137, org.springframework.web.filter.CorsFilter@65c7df97, org.springframework.security.web.authentication.logout.LogoutFilter@11a4e85c, com.aceex.wscairu.security.JWTAuthenticationFilter@571b6bc2, com.aceex.wscairu.security.JWTAuthorizationFilter@43330547, org.springframework.security.web.savedrequest.RequestCacheAwareFilter@47e18e2d, org.springframework.security.web.servletapi.SecurityContextHolderAwareRequestFilter@c9d8855, org.springframework.security.web.authentication.AnonymousAuthenticationFilter@2787d938, org.springframework.security.web.session.SessionManagementFilter@3208f7b3, org.springframework.security.web.access.ExceptionTranslationFilter@4d78516e, org.springframework.security.web.access.intercept.FilterSecurityInterceptor@189749be]
2021-03-20 13:28:16.016 [] INFO  - org.hibernate.dialect.Dialect - HHH000400: Using dialect: org.hibernate.dialect.SQLServer2012Dialect
2021-03-20 13:28:17.604 [] INFO  - org.hibernate.engine.transaction.jta.platform.internal.JtaPlatformInitiator - HHH000490: Using JtaPlatform implementation: [org.hibernate.engine.transaction.jta.platform.internal.NoJtaPlatform]
2021-03-20 13:28:17.620 [] INFO  - org.springframework.orm.jpa.LocalContainerEntityManagerFactoryBean - Initialized JPA EntityManagerFactory for persistence unit 'default'
2021-03-20 13:28:19.155 [] INFO  - org.springframework.boot.devtools.autoconfigure.OptionalLiveReloadServer - LiveReload server is running on port 35729
2021-03-20 13:28:19.224 [] INFO  - org.springframework.boot.web.embedded.tomcat.TomcatWebServer - Tomcat started on port(s): 8081 (http) with context path ''
2021-03-20 13:28:19.224 [] INFO  - o.s.data.repository.config.DeferredRepositoryInitializationListener - Triggering deferred initialization of Spring Data repositories…
2021-03-20 13:28:20.073 [] INFO  - o.s.data.repository.config.DeferredRepositoryInitializationListener - Spring Data repositories initialized!
2021-03-20 13:28:20.081 [] INFO  - com.aceex.wscairu.WscairuApplication - Started WscairuApplication in 9.076 seconds (JVM running for 10.231)
2021-03-20 13:28:20.081 [] INFO  - com.aceex.wscairu.WscairuApplication - API VERSÃO 1.00
2021-03-20 13:29:20.505 [] INFO  - org.apache.catalina.core.ContainerBase.[Tomcat].[localhost].[/] - Initializing Spring DispatcherServlet 'dispatcherServlet'
2021-03-20 13:29:20.509 [] INFO  - org.springframework.web.servlet.DispatcherServlet - Initializing Servlet 'dispatcherServlet'
2021-03-20 13:29:20.510 [] INFO  - org.springframework.web.servlet.DispatcherServlet - Completed initialization in 1 ms
2021-03-20 13:29:20.541 [] INFO  - com.aceex.wscairu.service.EmpresaService - Consulta de empresas
2021-03-20 13:33:16.221 [] INFO  - com.aceex.wscairu.service.EmpresaService - Consulta de empresas
2021-03-20 13:35:04.882 [] INFO  - o.s.boot.admin.SpringApplicationAdminMXBeanRegistrar$SpringApplicationAdmin - Application shutdown requested.
2021-03-20 13:35:05.189 [] INFO  - org.springframework.orm.jpa.LocalContainerEntityManagerFactoryBean - Closing JPA EntityManagerFactory for persistence unit 'default'
2021-03-20 13:35:05.189 [] INFO  - org.springframework.scheduling.concurrent.ThreadPoolTaskExecutor - Shutting down ExecutorService 'applicationTaskExecutor'
2021-03-20 13:35:05.189 [] INFO  - com.zaxxer.hikari.HikariDataSource - HikariPool-1 - Shutdown initiated...
2021-03-20 13:35:05.205 [] INFO  - com.zaxxer.hikari.HikariDataSource - HikariPool-1 - Shutdown completed.
