2021-06-24 10:28:27.933 [] INFO  - com.aceex.wscairu.WscairuApplication - Starting WscairuApplication on DESKTOP-QSSSMPN with PID 5200 (C:\Desenv\Spring\wscairu\target\classes started by Ivo Barbosa in C:\Desenv\Spring\wscairu)
2021-06-24 10:28:27.946 [] INFO  - com.aceex.wscairu.WscairuApplication - The following profiles are active: sql
2021-06-24 10:28:28.068 [] INFO  - org.springframework.boot.devtools.restart.ChangeableUrls - The Class-Path manifest attribute in C:\Users\Ivo Barbosa\.m2\repository\com\oracle\ojdbc\ojdbc8\19.3.0.0\ojdbc8-19.3.0.0.jar referenced one or more files that do not exist: file:/C:/Users/Ivo%20Barbosa/.m2/repository/com/oracle/ojdbc/ojdbc8/19.3.0.0/oraclepki.jar
2021-06-24 10:28:28.071 [] INFO  - org.springframework.boot.devtools.restart.ChangeableUrls - The Class-Path manifest attribute in C:\Users\Ivo Barbosa\.m2\repository\com\oracle\ojdbc\oraclepki\19.3.0.0\oraclepki-19.3.0.0.jar referenced one or more files that do not exist: file:/C:/Users/Ivo%20Barbosa/.m2/repository/com/oracle/ojdbc/oraclepki/19.3.0.0/osdt_core.jar,file:/C:/Users/Ivo%20Barbosa/.m2/repository/com/oracle/ojdbc/oraclepki/19.3.0.0/osdt_cert.jar,file:/C:/Users/Ivo%20Barbosa/.m2/repository/com/oracle/ojdbc/oraclepki/oracle.osdt/osdt_core.jar,file:/C:/Users/Ivo%20Barbosa/.m2/repository/com/oracle/ojdbc/oraclepki/oracle.osdt/osdt_cert.jar
2021-06-24 10:28:28.072 [] INFO  - org.springframework.boot.devtools.env.DevToolsPropertyDefaultsPostProcessor - Devtools property defaults active! Set 'spring.devtools.add-properties' to 'false' to disable
2021-06-24 10:28:28.073 [] INFO  - org.springframework.boot.devtools.env.DevToolsPropertyDefaultsPostProcessor - For additional web related logging consider setting the 'logging.level.web' property to 'DEBUG'
2021-06-24 10:28:29.403 [] INFO  - org.springframework.data.repository.config.RepositoryConfigurationDelegate - Bootstrapping Spring Data JPA repositories in DEFERRED mode.
2021-06-24 10:28:29.712 [] INFO  - org.springframework.data.repository.config.RepositoryConfigurationDelegate - Finished Spring Data repository scanning in 293ms. Found 51 JPA repository interfaces.
2021-06-24 10:28:30.601 [] INFO  - org.springframework.boot.web.embedded.tomcat.TomcatWebServer - Tomcat initialized with port(s): 8081 (http)
2021-06-24 10:28:30.614 [] INFO  - org.apache.catalina.core.StandardService - Starting service [Tomcat]
2021-06-24 10:28:30.614 [] INFO  - org.apache.catalina.core.StandardEngine - Starting Servlet engine: [Apache Tomcat/9.0.38]
2021-06-24 10:28:30.769 [] INFO  - org.apache.catalina.core.ContainerBase.[Tomcat].[localhost].[/] - Initializing Spring embedded WebApplicationContext
2021-06-24 10:28:30.769 [] INFO  - org.springframework.boot.web.servlet.context.ServletWebServerApplicationContext - Root WebApplicationContext: initialization completed in 2695 ms
2021-06-24 10:28:31.076 [] INFO  - com.zaxxer.hikari.HikariDataSource - HikariPool-1 - Starting...
2021-06-24 10:28:32.062 [] INFO  - com.zaxxer.hikari.HikariDataSource - HikariPool-1 - Start completed.
2021-06-24 10:28:32.070 [] INFO  - org.springframework.boot.autoconfigure.h2.H2ConsoleAutoConfiguration - H2 console available at '/h2-console'. Database available at 'jdbc:sqlserver://SRVBD:1433;useFmtOnly=false;useBulkCopyForBatchInsert=false;cancelQueryTimeout=-1;sslProtocol=TLS;jaasConfigurationName=SQLJDBCDriver;statementPoolingCacheSize=0;serverPreparedStatementDiscardThreshold=10;enablePrepareOnFirstPreparedStatementCall=false;fips=false;socketTimeout=0;authentication=NotSpecified;authenticationScheme=nativeAuthentication;xopenStates=false;sendTimeAsDatetime=true;trustStoreType=JKS;trustServerCertificate=false;TransparentNetworkIPResolution=true;serverNameAsACE=false;sendStringParametersAsUnicode=true;selectMethod=direct;responseBuffering=adaptive;queryTimeout=-1;packetSize=8000;multiSubnetFailover=false;loginTimeout=30;lockTimeout=-1;lastUpdateCount=true;encrypt=false;disableStatementPooling=true;databaseName=logixdsv;columnEncryptionSetting=Disabled;applicationName=Microsoft JDBC Driver for SQL Server;applicationIntent=readwrite;'
2021-06-24 10:28:32.186 [] INFO  - org.springframework.scheduling.concurrent.ThreadPoolTaskExecutor - Initializing ExecutorService 'applicationTaskExecutor'
2021-06-24 10:28:32.254 [] INFO  - org.hibernate.jpa.internal.util.LogHelper - HHH000204: Processing PersistenceUnitInfo [name: default]
2021-06-24 10:28:32.381 [] INFO  - org.hibernate.Version - HHH000412: Hibernate ORM core version 5.4.21.Final
2021-06-24 10:28:32.629 [] INFO  - org.hibernate.annotations.common.Version - HCANN000001: Hibernate Commons Annotations {5.1.0.Final}
2021-06-24 10:28:32.733 [] INFO  - org.springframework.security.web.DefaultSecurityFilterChain - Creating filter chain: any request, [org.springframework.security.web.context.request.async.WebAsyncManagerIntegrationFilter@49da961a, org.springframework.security.web.context.SecurityContextPersistenceFilter@56f18654, org.springframework.security.web.header.HeaderWriterFilter@572eedb1, org.springframework.web.filter.CorsFilter@5547f170, org.springframework.security.web.authentication.logout.LogoutFilter@6a6a75ca, com.aceex.wscairu.security.JWTAuthenticationFilter@645e8d5f, com.aceex.wscairu.security.JWTAuthorizationFilter@5cb2e24e, org.springframework.security.web.savedrequest.RequestCacheAwareFilter@261f2c92, org.springframework.security.web.servletapi.SecurityContextHolderAwareRequestFilter@1aafc857, org.springframework.security.web.authentication.AnonymousAuthenticationFilter@41c5d584, org.springframework.security.web.session.SessionManagementFilter@47030a2f, org.springframework.security.web.access.ExceptionTranslationFilter@7e13a45d, org.springframework.security.web.access.intercept.FilterSecurityInterceptor@4feba0f6]
2021-06-24 10:28:32.863 [] INFO  - org.hibernate.dialect.Dialect - HHH000400: Using dialect: org.hibernate.dialect.SQLServer2012Dialect
2021-06-24 10:28:34.545 [] INFO  - org.hibernate.engine.transaction.jta.platform.internal.JtaPlatformInitiator - HHH000490: Using JtaPlatform implementation: [org.hibernate.engine.transaction.jta.platform.internal.NoJtaPlatform]
2021-06-24 10:28:34.553 [] INFO  - org.springframework.orm.jpa.LocalContainerEntityManagerFactoryBean - Initialized JPA EntityManagerFactory for persistence unit 'default'
2021-06-24 10:28:36.056 [] INFO  - org.springframework.boot.devtools.autoconfigure.OptionalLiveReloadServer - LiveReload server is running on port 35729
2021-06-24 10:28:36.134 [] INFO  - org.springframework.boot.web.embedded.tomcat.TomcatWebServer - Tomcat started on port(s): 8081 (http) with context path ''
2021-06-24 10:28:36.137 [] INFO  - o.s.data.repository.config.DeferredRepositoryInitializationListener - Triggering deferred initialization of Spring Data repositories…
2021-06-24 10:28:37.008 [] INFO  - o.s.data.repository.config.DeferredRepositoryInitializationListener - Spring Data repositories initialized!
2021-06-24 10:28:37.018 [] INFO  - com.aceex.wscairu.WscairuApplication - Started WscairuApplication in 9.627 seconds (JVM running for 10.599)
2021-06-24 10:28:37.021 [] INFO  - com.aceex.wscairu.WscairuApplication - API VERSÃO 1.02
2021-06-24 10:29:52.356 [] INFO  - org.apache.catalina.core.ContainerBase.[Tomcat].[localhost].[/] - Initializing Spring DispatcherServlet 'dispatcherServlet'
2021-06-24 10:29:52.357 [] INFO  - org.springframework.web.servlet.DispatcherServlet - Initializing Servlet 'dispatcherServlet'
2021-06-24 10:29:52.361 [] INFO  - org.springframework.web.servlet.DispatcherServlet - Completed initialization in 4 ms
2021-06-24 10:37:11.479 [] INFO  - o.s.boot.admin.SpringApplicationAdminMXBeanRegistrar$SpringApplicationAdmin - Application shutdown requested.
2021-06-24 10:37:11.789 [] INFO  - org.springframework.orm.jpa.LocalContainerEntityManagerFactoryBean - Closing JPA EntityManagerFactory for persistence unit 'default'
2021-06-24 10:37:11.791 [] INFO  - org.springframework.scheduling.concurrent.ThreadPoolTaskExecutor - Shutting down ExecutorService 'applicationTaskExecutor'
2021-06-24 10:37:11.793 [] INFO  - com.zaxxer.hikari.HikariDataSource - HikariPool-1 - Shutdown initiated...
2021-06-24 10:37:11.798 [] INFO  - com.zaxxer.hikari.HikariDataSource - HikariPool-1 - Shutdown completed.
2021-06-24 11:05:48.318 [] INFO  - com.aceex.wscairu.WscairuApplicationTests - Starting WscairuApplicationTests on DESKTOP-QSSSMPN with PID 6784 (started by Ivo Barbosa in C:\Desenv\Spring\wscairu)
2021-06-24 11:05:48.320 [] INFO  - com.aceex.wscairu.WscairuApplicationTests - The following profiles are active: tst
2021-06-24 11:05:49.694 [] INFO  - org.springframework.data.repository.config.RepositoryConfigurationDelegate - Bootstrapping Spring Data JPA repositories in DEFERRED mode.
2021-06-24 11:05:50.014 [] INFO  - org.springframework.data.repository.config.RepositoryConfigurationDelegate - Finished Spring Data repository scanning in 308ms. Found 51 JPA repository interfaces.
2021-06-24 11:05:50.867 [] INFO  - org.springframework.scheduling.concurrent.ThreadPoolTaskExecutor - Initializing ExecutorService 'applicationTaskExecutor'
2021-06-24 11:05:50.973 [] INFO  - org.hibernate.jpa.internal.util.LogHelper - HHH000204: Processing PersistenceUnitInfo [name: default]
2021-06-24 11:05:51.058 [] INFO  - org.hibernate.Version - HHH000412: Hibernate ORM core version 5.4.21.Final
2021-06-24 11:05:51.324 [] INFO  - org.hibernate.annotations.common.Version - HCANN000001: Hibernate Commons Annotations {5.1.0.Final}
2021-06-24 11:05:51.916 [] INFO  - org.springframework.security.web.DefaultSecurityFilterChain - Creating filter chain: any request, [org.springframework.security.web.context.request.async.WebAsyncManagerIntegrationFilter@61a91c9b, org.springframework.security.web.context.SecurityContextPersistenceFilter@6cd64b3f, org.springframework.security.web.header.HeaderWriterFilter@61ab89b0, org.springframework.web.filter.CorsFilter@17092fff, org.springframework.security.web.authentication.logout.LogoutFilter@4693a9ef, com.aceex.wscairu.security.JWTAuthenticationFilter@2121d1f9, com.aceex.wscairu.security.JWTAuthorizationFilter@31e2232f, org.springframework.security.web.savedrequest.RequestCacheAwareFilter@2ef0dd86, org.springframework.security.web.servletapi.SecurityContextHolderAwareRequestFilter@14f40030, org.springframework.security.web.authentication.AnonymousAuthenticationFilter@1806bc4c, org.springframework.security.web.session.SessionManagementFilter@5edc70ed, org.springframework.security.web.access.ExceptionTranslationFilter@7e72a6cc, org.springframework.security.web.access.intercept.FilterSecurityInterceptor@330c1f61]
2021-06-24 11:05:52.021 [] INFO  - com.zaxxer.hikari.HikariDataSource - HikariPool-1 - Starting...
2021-06-24 11:06:14.227 [] INFO  - org.hibernate.dialect.Dialect - HHH000400: Using dialect: org.hibernate.dialect.InformixDialect
2021-06-24 11:06:15.913 [] INFO  - org.hibernate.engine.transaction.jta.platform.internal.JtaPlatformInitiator - HHH000490: Using JtaPlatform implementation: [org.hibernate.engine.transaction.jta.platform.internal.NoJtaPlatform]
2021-06-24 11:06:15.925 [] INFO  - org.springframework.orm.jpa.LocalContainerEntityManagerFactoryBean - Initialized JPA EntityManagerFactory for persistence unit 'default'
2021-06-24 11:06:16.651 [] INFO  - com.zaxxer.hikari.HikariDataSource - HikariPool-1 - Starting...
2021-06-24 11:06:38.715 [] INFO  - org.springframework.orm.jpa.LocalContainerEntityManagerFactoryBean - Closing JPA EntityManagerFactory for persistence unit 'default'
2021-06-24 11:06:38.718 [] INFO  - org.springframework.scheduling.concurrent.ThreadPoolTaskExecutor - Shutting down ExecutorService 'applicationTaskExecutor'
2021-06-24 11:06:38.726 [] INFO  - o.s.boot.autoconfigure.logging.ConditionEvaluationReportLoggingListener - 

Error starting ApplicationContext. To display the conditions report re-run your application with 'debug' enabled.
2021-06-24 11:23:35.243 [] INFO  - com.aceex.wscairu.WscairuApplicationTests - Starting WscairuApplicationTests on DESKTOP-QSSSMPN with PID 9452 (started by Ivo Barbosa in C:\Desenv\Spring\wscairu)
2021-06-24 11:23:35.243 [] INFO  - com.aceex.wscairu.WscairuApplicationTests - The following profiles are active: tst
2021-06-24 11:23:36.461 [] INFO  - org.springframework.data.repository.config.RepositoryConfigurationDelegate - Bootstrapping Spring Data JPA repositories in DEFERRED mode.
2021-06-24 11:23:36.773 [] INFO  - org.springframework.data.repository.config.RepositoryConfigurationDelegate - Finished Spring Data repository scanning in 302ms. Found 51 JPA repository interfaces.
2021-06-24 11:23:37.614 [] INFO  - org.springframework.scheduling.concurrent.ThreadPoolTaskExecutor - Initializing ExecutorService 'applicationTaskExecutor'
2021-06-24 11:23:37.725 [] INFO  - org.hibernate.jpa.internal.util.LogHelper - HHH000204: Processing PersistenceUnitInfo [name: default]
2021-06-24 11:23:37.824 [] INFO  - org.hibernate.Version - HHH000412: Hibernate ORM core version 5.4.21.Final
2021-06-24 11:23:38.085 [] INFO  - org.hibernate.annotations.common.Version - HCANN000001: Hibernate Commons Annotations {5.1.0.Final}
2021-06-24 11:23:38.861 [] INFO  - org.springframework.security.web.DefaultSecurityFilterChain - Creating filter chain: any request, [org.springframework.security.web.context.request.async.WebAsyncManagerIntegrationFilter@f9f3928, org.springframework.security.web.context.SecurityContextPersistenceFilter@5edc70ed, org.springframework.security.web.header.HeaderWriterFilter@6d0b0da6, org.springframework.web.filter.CorsFilter@404eca05, org.springframework.security.web.authentication.logout.LogoutFilter@63a28987, com.aceex.wscairu.security.JWTAuthenticationFilter@58b91d57, com.aceex.wscairu.security.JWTAuthorizationFilter@61a91c9b, org.springframework.security.web.savedrequest.RequestCacheAwareFilter@7e4c72d6, org.springframework.security.web.servletapi.SecurityContextHolderAwareRequestFilter@14998e21, org.springframework.security.web.authentication.AnonymousAuthenticationFilter@17092fff, org.springframework.security.web.session.SessionManagementFilter@2cd62003, org.springframework.security.web.access.ExceptionTranslationFilter@459b6c53, org.springframework.security.web.access.intercept.FilterSecurityInterceptor@61bcbcce]
2021-06-24 11:23:38.982 [] INFO  - com.zaxxer.hikari.HikariDataSource - HikariPool-1 - Starting...
2021-06-24 11:24:01.203 [] INFO  - org.hibernate.dialect.Dialect - HHH000400: Using dialect: org.hibernate.dialect.InformixDialect
2021-06-24 11:24:02.612 [] INFO  - org.hibernate.engine.transaction.jta.platform.internal.JtaPlatformInitiator - HHH000490: Using JtaPlatform implementation: [org.hibernate.engine.transaction.jta.platform.internal.NoJtaPlatform]
2021-06-24 11:24:02.619 [] INFO  - org.springframework.orm.jpa.LocalContainerEntityManagerFactoryBean - Initialized JPA EntityManagerFactory for persistence unit 'default'
2021-06-24 11:24:03.276 [] INFO  - com.zaxxer.hikari.HikariDataSource - HikariPool-1 - Starting...
2021-06-24 11:24:25.332 [] INFO  - org.springframework.orm.jpa.LocalContainerEntityManagerFactoryBean - Closing JPA EntityManagerFactory for persistence unit 'default'
2021-06-24 11:24:25.332 [] INFO  - org.springframework.scheduling.concurrent.ThreadPoolTaskExecutor - Shutting down ExecutorService 'applicationTaskExecutor'
2021-06-24 11:24:25.348 [] INFO  - o.s.boot.autoconfigure.logging.ConditionEvaluationReportLoggingListener - 

Error starting ApplicationContext. To display the conditions report re-run your application with 'debug' enabled.
2021-06-24 14:55:29.077 [] INFO  - com.aceex.wscairu.WscairuApplication - Starting WscairuApplication on DESKTOP-QSSSMPN with PID 11436 (C:\Desenv\Spring\wscairu\target\classes started by Ivo Barbosa in C:\Desenv\Spring\wscairu)
2021-06-24 14:55:29.080 [] INFO  - com.aceex.wscairu.WscairuApplication - The following profiles are active: sql
2021-06-24 14:55:29.124 [] INFO  - org.springframework.boot.devtools.restart.ChangeableUrls - The Class-Path manifest attribute in C:\Users\Ivo Barbosa\.m2\repository\com\oracle\ojdbc\ojdbc8\19.3.0.0\ojdbc8-19.3.0.0.jar referenced one or more files that do not exist: file:/C:/Users/Ivo%20Barbosa/.m2/repository/com/oracle/ojdbc/ojdbc8/19.3.0.0/oraclepki.jar
2021-06-24 14:55:29.125 [] INFO  - org.springframework.boot.devtools.restart.ChangeableUrls - The Class-Path manifest attribute in C:\Users\Ivo Barbosa\.m2\repository\com\oracle\ojdbc\oraclepki\19.3.0.0\oraclepki-19.3.0.0.jar referenced one or more files that do not exist: file:/C:/Users/Ivo%20Barbosa/.m2/repository/com/oracle/ojdbc/oraclepki/19.3.0.0/osdt_core.jar,file:/C:/Users/Ivo%20Barbosa/.m2/repository/com/oracle/ojdbc/oraclepki/19.3.0.0/osdt_cert.jar,file:/C:/Users/Ivo%20Barbosa/.m2/repository/com/oracle/ojdbc/oraclepki/oracle.osdt/osdt_core.jar,file:/C:/Users/Ivo%20Barbosa/.m2/repository/com/oracle/ojdbc/oraclepki/oracle.osdt/osdt_cert.jar
2021-06-24 14:55:29.126 [] INFO  - org.springframework.boot.devtools.env.DevToolsPropertyDefaultsPostProcessor - Devtools property defaults active! Set 'spring.devtools.add-properties' to 'false' to disable
2021-06-24 14:55:29.126 [] INFO  - org.springframework.boot.devtools.env.DevToolsPropertyDefaultsPostProcessor - For additional web related logging consider setting the 'logging.level.web' property to 'DEBUG'
2021-06-24 14:55:29.860 [] INFO  - org.springframework.data.repository.config.RepositoryConfigurationDelegate - Bootstrapping Spring Data JPA repositories in DEFERRED mode.
2021-06-24 14:55:30.100 [] INFO  - org.springframework.data.repository.config.RepositoryConfigurationDelegate - Finished Spring Data repository scanning in 232ms. Found 51 JPA repository interfaces.
2021-06-24 14:55:30.704 [] INFO  - org.springframework.boot.web.embedded.tomcat.TomcatWebServer - Tomcat initialized with port(s): 8081 (http)
2021-06-24 14:55:30.714 [] INFO  - org.apache.catalina.core.StandardService - Starting service [Tomcat]
2021-06-24 14:55:30.714 [] INFO  - org.apache.catalina.core.StandardEngine - Starting Servlet engine: [Apache Tomcat/9.0.38]
2021-06-24 14:55:30.811 [] INFO  - org.apache.catalina.core.ContainerBase.[Tomcat].[localhost].[/] - Initializing Spring embedded WebApplicationContext
2021-06-24 14:55:30.813 [] INFO  - org.springframework.boot.web.servlet.context.ServletWebServerApplicationContext - Root WebApplicationContext: initialization completed in 1687 ms
2021-06-24 14:55:30.918 [] INFO  - com.zaxxer.hikari.HikariDataSource - HikariPool-1 - Starting...
2021-06-24 14:55:31.888 [] INFO  - com.zaxxer.hikari.HikariDataSource - HikariPool-1 - Start completed.
2021-06-24 14:55:31.897 [] INFO  - org.springframework.boot.autoconfigure.h2.H2ConsoleAutoConfiguration - H2 console available at '/h2-console'. Database available at 'jdbc:sqlserver://SRVBD:1433;useFmtOnly=false;useBulkCopyForBatchInsert=false;cancelQueryTimeout=-1;sslProtocol=TLS;jaasConfigurationName=SQLJDBCDriver;statementPoolingCacheSize=0;serverPreparedStatementDiscardThreshold=10;enablePrepareOnFirstPreparedStatementCall=false;fips=false;socketTimeout=0;authentication=NotSpecified;authenticationScheme=nativeAuthentication;xopenStates=false;sendTimeAsDatetime=true;trustStoreType=JKS;trustServerCertificate=false;TransparentNetworkIPResolution=true;serverNameAsACE=false;sendStringParametersAsUnicode=true;selectMethod=direct;responseBuffering=adaptive;queryTimeout=-1;packetSize=8000;multiSubnetFailover=false;loginTimeout=30;lockTimeout=-1;lastUpdateCount=true;encrypt=false;disableStatementPooling=true;databaseName=logixdsv;columnEncryptionSetting=Disabled;applicationName=Microsoft JDBC Driver for SQL Server;applicationIntent=readwrite;'
2021-06-24 14:55:31.992 [] INFO  - org.springframework.scheduling.concurrent.ThreadPoolTaskExecutor - Initializing ExecutorService 'applicationTaskExecutor'
2021-06-24 14:55:32.055 [] INFO  - org.hibernate.jpa.internal.util.LogHelper - HHH000204: Processing PersistenceUnitInfo [name: default]
2021-06-24 14:55:32.102 [] INFO  - org.hibernate.Version - HHH000412: Hibernate ORM core version 5.4.21.Final
2021-06-24 14:55:32.234 [] INFO  - org.hibernate.annotations.common.Version - HCANN000001: Hibernate Commons Annotations {5.1.0.Final}
2021-06-24 14:55:32.343 [] INFO  - org.hibernate.dialect.Dialect - HHH000400: Using dialect: org.hibernate.dialect.SQLServer2012Dialect
2021-06-24 14:55:32.386 [] INFO  - org.springframework.security.web.DefaultSecurityFilterChain - Creating filter chain: any request, [org.springframework.security.web.context.request.async.WebAsyncManagerIntegrationFilter@45b7ff5c, org.springframework.security.web.context.SecurityContextPersistenceFilter@bfa6ae4, org.springframework.security.web.header.HeaderWriterFilter@1fcef385, org.springframework.web.filter.CorsFilter@44f394fb, org.springframework.security.web.authentication.logout.LogoutFilter@13b9a33d, com.aceex.wscairu.security.JWTAuthenticationFilter@7f96223e, com.aceex.wscairu.security.JWTAuthorizationFilter@32f27b78, org.springframework.security.web.savedrequest.RequestCacheAwareFilter@683d82c3, org.springframework.security.web.servletapi.SecurityContextHolderAwareRequestFilter@16c5d721, org.springframework.security.web.authentication.AnonymousAuthenticationFilter@48452f65, org.springframework.security.web.session.SessionManagementFilter@79897bea, org.springframework.security.web.access.ExceptionTranslationFilter@228ec197, org.springframework.security.web.access.intercept.FilterSecurityInterceptor@1d700d56]
2021-06-24 14:55:33.824 [] INFO  - org.hibernate.engine.transaction.jta.platform.internal.JtaPlatformInitiator - HHH000490: Using JtaPlatform implementation: [org.hibernate.engine.transaction.jta.platform.internal.NoJtaPlatform]
2021-06-24 14:55:33.824 [] INFO  - org.springframework.orm.jpa.LocalContainerEntityManagerFactoryBean - Initialized JPA EntityManagerFactory for persistence unit 'default'
2021-06-24 14:55:35.234 [] INFO  - org.springframework.boot.devtools.autoconfigure.OptionalLiveReloadServer - LiveReload server is running on port 35729
2021-06-24 14:55:35.276 [] INFO  - org.springframework.boot.web.embedded.tomcat.TomcatWebServer - Tomcat started on port(s): 8081 (http) with context path ''
2021-06-24 14:55:35.279 [] INFO  - o.s.data.repository.config.DeferredRepositoryInitializationListener - Triggering deferred initialization of Spring Data repositories…
2021-06-24 14:55:36.157 [] INFO  - o.s.data.repository.config.DeferredRepositoryInitializationListener - Spring Data repositories initialized!
2021-06-24 14:55:36.165 [] INFO  - com.aceex.wscairu.WscairuApplication - Started WscairuApplication in 7.471 seconds (JVM running for 8.443)
2021-06-24 14:55:36.168 [] INFO  - com.aceex.wscairu.WscairuApplication - API VERSÃO 1.02
2021-06-24 14:55:56.466 [] INFO  - org.apache.catalina.core.ContainerBase.[Tomcat].[localhost].[/] - Initializing Spring DispatcherServlet 'dispatcherServlet'
2021-06-24 14:55:56.466 [] INFO  - org.springframework.web.servlet.DispatcherServlet - Initializing Servlet 'dispatcherServlet'
2021-06-24 14:55:56.474 [] INFO  - org.springframework.web.servlet.DispatcherServlet - Completed initialization in 7 ms
2021-06-24 14:59:59.718 [] INFO  - org.springframework.orm.jpa.LocalContainerEntityManagerFactoryBean - Closing JPA EntityManagerFactory for persistence unit 'default'
2021-06-24 14:59:59.735 [] INFO  - org.springframework.scheduling.concurrent.ThreadPoolTaskExecutor - Shutting down ExecutorService 'applicationTaskExecutor'
2021-06-24 14:59:59.735 [] INFO  - com.zaxxer.hikari.HikariDataSource - HikariPool-1 - Shutdown initiated...
2021-06-24 14:59:59.735 [] INFO  - com.zaxxer.hikari.HikariDataSource - HikariPool-1 - Shutdown completed.
2021-06-24 14:59:59.970 [] INFO  - com.aceex.wscairu.WscairuApplication - Starting WscairuApplication on DESKTOP-QSSSMPN with PID 11436 (C:\Desenv\Spring\wscairu\target\classes started by Ivo Barbosa in C:\Desenv\Spring\wscairu)
2021-06-24 14:59:59.970 [] INFO  - com.aceex.wscairu.WscairuApplication - The following profiles are active: tst
2021-06-24 15:00:00.271 [] INFO  - org.springframework.data.repository.config.RepositoryConfigurationDelegate - Bootstrapping Spring Data JPA repositories in DEFERRED mode.
2021-06-24 15:00:00.503 [] INFO  - org.springframework.data.repository.config.RepositoryConfigurationDelegate - Finished Spring Data repository scanning in 218ms. Found 51 JPA repository interfaces.
2021-06-24 15:00:00.657 [] INFO  - org.springframework.boot.web.embedded.tomcat.TomcatWebServer - Tomcat initialized with port(s): 8081 (http)
2021-06-24 15:00:00.657 [] INFO  - org.apache.catalina.core.StandardService - Starting service [Tomcat]
2021-06-24 15:00:00.657 [] INFO  - org.apache.catalina.core.StandardEngine - Starting Servlet engine: [Apache Tomcat/9.0.38]
2021-06-24 15:00:00.672 [] INFO  - org.apache.catalina.core.ContainerBase.[Tomcat].[localhost].[/] - Initializing Spring embedded WebApplicationContext
2021-06-24 15:00:00.672 [] INFO  - org.springframework.boot.web.servlet.context.ServletWebServerApplicationContext - Root WebApplicationContext: initialization completed in 702 ms
2021-06-24 15:00:00.688 [] INFO  - com.zaxxer.hikari.HikariDataSource - HikariPool-2 - Starting...
2021-06-24 15:00:11.145 [] INFO  - com.aceex.wscairu.WscairuApplication - Starting WscairuApplication on DESKTOP-QSSSMPN with PID 5076 (C:\Desenv\Spring\wscairu\target\classes started by Ivo Barbosa in C:\Desenv\Spring\wscairu)
2021-06-24 15:00:11.145 [] INFO  - com.aceex.wscairu.WscairuApplication - The following profiles are active: tst
2021-06-24 15:00:11.192 [] INFO  - org.springframework.boot.devtools.restart.ChangeableUrls - The Class-Path manifest attribute in C:\Users\Ivo Barbosa\.m2\repository\com\oracle\ojdbc\ojdbc8\19.3.0.0\ojdbc8-19.3.0.0.jar referenced one or more files that do not exist: file:/C:/Users/Ivo%20Barbosa/.m2/repository/com/oracle/ojdbc/ojdbc8/19.3.0.0/oraclepki.jar
2021-06-24 15:00:11.192 [] INFO  - org.springframework.boot.devtools.restart.ChangeableUrls - The Class-Path manifest attribute in C:\Users\Ivo Barbosa\.m2\repository\com\oracle\ojdbc\oraclepki\19.3.0.0\oraclepki-19.3.0.0.jar referenced one or more files that do not exist: file:/C:/Users/Ivo%20Barbosa/.m2/repository/com/oracle/ojdbc/oraclepki/19.3.0.0/osdt_core.jar,file:/C:/Users/Ivo%20Barbosa/.m2/repository/com/oracle/ojdbc/oraclepki/19.3.0.0/osdt_cert.jar,file:/C:/Users/Ivo%20Barbosa/.m2/repository/com/oracle/ojdbc/oraclepki/oracle.osdt/osdt_core.jar,file:/C:/Users/Ivo%20Barbosa/.m2/repository/com/oracle/ojdbc/oraclepki/oracle.osdt/osdt_cert.jar
2021-06-24 15:00:11.192 [] INFO  - org.springframework.boot.devtools.env.DevToolsPropertyDefaultsPostProcessor - Devtools property defaults active! Set 'spring.devtools.add-properties' to 'false' to disable
2021-06-24 15:00:11.192 [] INFO  - org.springframework.boot.devtools.env.DevToolsPropertyDefaultsPostProcessor - For additional web related logging consider setting the 'logging.level.web' property to 'DEBUG'
2021-06-24 15:00:11.878 [] INFO  - org.springframework.data.repository.config.RepositoryConfigurationDelegate - Bootstrapping Spring Data JPA repositories in DEFERRED mode.
2021-06-24 15:00:12.110 [] INFO  - org.springframework.data.repository.config.RepositoryConfigurationDelegate - Finished Spring Data repository scanning in 217ms. Found 51 JPA repository interfaces.
2021-06-24 15:00:12.664 [] INFO  - org.springframework.boot.web.embedded.tomcat.TomcatWebServer - Tomcat initialized with port(s): 8081 (http)
2021-06-24 15:00:12.680 [] INFO  - org.apache.catalina.core.StandardService - Starting service [Tomcat]
2021-06-24 15:00:12.680 [] INFO  - org.apache.catalina.core.StandardEngine - Starting Servlet engine: [Apache Tomcat/9.0.38]
2021-06-24 15:00:12.765 [] INFO  - org.apache.catalina.core.ContainerBase.[Tomcat].[localhost].[/] - Initializing Spring embedded WebApplicationContext
2021-06-24 15:00:12.765 [] INFO  - org.springframework.boot.web.servlet.context.ServletWebServerApplicationContext - Root WebApplicationContext: initialization completed in 1573 ms
2021-06-24 15:00:12.865 [] INFO  - com.zaxxer.hikari.HikariDataSource - HikariPool-1 - Starting...
2021-06-24 15:00:35.191 [] INFO  - org.springframework.scheduling.concurrent.ThreadPoolTaskExecutor - Initializing ExecutorService 'applicationTaskExecutor'
2021-06-24 15:00:35.256 [] INFO  - org.hibernate.jpa.internal.util.LogHelper - HHH000204: Processing PersistenceUnitInfo [name: default]
2021-06-24 15:00:35.307 [] INFO  - org.hibernate.Version - HHH000412: Hibernate ORM core version 5.4.21.Final
2021-06-24 15:00:35.434 [] INFO  - org.hibernate.annotations.common.Version - HCANN000001: Hibernate Commons Annotations {5.1.0.Final}
2021-06-24 15:00:35.531 [] INFO  - com.zaxxer.hikari.HikariDataSource - HikariPool-1 - Starting...
2021-06-24 15:00:35.571 [] INFO  - org.springframework.security.web.DefaultSecurityFilterChain - Creating filter chain: any request, [org.springframework.security.web.context.request.async.WebAsyncManagerIntegrationFilter@bfc8485, org.springframework.security.web.context.SecurityContextPersistenceFilter@1b5cb51, org.springframework.security.web.header.HeaderWriterFilter@636f8f44, org.springframework.web.filter.CorsFilter@11cb7386, org.springframework.security.web.authentication.logout.LogoutFilter@6cacb5c1, com.aceex.wscairu.security.JWTAuthenticationFilter@2ff646ad, com.aceex.wscairu.security.JWTAuthorizationFilter@5bfec6b2, org.springframework.security.web.savedrequest.RequestCacheAwareFilter@645bed24, org.springframework.security.web.servletapi.SecurityContextHolderAwareRequestFilter@38a0c318, org.springframework.security.web.authentication.AnonymousAuthenticationFilter@3449a9e4, org.springframework.security.web.session.SessionManagementFilter@27a7c27e, org.springframework.security.web.access.ExceptionTranslationFilter@45dd556d, org.springframework.security.web.access.intercept.FilterSecurityInterceptor@4508cbd1]
2021-06-24 15:00:57.618 [] INFO  - org.hibernate.dialect.Dialect - HHH000400: Using dialect: org.hibernate.dialect.InformixDialect
2021-06-24 15:00:58.743 [] INFO  - org.hibernate.engine.transaction.jta.platform.internal.JtaPlatformInitiator - HHH000490: Using JtaPlatform implementation: [org.hibernate.engine.transaction.jta.platform.internal.NoJtaPlatform]
2021-06-24 15:00:58.751 [] INFO  - org.springframework.orm.jpa.LocalContainerEntityManagerFactoryBean - Initialized JPA EntityManagerFactory for persistence unit 'default'
2021-06-24 15:00:59.040 [] INFO  - com.zaxxer.hikari.HikariDataSource - HikariPool-1 - Starting...
2021-06-24 15:01:21.117 [] INFO  - org.springframework.orm.jpa.LocalContainerEntityManagerFactoryBean - Closing JPA EntityManagerFactory for persistence unit 'default'
2021-06-24 15:01:21.120 [] INFO  - org.springframework.scheduling.concurrent.ThreadPoolTaskExecutor - Shutting down ExecutorService 'applicationTaskExecutor'
2021-06-24 15:01:21.125 [] INFO  - org.apache.catalina.core.StandardService - Stopping service [Tomcat]
2021-06-24 15:01:21.142 [] INFO  - o.s.boot.autoconfigure.logging.ConditionEvaluationReportLoggingListener - 

Error starting ApplicationContext. To display the conditions report re-run your application with 'debug' enabled.
2021-06-24 15:16:08.045 [] INFO  - com.aceex.wscairu.WscairuApplicationTests - Starting WscairuApplicationTests on DESKTOP-QSSSMPN with PID 12092 (started by Ivo Barbosa in C:\Desenv\Spring\wscairu)
2021-06-24 15:16:08.048 [] INFO  - com.aceex.wscairu.WscairuApplicationTests - The following profiles are active: tst
2021-06-24 15:16:09.724 [] INFO  - org.springframework.data.repository.config.RepositoryConfigurationDelegate - Bootstrapping Spring Data JPA repositories in DEFERRED mode.
2021-06-24 15:16:10.057 [] INFO  - org.springframework.data.repository.config.RepositoryConfigurationDelegate - Finished Spring Data repository scanning in 310ms. Found 51 JPA repository interfaces.
2021-06-24 15:16:11.320 [] INFO  - org.springframework.scheduling.concurrent.ThreadPoolTaskExecutor - Initializing ExecutorService 'applicationTaskExecutor'
2021-06-24 15:16:11.423 [] INFO  - org.hibernate.jpa.internal.util.LogHelper - HHH000204: Processing PersistenceUnitInfo [name: default]
2021-06-24 15:16:11.577 [] INFO  - org.hibernate.Version - HHH000412: Hibernate ORM core version 5.4.21.Final
2021-06-24 15:16:11.964 [] INFO  - org.hibernate.annotations.common.Version - HCANN000001: Hibernate Commons Annotations {5.1.0.Final}
2021-06-24 15:16:12.500 [] INFO  - org.springframework.security.web.DefaultSecurityFilterChain - Creating filter chain: any request, [org.springframework.security.web.context.request.async.WebAsyncManagerIntegrationFilter@2ab26378, org.springframework.security.web.context.SecurityContextPersistenceFilter@5478ce1e, org.springframework.security.web.header.HeaderWriterFilter@6015a4a5, org.springframework.web.filter.CorsFilter@f9f3928, org.springframework.security.web.authentication.logout.LogoutFilter@4b76aa5a, com.aceex.wscairu.security.JWTAuthenticationFilter@404eca05, com.aceex.wscairu.security.JWTAuthorizationFilter@58b91d57, org.springframework.security.web.savedrequest.RequestCacheAwareFilter@4317850d, org.springframework.security.web.servletapi.SecurityContextHolderAwareRequestFilter@3cad68df, org.springframework.security.web.authentication.AnonymousAuthenticationFilter@61a91c9b, org.springframework.security.web.session.SessionManagementFilter@4779aae6, org.springframework.security.web.access.ExceptionTranslationFilter@672a1c62, org.springframework.security.web.access.intercept.FilterSecurityInterceptor@52b06bef]
2021-06-24 15:16:12.611 [] INFO  - com.zaxxer.hikari.HikariDataSource - HikariPool-1 - Starting...
2021-06-24 15:16:34.844 [] INFO  - org.hibernate.dialect.Dialect - HHH000400: Using dialect: org.hibernate.dialect.InformixDialect
2021-06-24 15:16:36.674 [] INFO  - org.hibernate.engine.transaction.jta.platform.internal.JtaPlatformInitiator - HHH000490: Using JtaPlatform implementation: [org.hibernate.engine.transaction.jta.platform.internal.NoJtaPlatform]
2021-06-24 15:16:36.688 [] INFO  - org.springframework.orm.jpa.LocalContainerEntityManagerFactoryBean - Initialized JPA EntityManagerFactory for persistence unit 'default'
2021-06-24 15:16:37.675 [] INFO  - com.zaxxer.hikari.HikariDataSource - HikariPool-1 - Starting...
2021-06-24 15:16:59.752 [] INFO  - org.springframework.orm.jpa.LocalContainerEntityManagerFactoryBean - Closing JPA EntityManagerFactory for persistence unit 'default'
2021-06-24 15:16:59.763 [] INFO  - org.springframework.scheduling.concurrent.ThreadPoolTaskExecutor - Shutting down ExecutorService 'applicationTaskExecutor'
2021-06-24 15:16:59.775 [] INFO  - o.s.boot.autoconfigure.logging.ConditionEvaluationReportLoggingListener - 

Error starting ApplicationContext. To display the conditions report re-run your application with 'debug' enabled.
2021-06-24 15:39:59.112 [] INFO  - com.aceex.wscairu.WscairuApplicationTests - Starting WscairuApplicationTests on DESKTOP-QSSSMPN with PID 10136 (started by Ivo Barbosa in C:\Desenv\Spring\wscairu)
2021-06-24 15:39:59.128 [] INFO  - com.aceex.wscairu.WscairuApplicationTests - The following profiles are active: tst
2021-06-24 15:40:00.378 [] INFO  - org.springframework.data.repository.config.RepositoryConfigurationDelegate - Bootstrapping Spring Data JPA repositories in DEFERRED mode.
2021-06-24 15:40:00.760 [] INFO  - org.springframework.data.repository.config.RepositoryConfigurationDelegate - Finished Spring Data repository scanning in 366ms. Found 51 JPA repository interfaces.
2021-06-24 15:40:01.587 [] INFO  - org.springframework.scheduling.concurrent.ThreadPoolTaskExecutor - Initializing ExecutorService 'applicationTaskExecutor'
2021-06-24 15:40:01.687 [] INFO  - org.hibernate.jpa.internal.util.LogHelper - HHH000204: Processing PersistenceUnitInfo [name: default]
2021-06-24 15:40:01.787 [] INFO  - org.hibernate.Version - HHH000412: Hibernate ORM core version 5.4.21.Final
2021-06-24 15:40:02.034 [] INFO  - org.hibernate.annotations.common.Version - HCANN000001: Hibernate Commons Annotations {5.1.0.Final}
2021-06-24 15:40:02.587 [] INFO  - org.springframework.security.web.DefaultSecurityFilterChain - Creating filter chain: any request, [org.springframework.security.web.context.request.async.WebAsyncManagerIntegrationFilter@2ab26378, org.springframework.security.web.context.SecurityContextPersistenceFilter@5478ce1e, org.springframework.security.web.header.HeaderWriterFilter@6015a4a5, org.springframework.web.filter.CorsFilter@f9f3928, org.springframework.security.web.authentication.logout.LogoutFilter@4b76aa5a, com.aceex.wscairu.security.JWTAuthenticationFilter@404eca05, com.aceex.wscairu.security.JWTAuthorizationFilter@58b91d57, org.springframework.security.web.savedrequest.RequestCacheAwareFilter@4317850d, org.springframework.security.web.servletapi.SecurityContextHolderAwareRequestFilter@3cad68df, org.springframework.security.web.authentication.AnonymousAuthenticationFilter@61a91c9b, org.springframework.security.web.session.SessionManagementFilter@4779aae6, org.springframework.security.web.access.ExceptionTranslationFilter@672a1c62, org.springframework.security.web.access.intercept.FilterSecurityInterceptor@52b06bef]
2021-06-24 15:40:02.678 [] INFO  - com.zaxxer.hikari.HikariDataSource - HikariPool-1 - Starting...
2021-06-24 15:40:24.875 [] INFO  - org.hibernate.dialect.Dialect - HHH000400: Using dialect: org.hibernate.dialect.InformixDialect
2021-06-24 15:40:26.341 [] INFO  - org.hibernate.engine.transaction.jta.platform.internal.JtaPlatformInitiator - HHH000490: Using JtaPlatform implementation: [org.hibernate.engine.transaction.jta.platform.internal.NoJtaPlatform]
2021-06-24 15:40:26.353 [] INFO  - org.springframework.orm.jpa.LocalContainerEntityManagerFactoryBean - Initialized JPA EntityManagerFactory for persistence unit 'default'
2021-06-24 15:40:27.085 [] INFO  - com.zaxxer.hikari.HikariDataSource - HikariPool-1 - Starting...
2021-06-24 15:40:49.172 [] INFO  - org.springframework.orm.jpa.LocalContainerEntityManagerFactoryBean - Closing JPA EntityManagerFactory for persistence unit 'default'
2021-06-24 15:40:49.174 [] INFO  - org.springframework.scheduling.concurrent.ThreadPoolTaskExecutor - Shutting down ExecutorService 'applicationTaskExecutor'
2021-06-24 15:40:49.174 [] INFO  - o.s.boot.autoconfigure.logging.ConditionEvaluationReportLoggingListener - 

Error starting ApplicationContext. To display the conditions report re-run your application with 'debug' enabled.
2021-06-24 15:48:20.196 [] INFO  - com.aceex.wscairu.WscairuApplication - Starting WscairuApplication on DESKTOP-QSSSMPN with PID 3596 (C:\Desenv\Spring\wscairu\target\classes started by Ivo Barbosa in C:\Desenv\Spring\wscairu)
2021-06-24 15:48:20.199 [] INFO  - com.aceex.wscairu.WscairuApplication - The following profiles are active: sql
2021-06-24 15:48:20.256 [] INFO  - org.springframework.boot.devtools.restart.ChangeableUrls - The Class-Path manifest attribute in C:\Users\Ivo Barbosa\.m2\repository\com\oracle\ojdbc\ojdbc8\19.3.0.0\ojdbc8-19.3.0.0.jar referenced one or more files that do not exist: file:/C:/Users/Ivo%20Barbosa/.m2/repository/com/oracle/ojdbc/ojdbc8/19.3.0.0/oraclepki.jar
2021-06-24 15:48:20.256 [] INFO  - org.springframework.boot.devtools.restart.ChangeableUrls - The Class-Path manifest attribute in C:\Users\Ivo Barbosa\.m2\repository\com\oracle\ojdbc\oraclepki\19.3.0.0\oraclepki-19.3.0.0.jar referenced one or more files that do not exist: file:/C:/Users/Ivo%20Barbosa/.m2/repository/com/oracle/ojdbc/oraclepki/19.3.0.0/osdt_core.jar,file:/C:/Users/Ivo%20Barbosa/.m2/repository/com/oracle/ojdbc/oraclepki/19.3.0.0/osdt_cert.jar,file:/C:/Users/Ivo%20Barbosa/.m2/repository/com/oracle/ojdbc/oraclepki/oracle.osdt/osdt_core.jar,file:/C:/Users/Ivo%20Barbosa/.m2/repository/com/oracle/ojdbc/oraclepki/oracle.osdt/osdt_cert.jar
2021-06-24 15:48:20.256 [] INFO  - org.springframework.boot.devtools.env.DevToolsPropertyDefaultsPostProcessor - Devtools property defaults active! Set 'spring.devtools.add-properties' to 'false' to disable
2021-06-24 15:48:20.257 [] INFO  - org.springframework.boot.devtools.env.DevToolsPropertyDefaultsPostProcessor - For additional web related logging consider setting the 'logging.level.web' property to 'DEBUG'
2021-06-24 15:48:21.086 [] INFO  - org.springframework.data.repository.config.RepositoryConfigurationDelegate - Bootstrapping Spring Data JPA repositories in DEFERRED mode.
2021-06-24 15:48:21.375 [] INFO  - org.springframework.data.repository.config.RepositoryConfigurationDelegate - Finished Spring Data repository scanning in 278ms. Found 51 JPA repository interfaces.
2021-06-24 15:48:22.132 [] INFO  - org.springframework.boot.web.embedded.tomcat.TomcatWebServer - Tomcat initialized with port(s): 8082 (http)
2021-06-24 15:48:22.142 [] INFO  - org.apache.catalina.core.StandardService - Starting service [Tomcat]
2021-06-24 15:48:22.143 [] INFO  - org.apache.catalina.core.StandardEngine - Starting Servlet engine: [Apache Tomcat/9.0.38]
2021-06-24 15:48:22.258 [] INFO  - org.apache.catalina.core.ContainerBase.[Tomcat].[localhost].[/] - Initializing Spring embedded WebApplicationContext
2021-06-24 15:48:22.259 [] INFO  - org.springframework.boot.web.servlet.context.ServletWebServerApplicationContext - Root WebApplicationContext: initialization completed in 2002 ms
2021-06-24 15:48:22.363 [] INFO  - com.zaxxer.hikari.HikariDataSource - HikariPool-1 - Starting...
2021-06-24 15:48:23.381 [] INFO  - com.zaxxer.hikari.HikariDataSource - HikariPool-1 - Start completed.
2021-06-24 15:48:23.390 [] INFO  - org.springframework.boot.autoconfigure.h2.H2ConsoleAutoConfiguration - H2 console available at '/h2-console'. Database available at 'jdbc:sqlserver://SRVBD:1433;useFmtOnly=false;useBulkCopyForBatchInsert=false;cancelQueryTimeout=-1;sslProtocol=TLS;jaasConfigurationName=SQLJDBCDriver;statementPoolingCacheSize=0;serverPreparedStatementDiscardThreshold=10;enablePrepareOnFirstPreparedStatementCall=false;fips=false;socketTimeout=0;authentication=NotSpecified;authenticationScheme=nativeAuthentication;xopenStates=false;sendTimeAsDatetime=true;trustStoreType=JKS;trustServerCertificate=false;TransparentNetworkIPResolution=true;serverNameAsACE=false;sendStringParametersAsUnicode=true;selectMethod=direct;responseBuffering=adaptive;queryTimeout=-1;packetSize=8000;multiSubnetFailover=false;loginTimeout=30;lockTimeout=-1;lastUpdateCount=true;encrypt=false;disableStatementPooling=true;databaseName=logixdsv;columnEncryptionSetting=Disabled;applicationName=Microsoft JDBC Driver for SQL Server;applicationIntent=readwrite;'
2021-06-24 15:48:23.500 [] INFO  - org.springframework.scheduling.concurrent.ThreadPoolTaskExecutor - Initializing ExecutorService 'applicationTaskExecutor'
2021-06-24 15:48:23.570 [] INFO  - org.hibernate.jpa.internal.util.LogHelper - HHH000204: Processing PersistenceUnitInfo [name: default]
2021-06-24 15:48:23.624 [] INFO  - org.hibernate.Version - HHH000412: Hibernate ORM core version 5.4.21.Final
2021-06-24 15:48:23.769 [] INFO  - org.hibernate.annotations.common.Version - HCANN000001: Hibernate Commons Annotations {5.1.0.Final}
2021-06-24 15:48:23.878 [] INFO  - org.hibernate.dialect.Dialect - HHH000400: Using dialect: org.hibernate.dialect.SQLServer2012Dialect
2021-06-24 15:48:23.912 [] INFO  - org.springframework.security.web.DefaultSecurityFilterChain - Creating filter chain: any request, [org.springframework.security.web.context.request.async.WebAsyncManagerIntegrationFilter@46490680, org.springframework.security.web.context.SecurityContextPersistenceFilter@184ae881, org.springframework.security.web.header.HeaderWriterFilter@4b8637e8, org.springframework.web.filter.CorsFilter@2579ade, org.springframework.security.web.authentication.logout.LogoutFilter@63299b7d, com.aceex.wscairu.security.JWTAuthenticationFilter@6e517ebf, com.aceex.wscairu.security.JWTAuthorizationFilter@525d312b, org.springframework.security.web.savedrequest.RequestCacheAwareFilter@23ba59a0, org.springframework.security.web.servletapi.SecurityContextHolderAwareRequestFilter@2ae3f12, org.springframework.security.web.authentication.AnonymousAuthenticationFilter@5cae40e6, org.springframework.security.web.session.SessionManagementFilter@6ae1dde9, org.springframework.security.web.access.ExceptionTranslationFilter@3773eb34, org.springframework.security.web.access.intercept.FilterSecurityInterceptor@6b9616b4]
2021-06-24 15:48:25.297 [] INFO  - org.hibernate.engine.transaction.jta.platform.internal.JtaPlatformInitiator - HHH000490: Using JtaPlatform implementation: [org.hibernate.engine.transaction.jta.platform.internal.NoJtaPlatform]
2021-06-24 15:48:25.306 [] INFO  - org.springframework.orm.jpa.LocalContainerEntityManagerFactoryBean - Initialized JPA EntityManagerFactory for persistence unit 'default'
2021-06-24 15:48:26.519 [] INFO  - org.springframework.boot.devtools.autoconfigure.OptionalLiveReloadServer - LiveReload server is running on port 35729
2021-06-24 15:48:26.586 [] INFO  - org.springframework.boot.web.embedded.tomcat.TomcatWebServer - Tomcat started on port(s): 8082 (http) with context path ''
2021-06-24 15:48:26.589 [] INFO  - o.s.data.repository.config.DeferredRepositoryInitializationListener - Triggering deferred initialization of Spring Data repositories…
2021-06-24 15:48:27.554 [] INFO  - o.s.data.repository.config.DeferredRepositoryInitializationListener - Spring Data repositories initialized!
2021-06-24 15:48:27.561 [] INFO  - com.aceex.wscairu.WscairuApplication - Started WscairuApplication in 7.834 seconds (JVM running for 8.895)
2021-06-24 15:48:27.564 [] INFO  - com.aceex.wscairu.WscairuApplication - API VERSÃO 1.02
2021-06-24 15:49:15.163 [] INFO  - org.apache.catalina.core.ContainerBase.[Tomcat].[localhost].[/] - Initializing Spring DispatcherServlet 'dispatcherServlet'
2021-06-24 15:49:15.163 [] INFO  - org.springframework.web.servlet.DispatcherServlet - Initializing Servlet 'dispatcherServlet'
2021-06-24 15:49:15.168 [] INFO  - org.springframework.web.servlet.DispatcherServlet - Completed initialization in 4 ms
2021-06-24 17:24:49.036 [] INFO  - o.s.boot.admin.SpringApplicationAdminMXBeanRegistrar$SpringApplicationAdmin - Application shutdown requested.
2021-06-24 17:24:49.385 [] INFO  - org.springframework.orm.jpa.LocalContainerEntityManagerFactoryBean - Closing JPA EntityManagerFactory for persistence unit 'default'
2021-06-24 17:24:49.401 [] INFO  - org.springframework.scheduling.concurrent.ThreadPoolTaskExecutor - Shutting down ExecutorService 'applicationTaskExecutor'
2021-06-24 17:24:49.401 [] INFO  - com.zaxxer.hikari.HikariDataSource - HikariPool-1 - Shutdown initiated...
2021-06-24 17:24:49.401 [] INFO  - com.zaxxer.hikari.HikariDataSource - HikariPool-1 - Shutdown completed.
