2021-05-10 09:04:36.626 [] INFO  - com.aceex.wscairu.WscairuApplication - Starting WscairuApplication on DESKTOP-QSSSMPN with PID 11508 (C:\Desenv\Spring\wscairu\target\classes started by Ivo Barbosa in C:\Desenv\Spring\wscairu)
2021-05-10 09:04:36.630 [] INFO  - com.aceex.wscairu.WscairuApplication - The following profiles are active: sql
2021-05-10 09:04:36.698 [] INFO  - org.springframework.boot.devtools.restart.ChangeableUrls - The Class-Path manifest attribute in C:\Users\Ivo Barbosa\.m2\repository\com\oracle\ojdbc\ojdbc8\19.3.0.0\ojdbc8-19.3.0.0.jar referenced one or more files that do not exist: file:/C:/Users/Ivo%20Barbosa/.m2/repository/com/oracle/ojdbc/ojdbc8/19.3.0.0/oraclepki.jar
2021-05-10 09:04:36.699 [] INFO  - org.springframework.boot.devtools.restart.ChangeableUrls - The Class-Path manifest attribute in C:\Users\Ivo Barbosa\.m2\repository\com\oracle\ojdbc\oraclepki\19.3.0.0\oraclepki-19.3.0.0.jar referenced one or more files that do not exist: file:/C:/Users/Ivo%20Barbosa/.m2/repository/com/oracle/ojdbc/oraclepki/19.3.0.0/osdt_core.jar,file:/C:/Users/Ivo%20Barbosa/.m2/repository/com/oracle/ojdbc/oraclepki/19.3.0.0/osdt_cert.jar,file:/C:/Users/Ivo%20Barbosa/.m2/repository/com/oracle/ojdbc/oraclepki/oracle.osdt/osdt_core.jar,file:/C:/Users/Ivo%20Barbosa/.m2/repository/com/oracle/ojdbc/oraclepki/oracle.osdt/osdt_cert.jar
2021-05-10 09:04:36.703 [] INFO  - org.springframework.boot.devtools.env.DevToolsPropertyDefaultsPostProcessor - Devtools property defaults active! Set 'spring.devtools.add-properties' to 'false' to disable
2021-05-10 09:04:36.703 [] INFO  - org.springframework.boot.devtools.env.DevToolsPropertyDefaultsPostProcessor - For additional web related logging consider setting the 'logging.level.web' property to 'DEBUG'
2021-05-10 09:04:38.108 [] INFO  - org.springframework.data.repository.config.RepositoryConfigurationDelegate - Bootstrapping Spring Data JPA repositories in DEFERRED mode.
2021-05-10 09:04:38.388 [] INFO  - org.springframework.data.repository.config.RepositoryConfigurationDelegate - Finished Spring Data repository scanning in 263ms. Found 50 JPA repository interfaces.
2021-05-10 09:04:39.184 [] INFO  - org.springframework.boot.web.embedded.tomcat.TomcatWebServer - Tomcat initialized with port(s): 8081 (http)
2021-05-10 09:04:39.195 [] INFO  - org.apache.catalina.core.StandardService - Starting service [Tomcat]
2021-05-10 09:04:39.195 [] INFO  - org.apache.catalina.core.StandardEngine - Starting Servlet engine: [Apache Tomcat/9.0.38]
2021-05-10 09:04:39.329 [] INFO  - org.apache.catalina.core.ContainerBase.[Tomcat].[localhost].[/] - Initializing Spring embedded WebApplicationContext
2021-05-10 09:04:39.329 [] INFO  - org.springframework.boot.web.servlet.context.ServletWebServerApplicationContext - Root WebApplicationContext: initialization completed in 2625 ms
2021-05-10 09:04:39.636 [] INFO  - com.zaxxer.hikari.HikariDataSource - HikariPool-1 - Starting...
2021-05-10 09:04:41.731 [] INFO  - com.zaxxer.hikari.HikariDataSource - HikariPool-1 - Start completed.
2021-05-10 09:04:41.740 [] INFO  - org.springframework.boot.autoconfigure.h2.H2ConsoleAutoConfiguration - H2 console available at '/h2-console'. Database available at 'jdbc:sqlserver://SRVBD:1433;useFmtOnly=false;useBulkCopyForBatchInsert=false;cancelQueryTimeout=-1;sslProtocol=TLS;jaasConfigurationName=SQLJDBCDriver;statementPoolingCacheSize=0;serverPreparedStatementDiscardThreshold=10;enablePrepareOnFirstPreparedStatementCall=false;fips=false;socketTimeout=0;authentication=NotSpecified;authenticationScheme=nativeAuthentication;xopenStates=false;sendTimeAsDatetime=true;trustStoreType=JKS;trustServerCertificate=false;TransparentNetworkIPResolution=true;serverNameAsACE=false;sendStringParametersAsUnicode=true;selectMethod=direct;responseBuffering=adaptive;queryTimeout=-1;packetSize=8000;multiSubnetFailover=false;loginTimeout=30;lockTimeout=-1;lastUpdateCount=true;encrypt=false;disableStatementPooling=true;databaseName=logixdsv;columnEncryptionSetting=Disabled;applicationName=Microsoft JDBC Driver for SQL Server;applicationIntent=readwrite;'
2021-05-10 09:04:41.851 [] INFO  - org.springframework.scheduling.concurrent.ThreadPoolTaskExecutor - Initializing ExecutorService 'applicationTaskExecutor'
2021-05-10 09:04:41.920 [] INFO  - org.hibernate.jpa.internal.util.LogHelper - HHH000204: Processing PersistenceUnitInfo [name: default]
2021-05-10 09:04:42.018 [] INFO  - org.hibernate.Version - HHH000412: Hibernate ORM core version 5.4.21.Final
2021-05-10 09:04:42.215 [] INFO  - org.hibernate.annotations.common.Version - HCANN000001: Hibernate Commons Annotations {5.1.0.Final}
2021-05-10 09:04:42.353 [] INFO  - org.springframework.security.web.DefaultSecurityFilterChain - Creating filter chain: any request, [org.springframework.security.web.context.request.async.WebAsyncManagerIntegrationFilter@2fa76082, org.springframework.security.web.context.SecurityContextPersistenceFilter@efdf5c7, org.springframework.security.web.header.HeaderWriterFilter@1b9ea205, org.springframework.web.filter.CorsFilter@1fc42419, org.springframework.security.web.authentication.logout.LogoutFilter@4552a01c, com.aceex.wscairu.security.JWTAuthenticationFilter@8976340, com.aceex.wscairu.security.JWTAuthorizationFilter@6b03df2f, org.springframework.security.web.savedrequest.RequestCacheAwareFilter@75ac4e6c, org.springframework.security.web.servletapi.SecurityContextHolderAwareRequestFilter@2580bba7, org.springframework.security.web.authentication.AnonymousAuthenticationFilter@7f3411bd, org.springframework.security.web.session.SessionManagementFilter@f7ce397, org.springframework.security.web.access.ExceptionTranslationFilter@19d84efc, org.springframework.security.web.access.intercept.FilterSecurityInterceptor@6a715df1]
2021-05-10 09:04:42.565 [] INFO  - org.hibernate.dialect.Dialect - HHH000400: Using dialect: org.hibernate.dialect.SQLServer2012Dialect
2021-05-10 09:04:45.791 [] INFO  - org.hibernate.engine.transaction.jta.platform.internal.JtaPlatformInitiator - HHH000490: Using JtaPlatform implementation: [org.hibernate.engine.transaction.jta.platform.internal.NoJtaPlatform]
2021-05-10 09:04:45.800 [] INFO  - org.springframework.orm.jpa.LocalContainerEntityManagerFactoryBean - Initialized JPA EntityManagerFactory for persistence unit 'default'
2021-05-10 09:04:50.424 [] INFO  - org.springframework.boot.devtools.autoconfigure.OptionalLiveReloadServer - LiveReload server is running on port 35729
2021-05-10 09:04:50.492 [] INFO  - org.springframework.boot.web.embedded.tomcat.TomcatWebServer - Tomcat started on port(s): 8081 (http) with context path ''
2021-05-10 09:04:50.494 [] INFO  - o.s.data.repository.config.DeferredRepositoryInitializationListener - Triggering deferred initialization of Spring Data repositories…
2021-05-10 09:04:51.353 [] INFO  - o.s.data.repository.config.DeferredRepositoryInitializationListener - Spring Data repositories initialized!
2021-05-10 09:04:51.364 [] INFO  - com.aceex.wscairu.WscairuApplication - Started WscairuApplication in 15.332 seconds (JVM running for 16.505)
2021-05-10 09:04:51.366 [] INFO  - com.aceex.wscairu.WscairuApplication - API VERSÃO 1.00
2021-05-10 09:17:43.076 [] INFO  - org.apache.catalina.core.ContainerBase.[Tomcat].[localhost].[/] - Initializing Spring DispatcherServlet 'dispatcherServlet'
2021-05-10 09:17:43.076 [] INFO  - org.springframework.web.servlet.DispatcherServlet - Initializing Servlet 'dispatcherServlet'
2021-05-10 09:17:43.082 [] INFO  - org.springframework.web.servlet.DispatcherServlet - Completed initialization in 6 ms
2021-05-10 09:18:14.094 [] INFO  - com.aceex.wscairu.service.EmpresaService - Consulta de empresas
2021-05-10 09:34:39.556 [] INFO  - com.aceex.wscairu.service.EmpresaService - Consulta de empresas
2021-05-10 09:39:26.824 [] INFO  - com.aceex.wscairu.service.EmpresaService - Consulta de empresas
2021-05-10 09:43:02.694 [] INFO  - com.aceex.wscairu.service.EmpresaService - Consulta de empresas
2021-05-10 09:44:12.690 [] INFO  - com.aceex.wscairu.service.EmpresaService - Consulta de empresas
2021-05-10 14:55:54.609 [] INFO  - o.s.boot.admin.SpringApplicationAdminMXBeanRegistrar$SpringApplicationAdmin - Application shutdown requested.
2021-05-10 14:55:54.947 [] INFO  - org.springframework.orm.jpa.LocalContainerEntityManagerFactoryBean - Closing JPA EntityManagerFactory for persistence unit 'default'
2021-05-10 14:55:54.947 [] INFO  - org.springframework.scheduling.concurrent.ThreadPoolTaskExecutor - Shutting down ExecutorService 'applicationTaskExecutor'
2021-05-10 14:55:54.963 [] INFO  - com.zaxxer.hikari.HikariDataSource - HikariPool-1 - Shutdown initiated...
